{"C:\\Users\\user\\Documents\\BESTIESAPP\\functions\\core\\analytics\\dailyAnalyticsAggregation.js": {"path":"C:\\Users\\user\\Documents\\BESTIESAPP\\functions\\core\\analytics\\dailyAnalyticsAggregation.js","statementMap":{"0":{"start":{"line":1,"column":18},"end":{"line":1,"column":47}},"1":{"start":{"line":2,"column":14},"end":{"line":2,"column":39}},"2":{"start":{"line":4,"column":11},"end":{"line":4,"column":28}},"3":{"start":{"line":6,"column":0},"end":{"line":38,"column":5}},"4":{"start":{"line":9,"column":22},"end":{"line":9,"column":32}},"5":{"start":{"line":10,"column":4},"end":{"line":10,"column":47}},"6":{"start":{"line":11,"column":4},"end":{"line":11,"column":35}},"7":{"start":{"line":13,"column":18},"end":{"line":13,"column":28}},"8":{"start":{"line":14,"column":4},"end":{"line":14,"column":31}},"9":{"start":{"line":16,"column":29},"end":{"line":20,"column":12}},"10":{"start":{"line":22,"column":18},"end":{"line":27,"column":5}},"11":{"start":{"line":29,"column":4},"end":{"line":33,"column":7}},"12":{"start":{"line":30,"column":19},"end":{"line":30,"column":29}},"13":{"start":{"line":31,"column":6},"end":{"line":31,"column":65}},"14":{"start":{"line":31,"column":39},"end":{"line":31,"column":65}},"15":{"start":{"line":32,"column":6},"end":{"line":32,"column":61}},"16":{"start":{"line":32,"column":37},"end":{"line":32,"column":61}},"17":{"start":{"line":35,"column":4},"end":{"line":35,"column":50}},"18":{"start":{"line":37,"column":4},"end":{"line":37,"column":16}}},"fnMap":{"0":{"name":"(anonymous_0)","decl":{"start":{"line":8,"column":9},"end":{"line":8,"column":10}},"loc":{"start":{"line":8,"column":28},"end":{"line":38,"column":3}},"line":8},"1":{"name":"(anonymous_1)","decl":{"start":{"line":29,"column":29},"end":{"line":29,"column":30}},"loc":{"start":{"line":29,"column":36},"end":{"line":33,"column":5}},"line":29}},"branchMap":{"0":{"loc":{"start":{"line":31,"column":6},"end":{"line":31,"column":65}},"type":"if","locations":[{"start":{"line":31,"column":6},"end":{"line":31,"column":65}},{"start":{},"end":{}}],"line":31},"1":{"loc":{"start":{"line":32,"column":6},"end":{"line":32,"column":61}},"type":"if","locations":[{"start":{"line":32,"column":6},"end":{"line":32,"column":61}},{"start":{},"end":{}}],"line":32}},"s":{"0":1,"1":1,"2":1,"3":1,"4":3,"5":3,"6":3,"7":3,"8":3,"9":3,"10":0,"11":0,"12":0,"13":0,"14":0,"15":0,"16":0,"17":0,"18":0},"f":{"0":3,"1":0},"b":{"0":[0,0],"1":[0,0]},"_coverageSchema":"1a1c01bbd47fc00a2c39e90264f33305004495a9","hash":"4d3cc8ec78908674714baf9f4ec03fa0bfb661ea"}
,"C:\\Users\\user\\Documents\\BESTIESAPP\\functions\\core\\analytics\\generateMilestones.js": {"path":"C:\\Users\\user\\Documents\\BESTIESAPP\\functions\\core\\analytics\\generateMilestones.js","statementMap":{"0":{"start":{"line":1,"column":18},"end":{"line":1,"column":47}},"1":{"start":{"line":2,"column":14},"end":{"line":2,"column":39}},"2":{"start":{"line":4,"column":11},"end":{"line":4,"column":28}},"3":{"start":{"line":7,"column":0},"end":{"line":195,"column":5}},"4":{"start":{"line":11,"column":4},"end":{"line":11,"column":65}},"5":{"start":{"line":13,"column":28},"end":{"line":13,"column":29}},"6":{"start":{"line":15,"column":4},"end":{"line":194,"column":5}},"7":{"start":{"line":17,"column":30},"end":{"line":19,"column":14}},"8":{"start":{"line":21,"column":6},"end":{"line":21,"column":100}},"9":{"start":{"line":23,"column":6},"end":{"line":124,"column":7}},"10":{"start":{"line":24,"column":27},"end":{"line":24,"column":43}},"11":{"start":{"line":25,"column":24},"end":{"line":25,"column":46}},"12":{"start":{"line":26,"column":24},"end":{"line":26,"column":46}},"13":{"start":{"line":29,"column":8},"end":{"line":65,"column":9}},"14":{"start":{"line":30,"column":31},"end":{"line":32,"column":11}},"15":{"start":{"line":34,"column":29},"end":{"line":34,"column":46}},"16":{"start":{"line":35,"column":10},"end":{"line":64,"column":11}},"17":{"start":{"line":37,"column":29},"end":{"line":37,"column":76}},"18":{"start":{"line":38,"column":29},"end":{"line":38,"column":76}},"19":{"start":{"line":40,"column":12},"end":{"line":63,"column":13}},"20":{"start":{"line":41,"column":14},"end":{"line":49,"column":17}},"21":{"start":{"line":51,"column":14},"end":{"line":59,"column":17}},"22":{"start":{"line":61,"column":14},"end":{"line":61,"column":37}},"23":{"start":{"line":62,"column":14},"end":{"line":62,"column":106}},"24":{"start":{"line":68,"column":32},"end":{"line":73,"column":16}},"25":{"start":{"line":75,"column":32},"end":{"line":80,"column":16}},"26":{"start":{"line":82,"column":28},"end":{"line":82,"column":103}},"27":{"start":{"line":83,"column":34},"end":{"line":83,"column":49}},"28":{"start":{"line":85,"column":8},"end":{"line":123,"column":9}},"29":{"start":{"line":87,"column":27},"end":{"line":92,"column":18}},"30":{"start":{"line":94,"column":10},"end":{"line":122,"column":11}},"31":{"start":{"line":95,"column":29},"end":{"line":95,"column":76}},"32":{"start":{"line":96,"column":29},"end":{"line":96,"column":76}},"33":{"start":{"line":98,"column":12},"end":{"line":121,"column":13}},"34":{"start":{"line":99,"column":14},"end":{"line":107,"column":17}},"35":{"start":{"line":109,"column":14},"end":{"line":117,"column":17}},"36":{"start":{"line":119,"column":14},"end":{"line":119,"column":37}},"37":{"start":{"line":120,"column":14},"end":{"line":120,"column":110}},"38":{"start":{"line":128,"column":25},"end":{"line":128,"column":29}},"39":{"start":{"line":129,"column":20},"end":{"line":129,"column":24}},"40":{"start":{"line":131,"column":6},"end":{"line":183,"column":7}},"41":{"start":{"line":132,"column":25},"end":{"line":132,"column":65}},"42":{"start":{"line":133,"column":8},"end":{"line":135,"column":9}},"43":{"start":{"line":134,"column":10},"end":{"line":134,"column":54}},"44":{"start":{"line":137,"column":30},"end":{"line":137,"column":52}},"45":{"start":{"line":139,"column":8},"end":{"line":141,"column":9}},"46":{"start":{"line":140,"column":10},"end":{"line":140,"column":16}},"47":{"start":{"line":143,"column":8},"end":{"line":175,"column":9}},"48":{"start":{"line":144,"column":25},"end":{"line":144,"column":35}},"49":{"start":{"line":146,"column":33},"end":{"line":149,"column":18}},"50":{"start":{"line":151,"column":32},"end":{"line":151,"column":65}},"51":{"start":{"line":152,"column":37},"end":{"line":152,"column":52}},"52":{"start":{"line":154,"column":10},"end":{"line":174,"column":11}},"53":{"start":{"line":156,"column":29},"end":{"line":160,"column":20}},"54":{"start":{"line":162,"column":12},"end":{"line":173,"column":13}},"55":{"start":{"line":163,"column":14},"end":{"line":169,"column":17}},"56":{"start":{"line":171,"column":14},"end":{"line":171,"column":34}},"57":{"start":{"line":172,"column":14},"end":{"line":172,"column":105}},"58":{"start":{"line":177,"column":8},"end":{"line":177,"column":68}},"59":{"start":{"line":180,"column":8},"end":{"line":182,"column":9}},"60":{"start":{"line":181,"column":10},"end":{"line":181,"column":16}},"61":{"start":{"line":185,"column":6},"end":{"line":185,"column":105}},"62":{"start":{"line":187,"column":6},"end":{"line":190,"column":8}},"63":{"start":{"line":192,"column":6},"end":{"line":192,"column":68}},"64":{"start":{"line":193,"column":6},"end":{"line":193,"column":54}}},"fnMap":{"0":{"name":"(anonymous_0)","decl":{"start":{"line":10,"column":9},"end":{"line":10,"column":10}},"loc":{"start":{"line":10,"column":28},"end":{"line":195,"column":3}},"line":10}},"branchMap":{"0":{"loc":{"start":{"line":29,"column":8},"end":{"line":65,"column":9}},"type":"if","locations":[{"start":{"line":29,"column":8},"end":{"line":65,"column":9}},{"start":{},"end":{}}],"line":29},"1":{"loc":{"start":{"line":35,"column":10},"end":{"line":64,"column":11}},"type":"if","locations":[{"start":{"line":35,"column":10},"end":{"line":64,"column":11}},{"start":{},"end":{}}],"line":35},"2":{"loc":{"start":{"line":40,"column":12},"end":{"line":63,"column":13}},"type":"if","locations":[{"start":{"line":40,"column":12},"end":{"line":63,"column":13}},{"start":{},"end":{}}],"line":40},"3":{"loc":{"start":{"line":40,"column":16},"end":{"line":40,"column":50}},"type":"binary-expr","locations":[{"start":{"line":40,"column":16},"end":{"line":40,"column":31}},{"start":{"line":40,"column":35},"end":{"line":40,"column":50}}],"line":40},"4":{"loc":{"start":{"line":82,"column":29},"end":{"line":82,"column":63}},"type":"binary-expr","locations":[{"start":{"line":82,"column":29},"end":{"line":82,"column":58}},{"start":{"line":82,"column":62},"end":{"line":82,"column":63}}],"line":82},"5":{"loc":{"start":{"line":82,"column":68},"end":{"line":82,"column":102}},"type":"binary-expr","locations":[{"start":{"line":82,"column":68},"end":{"line":82,"column":97}},{"start":{"line":82,"column":101},"end":{"line":82,"column":102}}],"line":82},"6":{"loc":{"start":{"line":85,"column":8},"end":{"line":123,"column":9}},"type":"if","locations":[{"start":{"line":85,"column":8},"end":{"line":123,"column":9}},{"start":{},"end":{}}],"line":85},"7":{"loc":{"start":{"line":94,"column":10},"end":{"line":122,"column":11}},"type":"if","locations":[{"start":{"line":94,"column":10},"end":{"line":122,"column":11}},{"start":{},"end":{}}],"line":94},"8":{"loc":{"start":{"line":98,"column":12},"end":{"line":121,"column":13}},"type":"if","locations":[{"start":{"line":98,"column":12},"end":{"line":121,"column":13}},{"start":{},"end":{}}],"line":98},"9":{"loc":{"start":{"line":98,"column":16},"end":{"line":98,"column":50}},"type":"binary-expr","locations":[{"start":{"line":98,"column":16},"end":{"line":98,"column":31}},{"start":{"line":98,"column":35},"end":{"line":98,"column":50}}],"line":98},"10":{"loc":{"start":{"line":133,"column":8},"end":{"line":135,"column":9}},"type":"if","locations":[{"start":{"line":133,"column":8},"end":{"line":135,"column":9}},{"start":{},"end":{}}],"line":133},"11":{"loc":{"start":{"line":139,"column":8},"end":{"line":141,"column":9}},"type":"if","locations":[{"start":{"line":139,"column":8},"end":{"line":141,"column":9}},{"start":{},"end":{}}],"line":139},"12":{"loc":{"start":{"line":151,"column":32},"end":{"line":151,"column":65}},"type":"binary-expr","locations":[{"start":{"line":151,"column":32},"end":{"line":151,"column":60}},{"start":{"line":151,"column":64},"end":{"line":151,"column":65}}],"line":151},"13":{"loc":{"start":{"line":154,"column":10},"end":{"line":174,"column":11}},"type":"if","locations":[{"start":{"line":154,"column":10},"end":{"line":174,"column":11}},{"start":{},"end":{}}],"line":154},"14":{"loc":{"start":{"line":162,"column":12},"end":{"line":173,"column":13}},"type":"if","locations":[{"start":{"line":162,"column":12},"end":{"line":173,"column":13}},{"start":{},"end":{}}],"line":162},"15":{"loc":{"start":{"line":180,"column":8},"end":{"line":182,"column":9}},"type":"if","locations":[{"start":{"line":180,"column":8},"end":{"line":182,"column":9}},{"start":{},"end":{}}],"line":180}},"s":{"0":1,"1":1,"2":1,"3":1,"4":0,"5":0,"6":0,"7":0,"8":0,"9":0,"10":0,"11":0,"12":0,"13":0,"14":0,"15":0,"16":0,"17":0,"18":0,"19":0,"20":0,"21":0,"22":0,"23":0,"24":0,"25":0,"26":0,"27":0,"28":0,"29":0,"30":0,"31":0,"32":0,"33":0,"34":0,"35":0,"36":0,"37":0,"38":0,"39":0,"40":0,"41":0,"42":0,"43":0,"44":0,"45":0,"46":0,"47":0,"48":0,"49":0,"50":0,"51":0,"52":0,"53":0,"54":0,"55":0,"56":0,"57":0,"58":0,"59":0,"60":0,"61":0,"62":0,"63":0,"64":0},"f":{"0":0},"b":{"0":[0,0],"1":[0,0],"2":[0,0],"3":[0,0],"4":[0,0],"5":[0,0],"6":[0,0],"7":[0,0],"8":[0,0],"9":[0,0],"10":[0,0],"11":[0,0],"12":[0,0],"13":[0,0],"14":[0,0],"15":[0,0]},"_coverageSchema":"1a1c01bbd47fc00a2c39e90264f33305004495a9","hash":"867a9c7237b16b0daaf80c7f3bdf15f46cbe6e66"}
,"C:\\Users\\user\\Documents\\BESTIESAPP\\functions\\core\\analytics\\rebuildAnalyticsCache.js": {"path":"C:\\Users\\user\\Documents\\BESTIESAPP\\functions\\core\\analytics\\rebuildAnalyticsCache.js","statementMap":{"0":{"start":{"line":1,"column":18},"end":{"line":1,"column":47}},"1":{"start":{"line":2,"column":14},"end":{"line":2,"column":39}},"2":{"start":{"line":4,"column":11},"end":{"line":4,"column":28}},"3":{"start":{"line":11,"column":0},"end":{"line":131,"column":3}},"4":{"start":{"line":13,"column":2},"end":{"line":15,"column":3}},"5":{"start":{"line":14,"column":4},"end":{"line":14,"column":81}},"6":{"start":{"line":18,"column":18},"end":{"line":18,"column":74}},"7":{"start":{"line":19,"column":2},"end":{"line":21,"column":3}},"8":{"start":{"line":20,"column":4},"end":{"line":20,"column":87}},"9":{"start":{"line":23,"column":2},"end":{"line":23,"column":74}},"10":{"start":{"line":25,"column":2},"end":{"line":130,"column":3}},"11":{"start":{"line":27,"column":23},"end":{"line":27,"column":65}},"12":{"start":{"line":28,"column":23},"end":{"line":28,"column":52}},"13":{"start":{"line":31,"column":100},"end":{"line":36,"column":6}},"14":{"start":{"line":39,"column":75},"end":{"line":43,"column":6}},"15":{"start":{"line":47,"column":23},"end":{"line":47,"column":27}},"16":{"start":{"line":48,"column":18},"end":{"line":48,"column":22}},"17":{"start":{"line":49,"column":25},"end":{"line":49,"column":26}},"18":{"start":{"line":50,"column":23},"end":{"line":50,"column":24}},"19":{"start":{"line":51,"column":25},"end":{"line":51,"column":26}},"20":{"start":{"line":53,"column":4},"end":{"line":78,"column":5}},"21":{"start":{"line":54,"column":23},"end":{"line":54,"column":63}},"22":{"start":{"line":55,"column":6},"end":{"line":57,"column":7}},"23":{"start":{"line":56,"column":8},"end":{"line":56,"column":52}},"24":{"start":{"line":59,"column":28},"end":{"line":59,"column":50}},"25":{"start":{"line":61,"column":6},"end":{"line":63,"column":7}},"26":{"start":{"line":62,"column":8},"end":{"line":62,"column":14}},"27":{"start":{"line":65,"column":6},"end":{"line":70,"column":9}},"28":{"start":{"line":66,"column":21},"end":{"line":66,"column":31}},"29":{"start":{"line":67,"column":8},"end":{"line":67,"column":59}},"30":{"start":{"line":67,"column":42},"end":{"line":67,"column":59}},"31":{"start":{"line":68,"column":8},"end":{"line":68,"column":57}},"32":{"start":{"line":68,"column":42},"end":{"line":68,"column":57}},"33":{"start":{"line":69,"column":8},"end":{"line":69,"column":96}},"34":{"start":{"line":69,"column":46},"end":{"line":69,"column":96}},"35":{"start":{"line":72,"column":6},"end":{"line":72,"column":66}},"36":{"start":{"line":75,"column":6},"end":{"line":77,"column":7}},"37":{"start":{"line":76,"column":8},"end":{"line":76,"column":14}},"38":{"start":{"line":81,"column":42},"end":{"line":84,"column":6}},"39":{"start":{"line":87,"column":22},"end":{"line":115,"column":5}},"40":{"start":{"line":118,"column":4},"end":{"line":118,"column":74}},"41":{"start":{"line":120,"column":4},"end":{"line":120,"column":83}},"42":{"start":{"line":122,"column":4},"end":{"line":126,"column":6}},"43":{"start":{"line":128,"column":4},"end":{"line":128,"column":73}},"44":{"start":{"line":129,"column":4},"end":{"line":129,"column":98}}},"fnMap":{"0":{"name":"(anonymous_0)","decl":{"start":{"line":11,"column":55},"end":{"line":11,"column":56}},"loc":{"start":{"line":11,"column":80},"end":{"line":131,"column":1}},"line":11},"1":{"name":"(anonymous_1)","decl":{"start":{"line":65,"column":28},"end":{"line":65,"column":29}},"loc":{"start":{"line":65,"column":35},"end":{"line":70,"column":7}},"line":65}},"branchMap":{"0":{"loc":{"start":{"line":13,"column":2},"end":{"line":15,"column":3}},"type":"if","locations":[{"start":{"line":13,"column":2},"end":{"line":15,"column":3}},{"start":{},"end":{}}],"line":13},"1":{"loc":{"start":{"line":19,"column":2},"end":{"line":21,"column":3}},"type":"if","locations":[{"start":{"line":19,"column":2},"end":{"line":21,"column":3}},{"start":{},"end":{}}],"line":19},"2":{"loc":{"start":{"line":19,"column":6},"end":{"line":19,"column":48}},"type":"binary-expr","locations":[{"start":{"line":19,"column":6},"end":{"line":19,"column":21}},{"start":{"line":19,"column":25},"end":{"line":19,"column":48}}],"line":19},"3":{"loc":{"start":{"line":28,"column":23},"end":{"line":28,"column":52}},"type":"binary-expr","locations":[{"start":{"line":28,"column":23},"end":{"line":28,"column":47}},{"start":{"line":28,"column":51},"end":{"line":28,"column":52}}],"line":28},"4":{"loc":{"start":{"line":55,"column":6},"end":{"line":57,"column":7}},"type":"if","locations":[{"start":{"line":55,"column":6},"end":{"line":57,"column":7}},{"start":{},"end":{}}],"line":55},"5":{"loc":{"start":{"line":61,"column":6},"end":{"line":63,"column":7}},"type":"if","locations":[{"start":{"line":61,"column":6},"end":{"line":63,"column":7}},{"start":{},"end":{}}],"line":61},"6":{"loc":{"start":{"line":67,"column":8},"end":{"line":67,"column":59}},"type":"if","locations":[{"start":{"line":67,"column":8},"end":{"line":67,"column":59}},{"start":{},"end":{}}],"line":67},"7":{"loc":{"start":{"line":68,"column":8},"end":{"line":68,"column":57}},"type":"if","locations":[{"start":{"line":68,"column":8},"end":{"line":68,"column":57}},{"start":{},"end":{}}],"line":68},"8":{"loc":{"start":{"line":69,"column":8},"end":{"line":69,"column":96}},"type":"if","locations":[{"start":{"line":69,"column":8},"end":{"line":69,"column":96}},{"start":{},"end":{}}],"line":69},"9":{"loc":{"start":{"line":75,"column":6},"end":{"line":77,"column":7}},"type":"if","locations":[{"start":{"line":75,"column":6},"end":{"line":77,"column":7}},{"start":{},"end":{}}],"line":75},"10":{"loc":{"start":{"line":92,"column":21},"end":{"line":92,"column":58}},"type":"binary-expr","locations":[{"start":{"line":92,"column":21},"end":{"line":92,"column":53}},{"start":{"line":92,"column":57},"end":{"line":92,"column":58}}],"line":92},"11":{"loc":{"start":{"line":93,"column":22},"end":{"line":93,"column":60}},"type":"binary-expr","locations":[{"start":{"line":93,"column":22},"end":{"line":93,"column":55}},{"start":{"line":93,"column":59},"end":{"line":93,"column":60}}],"line":93},"12":{"loc":{"start":{"line":94,"column":25},"end":{"line":94,"column":66}},"type":"binary-expr","locations":[{"start":{"line":94,"column":25},"end":{"line":94,"column":61}},{"start":{"line":94,"column":65},"end":{"line":94,"column":66}}],"line":94},"13":{"loc":{"start":{"line":95,"column":23},"end":{"line":95,"column":62}},"type":"binary-expr","locations":[{"start":{"line":95,"column":23},"end":{"line":95,"column":57}},{"start":{"line":95,"column":61},"end":{"line":95,"column":62}}],"line":95},"14":{"loc":{"start":{"line":98,"column":20},"end":{"line":98,"column":56}},"type":"binary-expr","locations":[{"start":{"line":98,"column":20},"end":{"line":98,"column":51}},{"start":{"line":98,"column":55},"end":{"line":98,"column":56}}],"line":98},"15":{"loc":{"start":{"line":99,"column":22},"end":{"line":99,"column":60}},"type":"binary-expr","locations":[{"start":{"line":99,"column":22},"end":{"line":99,"column":55}},{"start":{"line":99,"column":59},"end":{"line":99,"column":60}}],"line":99},"16":{"loc":{"start":{"line":100,"column":23},"end":{"line":100,"column":62}},"type":"binary-expr","locations":[{"start":{"line":100,"column":23},"end":{"line":100,"column":57}},{"start":{"line":100,"column":61},"end":{"line":100,"column":62}}],"line":100},"17":{"loc":{"start":{"line":108,"column":22},"end":{"line":108,"column":55}},"type":"binary-expr","locations":[{"start":{"line":108,"column":22},"end":{"line":108,"column":50}},{"start":{"line":108,"column":54},"end":{"line":108,"column":55}}],"line":108},"18":{"loc":{"start":{"line":109,"column":19},"end":{"line":109,"column":49}},"type":"binary-expr","locations":[{"start":{"line":109,"column":19},"end":{"line":109,"column":44}},{"start":{"line":109,"column":48},"end":{"line":109,"column":49}}],"line":109}},"s":{"0":1,"1":1,"2":1,"3":1,"4":2,"5":0,"6":2,"7":0,"8":0,"9":0,"10":0,"11":0,"12":0,"13":0,"14":0,"15":0,"16":0,"17":0,"18":0,"19":0,"20":0,"21":0,"22":0,"23":0,"24":0,"25":0,"26":0,"27":0,"28":0,"29":0,"30":0,"31":0,"32":0,"33":0,"34":0,"35":0,"36":0,"37":0,"38":0,"39":0,"40":0,"41":0,"42":0,"43":0,"44":0},"f":{"0":2,"1":0},"b":{"0":[0,2],"1":[0,0],"2":[0,0],"3":[0,0],"4":[0,0],"5":[0,0],"6":[0,0],"7":[0,0],"8":[0,0],"9":[0,0],"10":[0,0],"11":[0,0],"12":[0,0],"13":[0,0],"14":[0,0],"15":[0,0],"16":[0,0],"17":[0,0],"18":[0,0]},"_coverageSchema":"1a1c01bbd47fc00a2c39e90264f33305004495a9","hash":"866e1aeee863de201ba026b7d0c45013b3b8b482"}
,"C:\\Users\\user\\Documents\\BESTIESAPP\\functions\\core\\analytics\\updateDailyStreaks.js": {"path":"C:\\Users\\user\\Documents\\BESTIESAPP\\functions\\core\\analytics\\updateDailyStreaks.js","statementMap":{"0":{"start":{"line":1,"column":18},"end":{"line":1,"column":47}},"1":{"start":{"line":2,"column":14},"end":{"line":2,"column":39}},"2":{"start":{"line":4,"column":11},"end":{"line":4,"column":28}},"3":{"start":{"line":7,"column":0},"end":{"line":112,"column":5}},"4":{"start":{"line":11,"column":4},"end":{"line":11,"column":64}},"5":{"start":{"line":13,"column":16},"end":{"line":13,"column":26}},"6":{"start":{"line":14,"column":22},"end":{"line":14,"column":35}},"7":{"start":{"line":15,"column":4},"end":{"line":15,"column":47}},"8":{"start":{"line":16,"column":4},"end":{"line":16,"column":35}},"9":{"start":{"line":18,"column":25},"end":{"line":18,"column":44}},"10":{"start":{"line":19,"column":4},"end":{"line":19,"column":43}},"11":{"start":{"line":22,"column":23},"end":{"line":22,"column":27}},"12":{"start":{"line":23,"column":18},"end":{"line":23,"column":22}},"13":{"start":{"line":24,"column":27},"end":{"line":24,"column":29}},"14":{"start":{"line":26,"column":4},"end":{"line":106,"column":5}},"15":{"start":{"line":27,"column":23},"end":{"line":27,"column":63}},"16":{"start":{"line":28,"column":6},"end":{"line":30,"column":7}},"17":{"start":{"line":29,"column":8},"end":{"line":29,"column":52}},"18":{"start":{"line":32,"column":28},"end":{"line":32,"column":50}},"19":{"start":{"line":34,"column":6},"end":{"line":36,"column":7}},"20":{"start":{"line":35,"column":8},"end":{"line":35,"column":14}},"21":{"start":{"line":38,"column":34},"end":{"line":38,"column":36}},"22":{"start":{"line":40,"column":6},"end":{"line":95,"column":7}},"23":{"start":{"line":41,"column":23},"end":{"line":41,"column":37}},"24":{"start":{"line":42,"column":21},"end":{"line":42,"column":31}},"25":{"start":{"line":43,"column":25},"end":{"line":43,"column":54}},"26":{"start":{"line":45,"column":6},"end":{"line":48,"column":7}},"27":{"start":{"line":47,"column":8},"end":{"line":47,"column":17}},"28":{"start":{"line":50,"column":28},"end":{"line":50,"column":62}},"29":{"start":{"line":51,"column":28},"end":{"line":51,"column":62}},"30":{"start":{"line":52,"column":25},"end":{"line":52,"column":56}},"31":{"start":{"line":55,"column":33},"end":{"line":55,"column":86}},"32":{"start":{"line":57,"column":22},"end":{"line":57,"column":35}},"33":{"start":{"line":58,"column":29},"end":{"line":58,"column":42}},"34":{"start":{"line":59,"column":26},"end":{"line":59,"column":36}},"35":{"start":{"line":61,"column":6},"end":{"line":79,"column":7}},"36":{"start":{"line":63,"column":8},"end":{"line":63,"column":38}},"37":{"start":{"line":64,"column":8},"end":{"line":64,"column":39}},"38":{"start":{"line":67,"column":8},"end":{"line":69,"column":9}},"39":{"start":{"line":68,"column":10},"end":{"line":68,"column":39}},"40":{"start":{"line":72,"column":32},"end":{"line":72,"column":86}},"41":{"start":{"line":74,"column":8},"end":{"line":77,"column":9}},"42":{"start":{"line":76,"column":10},"end":{"line":76,"column":24}},"43":{"start":{"line":82,"column":6},"end":{"line":94,"column":7}},"44":{"start":{"line":87,"column":8},"end":{"line":93,"column":10}},"45":{"start":{"line":98,"column":6},"end":{"line":98,"column":50}},"46":{"start":{"line":100,"column":6},"end":{"line":100,"column":66}},"47":{"start":{"line":103,"column":6},"end":{"line":105,"column":7}},"48":{"start":{"line":104,"column":8},"end":{"line":104,"column":14}},"49":{"start":{"line":108,"column":4},"end":{"line":108,"column":38}},"50":{"start":{"line":110,"column":4},"end":{"line":110,"column":82}},"51":{"start":{"line":111,"column":4},"end":{"line":111,"column":16}}},"fnMap":{"0":{"name":"(anonymous_0)","decl":{"start":{"line":10,"column":9},"end":{"line":10,"column":10}},"loc":{"start":{"line":10,"column":28},"end":{"line":112,"column":3}},"line":10}},"branchMap":{"0":{"loc":{"start":{"line":28,"column":6},"end":{"line":30,"column":7}},"type":"if","locations":[{"start":{"line":28,"column":6},"end":{"line":30,"column":7}},{"start":{},"end":{}}],"line":28},"1":{"loc":{"start":{"line":34,"column":6},"end":{"line":36,"column":7}},"type":"if","locations":[{"start":{"line":34,"column":6},"end":{"line":36,"column":7}},{"start":{},"end":{}}],"line":34},"2":{"loc":{"start":{"line":45,"column":6},"end":{"line":48,"column":7}},"type":"if","locations":[{"start":{"line":45,"column":6},"end":{"line":48,"column":7}},{"start":{},"end":{}}],"line":45},"3":{"loc":{"start":{"line":50,"column":28},"end":{"line":50,"column":62}},"type":"binary-expr","locations":[{"start":{"line":50,"column":28},"end":{"line":50,"column":57}},{"start":{"line":50,"column":61},"end":{"line":50,"column":62}}],"line":50},"4":{"loc":{"start":{"line":51,"column":28},"end":{"line":51,"column":62}},"type":"binary-expr","locations":[{"start":{"line":51,"column":28},"end":{"line":51,"column":57}},{"start":{"line":51,"column":61},"end":{"line":51,"column":62}}],"line":51},"5":{"loc":{"start":{"line":52,"column":25},"end":{"line":52,"column":56}},"type":"binary-expr","locations":[{"start":{"line":52,"column":25},"end":{"line":52,"column":51}},{"start":{"line":52,"column":55},"end":{"line":52,"column":56}}],"line":52},"6":{"loc":{"start":{"line":55,"column":33},"end":{"line":55,"column":86}},"type":"binary-expr","locations":[{"start":{"line":55,"column":33},"end":{"line":55,"column":56}},{"start":{"line":55,"column":60},"end":{"line":55,"column":86}}],"line":55},"7":{"loc":{"start":{"line":61,"column":6},"end":{"line":79,"column":7}},"type":"if","locations":[{"start":{"line":61,"column":6},"end":{"line":79,"column":7}},{"start":{"line":70,"column":13},"end":{"line":79,"column":7}}],"line":61},"8":{"loc":{"start":{"line":67,"column":8},"end":{"line":69,"column":9}},"type":"if","locations":[{"start":{"line":67,"column":8},"end":{"line":69,"column":9}},{"start":{},"end":{}}],"line":67},"9":{"loc":{"start":{"line":74,"column":8},"end":{"line":77,"column":9}},"type":"if","locations":[{"start":{"line":74,"column":8},"end":{"line":77,"column":9}},{"start":{},"end":{}}],"line":74},"10":{"loc":{"start":{"line":82,"column":6},"end":{"line":94,"column":7}},"type":"if","locations":[{"start":{"line":82,"column":6},"end":{"line":94,"column":7}},{"start":{},"end":{}}],"line":82},"11":{"loc":{"start":{"line":83,"column":8},"end":{"line":85,"column":36}},"type":"binary-expr","locations":[{"start":{"line":83,"column":8},"end":{"line":83,"column":35}},{"start":{"line":84,"column":8},"end":{"line":84,"column":42}},{"start":{"line":85,"column":8},"end":{"line":85,"column":36}}],"line":83},"12":{"loc":{"start":{"line":103,"column":6},"end":{"line":105,"column":7}},"type":"if","locations":[{"start":{"line":103,"column":6},"end":{"line":105,"column":7}},{"start":{},"end":{}}],"line":103}},"s":{"0":1,"1":1,"2":1,"3":1,"4":0,"5":0,"6":0,"7":0,"8":0,"9":0,"10":0,"11":0,"12":0,"13":0,"14":0,"15":0,"16":0,"17":0,"18":0,"19":0,"20":0,"21":0,"22":0,"23":0,"24":0,"25":0,"26":0,"27":0,"28":0,"29":0,"30":0,"31":0,"32":0,"33":0,"34":0,"35":0,"36":0,"37":0,"38":0,"39":0,"40":0,"41":0,"42":0,"43":0,"44":0,"45":0,"46":0,"47":0,"48":0,"49":0,"50":0,"51":0},"f":{"0":0},"b":{"0":[0,0],"1":[0,0],"2":[0,0],"3":[0,0],"4":[0,0],"5":[0,0],"6":[0,0],"7":[0,0],"8":[0,0],"9":[0,0],"10":[0,0],"11":[0,0,0],"12":[0,0]},"_coverageSchema":"1a1c01bbd47fc00a2c39e90264f33305004495a9","hash":"87895af0158812ca0e0158d698ccc95cea3b4a7d"}
,"C:\\Users\\user\\Documents\\BESTIESAPP\\functions\\core\\badges\\onBadgeEarned.js": {"path":"C:\\Users\\user\\Documents\\BESTIESAPP\\functions\\core\\badges\\onBadgeEarned.js","statementMap":{"0":{"start":{"line":1,"column":18},"end":{"line":1,"column":47}},"1":{"start":{"line":2,"column":14},"end":{"line":2,"column":39}},"2":{"start":{"line":4,"column":11},"end":{"line":4,"column":28}},"3":{"start":{"line":7,"column":0},"end":{"line":101,"column":5}},"4":{"start":{"line":10,"column":23},"end":{"line":10,"column":43}},"5":{"start":{"line":11,"column":22},"end":{"line":11,"column":41}},"6":{"start":{"line":12,"column":19},"end":{"line":12,"column":40}},"7":{"start":{"line":15,"column":25},"end":{"line":15,"column":49}},"8":{"start":{"line":16,"column":24},"end":{"line":16,"column":47}},"9":{"start":{"line":19,"column":29},"end":{"line":19,"column":96}},"10":{"start":{"line":19,"column":51},"end":{"line":19,"column":95}},"11":{"start":{"line":20,"column":28},"end":{"line":20,"column":94}},"12":{"start":{"line":20,"column":49},"end":{"line":20,"column":93}},"13":{"start":{"line":23,"column":22},"end":{"line":23,"column":88}},"14":{"start":{"line":23,"column":54},"end":{"line":23,"column":87}},"15":{"start":{"line":26,"column":4},"end":{"line":28,"column":5}},"16":{"start":{"line":27,"column":6},"end":{"line":27,"column":18}},"17":{"start":{"line":30,"column":4},"end":{"line":100,"column":5}},"18":{"start":{"line":32,"column":22},"end":{"line":32,"column":68}},"19":{"start":{"line":34,"column":6},"end":{"line":37,"column":7}},"20":{"start":{"line":35,"column":8},"end":{"line":35,"column":81}},"21":{"start":{"line":36,"column":8},"end":{"line":36,"column":20}},"22":{"start":{"line":39,"column":23},"end":{"line":39,"column":37}},"23":{"start":{"line":42,"column":6},"end":{"line":91,"column":7}},"24":{"start":{"line":44,"column":29},"end":{"line":47,"column":10}},"25":{"start":{"line":45,"column":23},"end":{"line":45,"column":67}},"26":{"start":{"line":46,"column":10},"end":{"line":46,"column":36}},"27":{"start":{"line":49,"column":26},"end":{"line":51,"column":65}},"28":{"start":{"line":53,"column":26},"end":{"line":55,"column":16}},"29":{"start":{"line":57,"column":8},"end":{"line":69,"column":11}},"30":{"start":{"line":72,"column":8},"end":{"line":90,"column":9}},"31":{"start":{"line":73,"column":10},"end":{"line":89,"column":11}},"32":{"start":{"line":74,"column":12},"end":{"line":85,"column":15}},"33":{"start":{"line":87,"column":12},"end":{"line":87,"column":106}},"34":{"start":{"line":93,"column":6},"end":{"line":93,"column":100}},"35":{"start":{"line":94,"column":6},"end":{"line":94,"column":42}},"36":{"start":{"line":97,"column":6},"end":{"line":97,"column":96}},"37":{"start":{"line":99,"column":6},"end":{"line":99,"column":18}}},"fnMap":{"0":{"name":"(anonymous_0)","decl":{"start":{"line":9,"column":12},"end":{"line":9,"column":13}},"loc":{"start":{"line":9,"column":39},"end":{"line":101,"column":3}},"line":9},"1":{"name":"(anonymous_1)","decl":{"start":{"line":19,"column":46},"end":{"line":19,"column":47}},"loc":{"start":{"line":19,"column":51},"end":{"line":19,"column":95}},"line":19},"2":{"name":"(anonymous_2)","decl":{"start":{"line":20,"column":44},"end":{"line":20,"column":45}},"loc":{"start":{"line":20,"column":49},"end":{"line":20,"column":93}},"line":20},"3":{"name":"(anonymous_3)","decl":{"start":{"line":23,"column":45},"end":{"line":23,"column":46}},"loc":{"start":{"line":23,"column":54},"end":{"line":23,"column":87}},"line":23},"4":{"name":"(anonymous_4)","decl":{"start":{"line":44,"column":46},"end":{"line":44,"column":47}},"loc":{"start":{"line":44,"column":51},"end":{"line":47,"column":9}},"line":44}},"branchMap":{"0":{"loc":{"start":{"line":15,"column":25},"end":{"line":15,"column":49}},"type":"binary-expr","locations":[{"start":{"line":15,"column":25},"end":{"line":15,"column":43}},{"start":{"line":15,"column":47},"end":{"line":15,"column":49}}],"line":15},"1":{"loc":{"start":{"line":16,"column":24},"end":{"line":16,"column":47}},"type":"binary-expr","locations":[{"start":{"line":16,"column":24},"end":{"line":16,"column":41}},{"start":{"line":16,"column":45},"end":{"line":16,"column":47}}],"line":16},"2":{"loc":{"start":{"line":19,"column":51},"end":{"line":19,"column":95}},"type":"cond-expr","locations":[{"start":{"line":19,"column":75},"end":{"line":19,"column":76}},{"start":{"line":19,"column":79},"end":{"line":19,"column":95}}],"line":19},"3":{"loc":{"start":{"line":19,"column":79},"end":{"line":19,"column":95}},"type":"binary-expr","locations":[{"start":{"line":19,"column":79},"end":{"line":19,"column":85}},{"start":{"line":19,"column":89},"end":{"line":19,"column":95}}],"line":19},"4":{"loc":{"start":{"line":20,"column":49},"end":{"line":20,"column":93}},"type":"cond-expr","locations":[{"start":{"line":20,"column":73},"end":{"line":20,"column":74}},{"start":{"line":20,"column":77},"end":{"line":20,"column":93}}],"line":20},"5":{"loc":{"start":{"line":20,"column":77},"end":{"line":20,"column":93}},"type":"binary-expr","locations":[{"start":{"line":20,"column":77},"end":{"line":20,"column":83}},{"start":{"line":20,"column":87},"end":{"line":20,"column":93}}],"line":20},"6":{"loc":{"start":{"line":26,"column":4},"end":{"line":28,"column":5}},"type":"if","locations":[{"start":{"line":26,"column":4},"end":{"line":28,"column":5}},{"start":{},"end":{}}],"line":26},"7":{"loc":{"start":{"line":34,"column":6},"end":{"line":37,"column":7}},"type":"if","locations":[{"start":{"line":34,"column":6},"end":{"line":37,"column":7}},{"start":{},"end":{}}],"line":34},"8":{"loc":{"start":{"line":45,"column":23},"end":{"line":45,"column":67}},"type":"cond-expr","locations":[{"start":{"line":45,"column":47},"end":{"line":45,"column":48}},{"start":{"line":45,"column":51},"end":{"line":45,"column":67}}],"line":45},"9":{"loc":{"start":{"line":45,"column":51},"end":{"line":45,"column":67}},"type":"binary-expr","locations":[{"start":{"line":45,"column":51},"end":{"line":45,"column":57}},{"start":{"line":45,"column":61},"end":{"line":45,"column":67}}],"line":45},"10":{"loc":{"start":{"line":49,"column":26},"end":{"line":51,"column":65}},"type":"cond-expr","locations":[{"start":{"line":50,"column":12},"end":{"line":50,"column":21}},{"start":{"line":51,"column":12},"end":{"line":51,"column":65}}],"line":49},"11":{"loc":{"start":{"line":51,"column":12},"end":{"line":51,"column":65}},"type":"binary-expr","locations":[{"start":{"line":51,"column":12},"end":{"line":51,"column":30}},{"start":{"line":51,"column":34},"end":{"line":51,"column":52}},{"start":{"line":51,"column":56},"end":{"line":51,"column":65}}],"line":51},"12":{"loc":{"start":{"line":53,"column":26},"end":{"line":55,"column":16}},"type":"cond-expr","locations":[{"start":{"line":54,"column":12},"end":{"line":54,"column":29}},{"start":{"line":55,"column":12},"end":{"line":55,"column":16}}],"line":53},"13":{"loc":{"start":{"line":53,"column":26},"end":{"line":53,"column":80}},"type":"binary-expr","locations":[{"start":{"line":53,"column":26},"end":{"line":53,"column":58}},{"start":{"line":53,"column":62},"end":{"line":53,"column":80}}],"line":53},"14":{"loc":{"start":{"line":72,"column":8},"end":{"line":90,"column":9}},"type":"if","locations":[{"start":{"line":72,"column":8},"end":{"line":90,"column":9}},{"start":{},"end":{}}],"line":72},"15":{"loc":{"start":{"line":72,"column":12},"end":{"line":72,"column":72}},"type":"binary-expr","locations":[{"start":{"line":72,"column":12},"end":{"line":72,"column":29}},{"start":{"line":72,"column":33},"end":{"line":72,"column":72}}],"line":72}},"s":{"0":1,"1":1,"2":1,"3":1,"4":8,"5":0,"6":0,"7":0,"8":0,"9":0,"10":0,"11":0,"12":0,"13":0,"14":0,"15":0,"16":0,"17":0,"18":0,"19":0,"20":0,"21":0,"22":0,"23":0,"24":0,"25":0,"26":0,"27":0,"28":0,"29":0,"30":0,"31":0,"32":0,"33":0,"34":0,"35":0,"36":0,"37":0},"f":{"0":8,"1":0,"2":0,"3":0,"4":0},"b":{"0":[0,0],"1":[0,0],"2":[0,0],"3":[0,0],"4":[0,0],"5":[0,0],"6":[0,0],"7":[0,0],"8":[0,0],"9":[0,0],"10":[0,0],"11":[0,0,0],"12":[0,0],"13":[0,0],"14":[0,0],"15":[0,0]},"_coverageSchema":"1a1c01bbd47fc00a2c39e90264f33305004495a9","hash":"29df6ec21c699dd8065f82f78814eb1309a7e538"}
,"C:\\Users\\user\\Documents\\BESTIESAPP\\functions\\core\\besties\\acceptBestieRequest.js": {"path":"C:\\Users\\user\\Documents\\BESTIESAPP\\functions\\core\\besties\\acceptBestieRequest.js","statementMap":{"0":{"start":{"line":1,"column":18},"end":{"line":1,"column":47}},"1":{"start":{"line":2,"column":14},"end":{"line":2,"column":39}},"2":{"start":{"line":3,"column":36},"end":{"line":3,"column":69}},"3":{"start":{"line":4,"column":33},"end":{"line":4,"column":69}},"4":{"start":{"line":5,"column":19},"end":{"line":5,"column":51}},"5":{"start":{"line":7,"column":11},"end":{"line":7,"column":28}},"6":{"start":{"line":9,"column":0},"end":{"line":88,"column":3}},"7":{"start":{"line":10,"column":17},"end":{"line":10,"column":37}},"8":{"start":{"line":11,"column":23},"end":{"line":11,"column":27}},"9":{"start":{"line":14,"column":2},"end":{"line":14,"column":36}},"10":{"start":{"line":16,"column":20},"end":{"line":16,"column":58}},"11":{"start":{"line":17,"column":17},"end":{"line":17,"column":38}},"12":{"start":{"line":19,"column":2},"end":{"line":21,"column":3}},"13":{"start":{"line":20,"column":4},"end":{"line":20,"column":81}},"14":{"start":{"line":23,"column":21},"end":{"line":23,"column":34}},"15":{"start":{"line":26,"column":2},"end":{"line":28,"column":3}},"16":{"start":{"line":27,"column":4},"end":{"line":27,"column":73}},"17":{"start":{"line":31,"column":2},"end":{"line":46,"column":5}},"18":{"start":{"line":33,"column":27},"end":{"line":33,"column":59}},"19":{"start":{"line":34,"column":30},"end":{"line":34,"column":51}},"20":{"start":{"line":37,"column":4},"end":{"line":39,"column":5}},"21":{"start":{"line":38,"column":6},"end":{"line":38,"column":13}},"22":{"start":{"line":42,"column":4},"end":{"line":45,"column":7}},"23":{"start":{"line":52,"column":2},"end":{"line":85,"column":3}},"24":{"start":{"line":53,"column":27},"end":{"line":53,"column":89}},"25":{"start":{"line":54,"column":24},"end":{"line":54,"column":70}},"26":{"start":{"line":56,"column":4},"end":{"line":82,"column":5}},"27":{"start":{"line":57,"column":28},"end":{"line":57,"column":47}},"28":{"start":{"line":58,"column":27},"end":{"line":58,"column":105}},"29":{"start":{"line":61,"column":6},"end":{"line":68,"column":9}},"30":{"start":{"line":71,"column":6},"end":{"line":81,"column":7}},"31":{"start":{"line":72,"column":8},"end":{"line":80,"column":10}},"32":{"start":{"line":84,"column":4},"end":{"line":84,"column":86}},"33":{"start":{"line":87,"column":2},"end":{"line":87,"column":27}}},"fnMap":{"0":{"name":"(anonymous_0)","decl":{"start":{"line":9,"column":53},"end":{"line":9,"column":54}},"loc":{"start":{"line":9,"column":78},"end":{"line":88,"column":1}},"line":9},"1":{"name":"(anonymous_1)","decl":{"start":{"line":31,"column":26},"end":{"line":31,"column":27}},"loc":{"start":{"line":31,"column":49},"end":{"line":46,"column":3}},"line":31}},"branchMap":{"0":{"loc":{"start":{"line":19,"column":2},"end":{"line":21,"column":3}},"type":"if","locations":[{"start":{"line":19,"column":2},"end":{"line":21,"column":3}},{"start":{},"end":{}}],"line":19},"1":{"loc":{"start":{"line":19,"column":6},"end":{"line":19,"column":60}},"type":"binary-expr","locations":[{"start":{"line":19,"column":6},"end":{"line":19,"column":20}},{"start":{"line":19,"column":24},"end":{"line":19,"column":60}}],"line":19},"2":{"loc":{"start":{"line":26,"column":2},"end":{"line":28,"column":3}},"type":"if","locations":[{"start":{"line":26,"column":2},"end":{"line":28,"column":3}},{"start":{},"end":{}}],"line":26},"3":{"loc":{"start":{"line":37,"column":4},"end":{"line":39,"column":5}},"type":"if","locations":[{"start":{"line":37,"column":4},"end":{"line":39,"column":5}},{"start":{},"end":{}}],"line":37},"4":{"loc":{"start":{"line":56,"column":4},"end":{"line":82,"column":5}},"type":"if","locations":[{"start":{"line":56,"column":4},"end":{"line":82,"column":5}},{"start":{},"end":{}}],"line":56},"5":{"loc":{"start":{"line":58,"column":27},"end":{"line":58,"column":105}},"type":"cond-expr","locations":[{"start":{"line":58,"column":49},"end":{"line":58,"column":92}},{"start":{"line":58,"column":96},"end":{"line":58,"column":105}}],"line":58},"6":{"loc":{"start":{"line":58,"column":49},"end":{"line":58,"column":92}},"type":"binary-expr","locations":[{"start":{"line":58,"column":49},"end":{"line":58,"column":79}},{"start":{"line":58,"column":83},"end":{"line":58,"column":92}}],"line":58},"7":{"loc":{"start":{"line":71,"column":6},"end":{"line":81,"column":7}},"type":"if","locations":[{"start":{"line":71,"column":6},"end":{"line":81,"column":7}},{"start":{},"end":{}}],"line":71},"8":{"loc":{"start":{"line":71,"column":10},"end":{"line":71,"column":70}},"type":"binary-expr","locations":[{"start":{"line":71,"column":10},"end":{"line":71,"column":44}},{"start":{"line":71,"column":48},"end":{"line":71,"column":70}}],"line":71}},"s":{"0":1,"1":1,"2":1,"3":1,"4":1,"5":1,"6":1,"7":14,"8":13,"9":13,"10":11,"11":11,"12":0,"13":0,"14":0,"15":0,"16":0,"17":0,"18":0,"19":0,"20":0,"21":0,"22":0,"23":0,"24":0,"25":0,"26":0,"27":0,"28":0,"29":0,"30":0,"31":0,"32":0,"33":0},"f":{"0":14,"1":0},"b":{"0":[0,0],"1":[0,0],"2":[0,0],"3":[0,0],"4":[0,0],"5":[0,0],"6":[0,0],"7":[0,0],"8":[0,0]},"_coverageSchema":"1a1c01bbd47fc00a2c39e90264f33305004495a9","hash":"fc45d342c234e9a0ecc591f12cf364d2715e78d3"}
,"C:\\Users\\user\\Documents\\BESTIESAPP\\functions\\core\\besties\\declineBestieRequest.js": {"path":"C:\\Users\\user\\Documents\\BESTIESAPP\\functions\\core\\besties\\declineBestieRequest.js","statementMap":{"0":{"start":{"line":1,"column":18},"end":{"line":1,"column":47}},"1":{"start":{"line":2,"column":14},"end":{"line":2,"column":39}},"2":{"start":{"line":4,"column":11},"end":{"line":4,"column":28}},"3":{"start":{"line":6,"column":0},"end":{"line":38,"column":3}},"4":{"start":{"line":7,"column":2},"end":{"line":9,"column":3}},"5":{"start":{"line":8,"column":4},"end":{"line":8,"column":81}},"6":{"start":{"line":11,"column":23},"end":{"line":11,"column":27}},"7":{"start":{"line":14,"column":2},"end":{"line":16,"column":3}},"8":{"start":{"line":15,"column":4},"end":{"line":15,"column":82}},"9":{"start":{"line":18,"column":20},"end":{"line":18,"column":58}},"10":{"start":{"line":19,"column":17},"end":{"line":19,"column":38}},"11":{"start":{"line":21,"column":2},"end":{"line":23,"column":3}},"12":{"start":{"line":22,"column":4},"end":{"line":22,"column":81}},"13":{"start":{"line":25,"column":21},"end":{"line":25,"column":34}},"14":{"start":{"line":28,"column":2},"end":{"line":30,"column":3}},"15":{"start":{"line":29,"column":4},"end":{"line":29,"column":73}},"16":{"start":{"line":32,"column":2},"end":{"line":35,"column":5}},"17":{"start":{"line":37,"column":2},"end":{"line":37,"column":27}}},"fnMap":{"0":{"name":"(anonymous_0)","decl":{"start":{"line":6,"column":54},"end":{"line":6,"column":55}},"loc":{"start":{"line":6,"column":79},"end":{"line":38,"column":1}},"line":6}},"branchMap":{"0":{"loc":{"start":{"line":7,"column":2},"end":{"line":9,"column":3}},"type":"if","locations":[{"start":{"line":7,"column":2},"end":{"line":9,"column":3}},{"start":{},"end":{}}],"line":7},"1":{"loc":{"start":{"line":14,"column":2},"end":{"line":16,"column":3}},"type":"if","locations":[{"start":{"line":14,"column":2},"end":{"line":16,"column":3}},{"start":{},"end":{}}],"line":14},"2":{"loc":{"start":{"line":14,"column":6},"end":{"line":14,"column":72}},"type":"binary-expr","locations":[{"start":{"line":14,"column":6},"end":{"line":14,"column":15}},{"start":{"line":14,"column":19},"end":{"line":14,"column":47}},{"start":{"line":14,"column":51},"end":{"line":14,"column":72}}],"line":14},"3":{"loc":{"start":{"line":21,"column":2},"end":{"line":23,"column":3}},"type":"if","locations":[{"start":{"line":21,"column":2},"end":{"line":23,"column":3}},{"start":{},"end":{}}],"line":21},"4":{"loc":{"start":{"line":21,"column":6},"end":{"line":21,"column":70}},"type":"binary-expr","locations":[{"start":{"line":21,"column":6},"end":{"line":21,"column":20}},{"start":{"line":21,"column":24},"end":{"line":21,"column":70}}],"line":21},"5":{"loc":{"start":{"line":28,"column":2},"end":{"line":30,"column":3}},"type":"if","locations":[{"start":{"line":28,"column":2},"end":{"line":30,"column":3}},{"start":{},"end":{}}],"line":28}},"s":{"0":1,"1":1,"2":1,"3":1,"4":8,"5":1,"6":7,"7":7,"8":2,"9":5,"10":5,"11":0,"12":0,"13":0,"14":0,"15":0,"16":0,"17":0},"f":{"0":8},"b":{"0":[1,7],"1":[2,5],"2":[7,6,6],"3":[0,0],"4":[0,0],"5":[0,0]},"_coverageSchema":"1a1c01bbd47fc00a2c39e90264f33305004495a9","hash":"0a7c6638c274e4d68b21f9f0846f6d03b9699cbd"}
,"C:\\Users\\user\\Documents\\BESTIESAPP\\functions\\core\\besties\\onBestieCountUpdate.js": {"path":"C:\\Users\\user\\Documents\\BESTIESAPP\\functions\\core\\besties\\onBestieCountUpdate.js","statementMap":{"0":{"start":{"line":1,"column":18},"end":{"line":1,"column":47}},"1":{"start":{"line":2,"column":14},"end":{"line":2,"column":39}},"2":{"start":{"line":4,"column":11},"end":{"line":4,"column":28}},"3":{"start":{"line":8,"column":17},"end":{"line":12,"column":10}},"4":{"start":{"line":14,"column":17},"end":{"line":18,"column":10}},"5":{"start":{"line":20,"column":16},"end":{"line":20,"column":73}},"6":{"start":{"line":21,"column":20},"end":{"line":21,"column":55}},"7":{"start":{"line":22,"column":20},"end":{"line":22,"column":41}},"8":{"start":{"line":23,"column":17},"end":{"line":23,"column":70}},"9":{"start":{"line":25,"column":2},"end":{"line":25,"column":82}},"10":{"start":{"line":25,"column":54},"end":{"line":25,"column":82}},"11":{"start":{"line":26,"column":2},"end":{"line":26,"column":84}},"12":{"start":{"line":26,"column":55},"end":{"line":26,"column":84}},"13":{"start":{"line":27,"column":2},"end":{"line":27,"column":87}},"14":{"start":{"line":27,"column":57},"end":{"line":27,"column":87}},"15":{"start":{"line":29,"column":2},"end":{"line":33,"column":3}},"16":{"start":{"line":30,"column":4},"end":{"line":30,"column":39}},"17":{"start":{"line":32,"column":4},"end":{"line":32,"column":88}},"18":{"start":{"line":36,"column":0},"end":{"line":82,"column":5}},"19":{"start":{"line":39,"column":20},"end":{"line":39,"column":39}},"20":{"start":{"line":40,"column":20},"end":{"line":40,"column":40}},"21":{"start":{"line":41,"column":21},"end":{"line":41,"column":69}},"22":{"start":{"line":43,"column":4},"end":{"line":71,"column":5}},"23":{"start":{"line":45,"column":6},"end":{"line":47,"column":9}},"24":{"start":{"line":48,"column":6},"end":{"line":50,"column":9}},"25":{"start":{"line":53,"column":6},"end":{"line":56,"column":9}},"26":{"start":{"line":57,"column":6},"end":{"line":60,"column":9}},"27":{"start":{"line":63,"column":6},"end":{"line":67,"column":26}},"28":{"start":{"line":69,"column":6},"end":{"line":69,"column":50}},"29":{"start":{"line":70,"column":6},"end":{"line":70,"column":50}},"30":{"start":{"line":74,"column":4},"end":{"line":81,"column":5}},"31":{"start":{"line":76,"column":6},"end":{"line":80,"column":26}}},"fnMap":{"0":{"name":"awardBestieBadge","decl":{"start":{"line":7,"column":15},"end":{"line":7,"column":31}},"loc":{"start":{"line":7,"column":40},"end":{"line":34,"column":1}},"line":7},"1":{"name":"(anonymous_1)","decl":{"start":{"line":38,"column":12},"end":{"line":38,"column":13}},"loc":{"start":{"line":38,"column":39},"end":{"line":82,"column":3}},"line":38}},"branchMap":{"0":{"loc":{"start":{"line":20,"column":17},"end":{"line":20,"column":42}},"type":"binary-expr","locations":[{"start":{"line":20,"column":17},"end":{"line":20,"column":37}},{"start":{"line":20,"column":41},"end":{"line":20,"column":42}}],"line":20},"1":{"loc":{"start":{"line":20,"column":47},"end":{"line":20,"column":72}},"type":"binary-expr","locations":[{"start":{"line":20,"column":47},"end":{"line":20,"column":67}},{"start":{"line":20,"column":71},"end":{"line":20,"column":72}}],"line":20},"2":{"loc":{"start":{"line":23,"column":17},"end":{"line":23,"column":70}},"type":"cond-expr","locations":[{"start":{"line":23,"column":36},"end":{"line":23,"column":65}},{"start":{"line":23,"column":68},"end":{"line":23,"column":70}}],"line":23},"3":{"loc":{"start":{"line":23,"column":36},"end":{"line":23,"column":65}},"type":"binary-expr","locations":[{"start":{"line":23,"column":36},"end":{"line":23,"column":59}},{"start":{"line":23,"column":63},"end":{"line":23,"column":65}}],"line":23},"4":{"loc":{"start":{"line":25,"column":2},"end":{"line":25,"column":82}},"type":"if","locations":[{"start":{"line":25,"column":2},"end":{"line":25,"column":82}},{"start":{},"end":{}}],"line":25},"5":{"loc":{"start":{"line":25,"column":6},"end":{"line":25,"column":52}},"type":"binary-expr","locations":[{"start":{"line":25,"column":6},"end":{"line":25,"column":16}},{"start":{"line":25,"column":20},"end":{"line":25,"column":52}}],"line":25},"6":{"loc":{"start":{"line":26,"column":2},"end":{"line":26,"column":84}},"type":"if","locations":[{"start":{"line":26,"column":2},"end":{"line":26,"column":84}},{"start":{},"end":{}}],"line":26},"7":{"loc":{"start":{"line":26,"column":6},"end":{"line":26,"column":53}},"type":"binary-expr","locations":[{"start":{"line":26,"column":6},"end":{"line":26,"column":16}},{"start":{"line":26,"column":20},"end":{"line":26,"column":53}}],"line":26},"8":{"loc":{"start":{"line":27,"column":2},"end":{"line":27,"column":87}},"type":"if","locations":[{"start":{"line":27,"column":2},"end":{"line":27,"column":87}},{"start":{},"end":{}}],"line":27},"9":{"loc":{"start":{"line":27,"column":6},"end":{"line":27,"column":55}},"type":"binary-expr","locations":[{"start":{"line":27,"column":6},"end":{"line":27,"column":17}},{"start":{"line":27,"column":21},"end":{"line":27,"column":55}}],"line":27},"10":{"loc":{"start":{"line":29,"column":2},"end":{"line":33,"column":3}},"type":"if","locations":[{"start":{"line":29,"column":2},"end":{"line":33,"column":3}},{"start":{"line":31,"column":9},"end":{"line":33,"column":3}}],"line":29},"11":{"loc":{"start":{"line":43,"column":4},"end":{"line":71,"column":5}},"type":"if","locations":[{"start":{"line":43,"column":4},"end":{"line":71,"column":5}},{"start":{},"end":{}}],"line":43},"12":{"loc":{"start":{"line":43,"column":8},"end":{"line":43,"column":70}},"type":"binary-expr","locations":[{"start":{"line":43,"column":8},"end":{"line":43,"column":37}},{"start":{"line":43,"column":41},"end":{"line":43,"column":70}}],"line":43},"13":{"loc":{"start":{"line":74,"column":4},"end":{"line":81,"column":5}},"type":"if","locations":[{"start":{"line":74,"column":4},"end":{"line":81,"column":5}},{"start":{},"end":{}}],"line":74},"14":{"loc":{"start":{"line":74,"column":8},"end":{"line":75,"column":36}},"type":"binary-expr","locations":[{"start":{"line":74,"column":9},"end":{"line":74,"column":38}},{"start":{"line":74,"column":42},"end":{"line":74,"column":72}},{"start":{"line":75,"column":8},"end":{"line":75,"column":36}}],"line":74}},"s":{"0":1,"1":1,"2":1,"3":0,"4":0,"5":0,"6":0,"7":0,"8":0,"9":0,"10":0,"11":0,"12":0,"13":0,"14":0,"15":0,"16":0,"17":0,"18":1,"19":4,"20":0,"21":0,"22":0,"23":0,"24":0,"25":0,"26":0,"27":0,"28":0,"29":0,"30":0,"31":0},"f":{"0":0,"1":4},"b":{"0":[0,0],"1":[0,0],"2":[0,0],"3":[0,0],"4":[0,0],"5":[0,0],"6":[0,0],"7":[0,0],"8":[0,0],"9":[0,0],"10":[0,0],"11":[0,0],"12":[0,0],"13":[0,0],"14":[0,0,0]},"_coverageSchema":"1a1c01bbd47fc00a2c39e90264f33305004495a9","hash":"936497ae1854451f2cec0a10309c00fc8d363b70"}
,"C:\\Users\\user\\Documents\\BESTIESAPP\\functions\\core\\besties\\onBestieCreated.js": {"path":"C:\\Users\\user\\Documents\\BESTIESAPP\\functions\\core\\besties\\onBestieCreated.js","statementMap":{"0":{"start":{"line":1,"column":18},"end":{"line":1,"column":47}},"1":{"start":{"line":2,"column":14},"end":{"line":2,"column":39}},"2":{"start":{"line":3,"column":19},"end":{"line":3,"column":51}},"3":{"start":{"line":5,"column":11},"end":{"line":5,"column":28}},"4":{"start":{"line":9,"column":17},"end":{"line":13,"column":10}},"5":{"start":{"line":15,"column":17},"end":{"line":19,"column":10}},"6":{"start":{"line":21,"column":16},"end":{"line":21,"column":73}},"7":{"start":{"line":22,"column":20},"end":{"line":22,"column":55}},"8":{"start":{"line":23,"column":20},"end":{"line":23,"column":41}},"9":{"start":{"line":24,"column":17},"end":{"line":24,"column":70}},"10":{"start":{"line":26,"column":2},"end":{"line":26,"column":82}},"11":{"start":{"line":26,"column":54},"end":{"line":26,"column":82}},"12":{"start":{"line":27,"column":2},"end":{"line":27,"column":84}},"13":{"start":{"line":27,"column":55},"end":{"line":27,"column":84}},"14":{"start":{"line":28,"column":2},"end":{"line":28,"column":87}},"15":{"start":{"line":28,"column":57},"end":{"line":28,"column":87}},"16":{"start":{"line":30,"column":2},"end":{"line":34,"column":3}},"17":{"start":{"line":31,"column":4},"end":{"line":31,"column":39}},"18":{"start":{"line":33,"column":4},"end":{"line":33,"column":88}},"19":{"start":{"line":38,"column":0},"end":{"line":131,"column":5}},"20":{"start":{"line":41,"column":19},"end":{"line":41,"column":30}},"21":{"start":{"line":42,"column":21},"end":{"line":42,"column":69}},"22":{"start":{"line":45,"column":4},"end":{"line":50,"column":24}},"23":{"start":{"line":53,"column":4},"end":{"line":130,"column":5}},"24":{"start":{"line":55,"column":6},"end":{"line":57,"column":9}},"25":{"start":{"line":58,"column":6},"end":{"line":60,"column":9}},"26":{"start":{"line":64,"column":6},"end":{"line":67,"column":9}},"27":{"start":{"line":68,"column":6},"end":{"line":71,"column":9}},"28":{"start":{"line":74,"column":6},"end":{"line":78,"column":26}},"29":{"start":{"line":81,"column":6},"end":{"line":81,"column":49}},"30":{"start":{"line":82,"column":6},"end":{"line":82,"column":49}},"31":{"start":{"line":83,"column":11},"end":{"line":130,"column":5}},"32":{"start":{"line":85,"column":6},"end":{"line":89,"column":26}},"33":{"start":{"line":92,"column":6},"end":{"line":129,"column":7}},"34":{"start":{"line":93,"column":29},"end":{"line":93,"column":87}},"35":{"start":{"line":94,"column":8},"end":{"line":126,"column":9}},"36":{"start":{"line":95,"column":32},"end":{"line":95,"column":51}},"37":{"start":{"line":96,"column":32},"end":{"line":96,"column":65}},"38":{"start":{"line":99,"column":10},"end":{"line":106,"column":13}},"39":{"start":{"line":109,"column":10},"end":{"line":125,"column":11}},"40":{"start":{"line":110,"column":12},"end":{"line":124,"column":15}},"41":{"start":{"line":128,"column":8},"end":{"line":128,"column":89}}},"fnMap":{"0":{"name":"awardBestieBadge","decl":{"start":{"line":8,"column":15},"end":{"line":8,"column":31}},"loc":{"start":{"line":8,"column":40},"end":{"line":35,"column":1}},"line":8},"1":{"name":"(anonymous_1)","decl":{"start":{"line":40,"column":12},"end":{"line":40,"column":13}},"loc":{"start":{"line":40,"column":37},"end":{"line":131,"column":3}},"line":40}},"branchMap":{"0":{"loc":{"start":{"line":21,"column":17},"end":{"line":21,"column":42}},"type":"binary-expr","locations":[{"start":{"line":21,"column":17},"end":{"line":21,"column":37}},{"start":{"line":21,"column":41},"end":{"line":21,"column":42}}],"line":21},"1":{"loc":{"start":{"line":21,"column":47},"end":{"line":21,"column":72}},"type":"binary-expr","locations":[{"start":{"line":21,"column":47},"end":{"line":21,"column":67}},{"start":{"line":21,"column":71},"end":{"line":21,"column":72}}],"line":21},"2":{"loc":{"start":{"line":24,"column":17},"end":{"line":24,"column":70}},"type":"cond-expr","locations":[{"start":{"line":24,"column":36},"end":{"line":24,"column":65}},{"start":{"line":24,"column":68},"end":{"line":24,"column":70}}],"line":24},"3":{"loc":{"start":{"line":24,"column":36},"end":{"line":24,"column":65}},"type":"binary-expr","locations":[{"start":{"line":24,"column":36},"end":{"line":24,"column":59}},{"start":{"line":24,"column":63},"end":{"line":24,"column":65}}],"line":24},"4":{"loc":{"start":{"line":26,"column":2},"end":{"line":26,"column":82}},"type":"if","locations":[{"start":{"line":26,"column":2},"end":{"line":26,"column":82}},{"start":{},"end":{}}],"line":26},"5":{"loc":{"start":{"line":26,"column":6},"end":{"line":26,"column":52}},"type":"binary-expr","locations":[{"start":{"line":26,"column":6},"end":{"line":26,"column":16}},{"start":{"line":26,"column":20},"end":{"line":26,"column":52}}],"line":26},"6":{"loc":{"start":{"line":27,"column":2},"end":{"line":27,"column":84}},"type":"if","locations":[{"start":{"line":27,"column":2},"end":{"line":27,"column":84}},{"start":{},"end":{}}],"line":27},"7":{"loc":{"start":{"line":27,"column":6},"end":{"line":27,"column":53}},"type":"binary-expr","locations":[{"start":{"line":27,"column":6},"end":{"line":27,"column":16}},{"start":{"line":27,"column":20},"end":{"line":27,"column":53}}],"line":27},"8":{"loc":{"start":{"line":28,"column":2},"end":{"line":28,"column":87}},"type":"if","locations":[{"start":{"line":28,"column":2},"end":{"line":28,"column":87}},{"start":{},"end":{}}],"line":28},"9":{"loc":{"start":{"line":28,"column":6},"end":{"line":28,"column":55}},"type":"binary-expr","locations":[{"start":{"line":28,"column":6},"end":{"line":28,"column":17}},{"start":{"line":28,"column":21},"end":{"line":28,"column":55}}],"line":28},"10":{"loc":{"start":{"line":30,"column":2},"end":{"line":34,"column":3}},"type":"if","locations":[{"start":{"line":30,"column":2},"end":{"line":34,"column":3}},{"start":{"line":32,"column":9},"end":{"line":34,"column":3}}],"line":30},"11":{"loc":{"start":{"line":47,"column":22},"end":{"line":47,"column":133}},"type":"cond-expr","locations":[{"start":{"line":47,"column":52},"end":{"line":47,"column":91}},{"start":{"line":47,"column":94},"end":{"line":47,"column":133}}],"line":47},"12":{"loc":{"start":{"line":48,"column":23},"end":{"line":48,"column":135}},"type":"cond-expr","locations":[{"start":{"line":48,"column":54},"end":{"line":48,"column":93}},{"start":{"line":48,"column":96},"end":{"line":48,"column":135}}],"line":48},"13":{"loc":{"start":{"line":53,"column":4},"end":{"line":130,"column":5}},"type":"if","locations":[{"start":{"line":53,"column":4},"end":{"line":130,"column":5}},{"start":{"line":83,"column":11},"end":{"line":130,"column":5}}],"line":53},"14":{"loc":{"start":{"line":53,"column":8},"end":{"line":53,"column":80}},"type":"binary-expr","locations":[{"start":{"line":53,"column":8},"end":{"line":53,"column":36}},{"start":{"line":53,"column":40},"end":{"line":53,"column":58}},{"start":{"line":53,"column":62},"end":{"line":53,"column":80}}],"line":53},"15":{"loc":{"start":{"line":83,"column":11},"end":{"line":130,"column":5}},"type":"if","locations":[{"start":{"line":83,"column":11},"end":{"line":130,"column":5}},{"start":{},"end":{}}],"line":83},"16":{"loc":{"start":{"line":94,"column":8},"end":{"line":126,"column":9}},"type":"if","locations":[{"start":{"line":94,"column":8},"end":{"line":126,"column":9}},{"start":{},"end":{}}],"line":94},"17":{"loc":{"start":{"line":96,"column":32},"end":{"line":96,"column":65}},"type":"binary-expr","locations":[{"start":{"line":96,"column":32},"end":{"line":96,"column":52}},{"start":{"line":96,"column":56},"end":{"line":96,"column":65}}],"line":96},"18":{"loc":{"start":{"line":109,"column":10},"end":{"line":125,"column":11}},"type":"if","locations":[{"start":{"line":109,"column":10},"end":{"line":125,"column":11}},{"start":{},"end":{}}],"line":109},"19":{"loc":{"start":{"line":109,"column":14},"end":{"line":109,"column":74}},"type":"binary-expr","locations":[{"start":{"line":109,"column":14},"end":{"line":109,"column":48}},{"start":{"line":109,"column":52},"end":{"line":109,"column":74}}],"line":109}},"s":{"0":1,"1":1,"2":1,"3":1,"4":0,"5":0,"6":0,"7":0,"8":0,"9":0,"10":0,"11":0,"12":0,"13":0,"14":0,"15":0,"16":0,"17":0,"18":0,"19":1,"20":5,"21":5,"22":5,"23":0,"24":0,"25":0,"26":0,"27":0,"28":0,"29":0,"30":0,"31":0,"32":0,"33":0,"34":0,"35":0,"36":0,"37":0,"38":0,"39":0,"40":0,"41":0},"f":{"0":0,"1":5},"b":{"0":[0,0],"1":[0,0],"2":[0,0],"3":[0,0],"4":[0,0],"5":[0,0],"6":[0,0],"7":[0,0],"8":[0,0],"9":[0,0],"10":[0,0],"11":[0,0],"12":[0,0],"13":[0,0],"14":[0,0,0],"15":[0,0],"16":[0,0],"17":[0,0],"18":[0,0],"19":[0,0]},"_coverageSchema":"1a1c01bbd47fc00a2c39e90264f33305004495a9","hash":"4ff438650a71f5cadb7eb50557f684e1d780c02c"}
,"C:\\Users\\user\\Documents\\BESTIESAPP\\functions\\core\\besties\\onBestieDeleted.js": {"path":"C:\\Users\\user\\Documents\\BESTIESAPP\\functions\\core\\besties\\onBestieDeleted.js","statementMap":{"0":{"start":{"line":1,"column":18},"end":{"line":1,"column":47}},"1":{"start":{"line":2,"column":14},"end":{"line":2,"column":39}},"2":{"start":{"line":4,"column":11},"end":{"line":4,"column":28}},"3":{"start":{"line":7,"column":0},"end":{"line":35,"column":5}},"4":{"start":{"line":10,"column":19},"end":{"line":10,"column":30}},"5":{"start":{"line":13,"column":4},"end":{"line":34,"column":5}},"6":{"start":{"line":16,"column":6},"end":{"line":20,"column":9}},"7":{"start":{"line":21,"column":6},"end":{"line":25,"column":9}},"8":{"start":{"line":28,"column":23},"end":{"line":28,"column":71}},"9":{"start":{"line":29,"column":6},"end":{"line":33,"column":26}}},"fnMap":{"0":{"name":"(anonymous_0)","decl":{"start":{"line":9,"column":12},"end":{"line":9,"column":13}},"loc":{"start":{"line":9,"column":37},"end":{"line":35,"column":3}},"line":9}},"branchMap":{"0":{"loc":{"start":{"line":13,"column":4},"end":{"line":34,"column":5}},"type":"if","locations":[{"start":{"line":13,"column":4},"end":{"line":34,"column":5}},{"start":{},"end":{}}],"line":13},"1":{"loc":{"start":{"line":13,"column":8},"end":{"line":13,"column":80}},"type":"binary-expr","locations":[{"start":{"line":13,"column":8},"end":{"line":13,"column":36}},{"start":{"line":13,"column":40},"end":{"line":13,"column":58}},{"start":{"line":13,"column":62},"end":{"line":13,"column":80}}],"line":13}},"s":{"0":1,"1":1,"2":1,"3":1,"4":4,"5":4,"6":4,"7":0,"8":0,"9":0},"f":{"0":4},"b":{"0":[4,0],"1":[4,4,4]},"_coverageSchema":"1a1c01bbd47fc00a2c39e90264f33305004495a9","hash":"7624576ec3152b570ad39666a028ef4fee8e0826"}
,"C:\\Users\\user\\Documents\\BESTIESAPP\\functions\\core\\besties\\sendBestieInvite.js": {"path":"C:\\Users\\user\\Documents\\BESTIESAPP\\functions\\core\\besties\\sendBestieInvite.js","statementMap":{"0":{"start":{"line":1,"column":18},"end":{"line":1,"column":47}},"1":{"start":{"line":2,"column":14},"end":{"line":2,"column":39}},"2":{"start":{"line":3,"column":25},"end":{"line":3,"column":61}},"3":{"start":{"line":4,"column":45},"end":{"line":4,"column":78}},"4":{"start":{"line":5,"column":44},"end":{"line":5,"column":79}},"5":{"start":{"line":7,"column":11},"end":{"line":7,"column":28}},"6":{"start":{"line":8,"column":16},"end":{"line":8,"column":75}},"7":{"start":{"line":10,"column":0},"end":{"line":57,"column":3}},"8":{"start":{"line":11,"column":17},"end":{"line":11,"column":37}},"9":{"start":{"line":12,"column":38},"end":{"line":12,"column":42}},"10":{"start":{"line":15,"column":2},"end":{"line":15,"column":38}},"11":{"start":{"line":18,"column":2},"end":{"line":22,"column":3}},"12":{"start":{"line":19,"column":4},"end":{"line":21,"column":5}},"13":{"start":{"line":20,"column":6},"end":{"line":20,"column":112}},"14":{"start":{"line":25,"column":16},"end":{"line":25,"column":26}},"15":{"start":{"line":26,"column":2},"end":{"line":26,"column":29}},"16":{"start":{"line":28,"column":20},"end":{"line":35,"column":3}},"17":{"start":{"line":37,"column":2},"end":{"line":47,"column":3}},"18":{"start":{"line":38,"column":4},"end":{"line":46,"column":6}},"19":{"start":{"line":49,"column":18},"end":{"line":49,"column":64}},"20":{"start":{"line":50,"column":19},"end":{"line":50,"column":33}},"21":{"start":{"line":52,"column":24},"end":{"line":53,"column":115}},"22":{"start":{"line":55,"column":2},"end":{"line":55,"column":52}},"23":{"start":{"line":56,"column":2},"end":{"line":56,"column":27}}},"fnMap":{"0":{"name":"(anonymous_0)","decl":{"start":{"line":10,"column":50},"end":{"line":10,"column":51}},"loc":{"start":{"line":10,"column":75},"end":{"line":57,"column":1}},"line":10}},"branchMap":{"0":{"loc":{"start":{"line":8,"column":16},"end":{"line":8,"column":75}},"type":"binary-expr","locations":[{"start":{"line":8,"column":16},"end":{"line":8,"column":43}},{"start":{"line":8,"column":47},"end":{"line":8,"column":75}}],"line":8},"1":{"loc":{"start":{"line":18,"column":2},"end":{"line":22,"column":3}},"type":"if","locations":[{"start":{"line":18,"column":2},"end":{"line":22,"column":3}},{"start":{},"end":{}}],"line":18},"2":{"loc":{"start":{"line":19,"column":4},"end":{"line":21,"column":5}},"type":"if","locations":[{"start":{"line":19,"column":4},"end":{"line":21,"column":5}},{"start":{},"end":{}}],"line":19},"3":{"loc":{"start":{"line":19,"column":8},"end":{"line":19,"column":59}},"type":"binary-expr","locations":[{"start":{"line":19,"column":8},"end":{"line":19,"column":35}},{"start":{"line":19,"column":39},"end":{"line":19,"column":59}}],"line":19},"4":{"loc":{"start":{"line":37,"column":2},"end":{"line":47,"column":3}},"type":"if","locations":[{"start":{"line":37,"column":2},"end":{"line":47,"column":3}},{"start":{},"end":{}}],"line":37},"5":{"loc":{"start":{"line":52,"column":24},"end":{"line":53,"column":115}},"type":"binary-expr","locations":[{"start":{"line":52,"column":24},"end":{"line":52,"column":31}},{"start":{"line":53,"column":4},"end":{"line":53,"column":115}}],"line":52}},"s":{"0":1,"1":1,"2":1,"3":1,"4":1,"5":1,"6":1,"7":1,"8":14,"9":13,"10":13,"11":11,"12":8,"13":1,"14":10,"15":10,"16":10,"17":10,"18":1,"19":9,"20":0,"21":0,"22":0,"23":0},"f":{"0":14},"b":{"0":[1,1],"1":[8,3],"2":[1,7],"3":[8,8],"4":[1,9],"5":[0,0]},"_coverageSchema":"1a1c01bbd47fc00a2c39e90264f33305004495a9","hash":"4cb9f2cac8748c5f808bbcd052c90b66d8264ed9"}
,"C:\\Users\\user\\Documents\\BESTIESAPP\\functions\\core\\besties\\sendBestieRequest.js": {"path":"C:\\Users\\user\\Documents\\BESTIESAPP\\functions\\core\\besties\\sendBestieRequest.js","statementMap":{"0":{"start":{"line":1,"column":14},"end":{"line":1,"column":39}},"1":{"start":{"line":2,"column":50},"end":{"line":2,"column":82}},"2":{"start":{"line":8,"column":2},"end":{"line":118,"column":3}},"3":{"start":{"line":10,"column":4},"end":{"line":12,"column":5}},"4":{"start":{"line":11,"column":6},"end":{"line":11,"column":61}},"5":{"start":{"line":14,"column":18},"end":{"line":14,"column":63}},"6":{"start":{"line":15,"column":25},"end":{"line":15,"column":64}},"7":{"start":{"line":16,"column":24},"end":{"line":16,"column":40}},"8":{"start":{"line":18,"column":63},"end":{"line":18,"column":71}},"9":{"start":{"line":20,"column":4},"end":{"line":22,"column":5}},"10":{"start":{"line":21,"column":6},"end":{"line":21,"column":82}},"11":{"start":{"line":24,"column":15},"end":{"line":24,"column":32}},"12":{"start":{"line":27,"column":25},"end":{"line":27,"column":76}},"13":{"start":{"line":28,"column":26},"end":{"line":28,"column":45}},"14":{"start":{"line":31,"column":22},"end":{"line":31,"column":26}},"15":{"start":{"line":32,"column":25},"end":{"line":35,"column":12}},"16":{"start":{"line":37,"column":4},"end":{"line":39,"column":5}},"17":{"start":{"line":38,"column":6},"end":{"line":38,"column":44}},"18":{"start":{"line":42,"column":22},"end":{"line":54,"column":6}},"19":{"start":{"line":57,"column":20},"end":{"line":60,"column":5}},"20":{"start":{"line":63,"column":4},"end":{"line":95,"column":5}},"21":{"start":{"line":65,"column":6},"end":{"line":70,"column":8}},"22":{"start":{"line":73,"column":27},"end":{"line":76,"column":7}},"23":{"start":{"line":78,"column":28},"end":{"line":78,"column":97}},"24":{"start":{"line":80,"column":6},"end":{"line":94,"column":7}},"25":{"start":{"line":82,"column":8},"end":{"line":86,"column":11}},"26":{"start":{"line":89,"column":8},"end":{"line":93,"column":11}},"27":{"start":{"line":98,"column":4},"end":{"line":103,"column":7}},"28":{"start":{"line":105,"column":22},"end":{"line":105,"column":51}},"29":{"start":{"line":106,"column":4},"end":{"line":106,"column":64}},"30":{"start":{"line":108,"column":4},"end":{"line":112,"column":7}},"31":{"start":{"line":115,"column":22},"end":{"line":115,"column":51}},"32":{"start":{"line":116,"column":4},"end":{"line":116,"column":67}},"33":{"start":{"line":117,"column":4},"end":{"line":117,"column":58}},"34":{"start":{"line":121,"column":0},"end":{"line":121,"column":35}}},"fnMap":{"0":{"name":"sendBestieRequest","decl":{"start":{"line":7,"column":15},"end":{"line":7,"column":32}},"loc":{"start":{"line":7,"column":51},"end":{"line":119,"column":1}},"line":7}},"branchMap":{"0":{"loc":{"start":{"line":10,"column":4},"end":{"line":12,"column":5}},"type":"if","locations":[{"start":{"line":10,"column":4},"end":{"line":12,"column":5}},{"start":{},"end":{}}],"line":10},"1":{"loc":{"start":{"line":20,"column":4},"end":{"line":22,"column":5}},"type":"if","locations":[{"start":{"line":20,"column":4},"end":{"line":22,"column":5}},{"start":{},"end":{}}],"line":20},"2":{"loc":{"start":{"line":20,"column":8},"end":{"line":20,"column":41}},"type":"binary-expr","locations":[{"start":{"line":20,"column":8},"end":{"line":20,"column":23}},{"start":{"line":20,"column":27},"end":{"line":20,"column":41}}],"line":20},"3":{"loc":{"start":{"line":37,"column":4},"end":{"line":39,"column":5}},"type":"if","locations":[{"start":{"line":37,"column":4},"end":{"line":39,"column":5}},{"start":{},"end":{}}],"line":37},"4":{"loc":{"start":{"line":46,"column":25},"end":{"line":46,"column":55}},"type":"binary-expr","locations":[{"start":{"line":46,"column":25},"end":{"line":46,"column":47}},{"start":{"line":46,"column":51},"end":{"line":46,"column":55}}],"line":46},"5":{"loc":{"start":{"line":47,"column":19},"end":{"line":47,"column":38}},"type":"binary-expr","locations":[{"start":{"line":47,"column":19},"end":{"line":47,"column":30}},{"start":{"line":47,"column":34},"end":{"line":47,"column":38}}],"line":47},"6":{"loc":{"start":{"line":50,"column":14},"end":{"line":50,"column":49}},"type":"cond-expr","locations":[{"start":{"line":50,"column":28},"end":{"line":50,"column":37}},{"start":{"line":50,"column":40},"end":{"line":50,"column":49}}],"line":50},"7":{"loc":{"start":{"line":51,"column":23},"end":{"line":51,"column":46}},"type":"binary-expr","locations":[{"start":{"line":51,"column":23},"end":{"line":51,"column":38}},{"start":{"line":51,"column":42},"end":{"line":51,"column":46}}],"line":51},"8":{"loc":{"start":{"line":57,"column":20},"end":{"line":60,"column":5}},"type":"binary-expr","locations":[{"start":{"line":57,"column":20},"end":{"line":57,"column":35}},{"start":{"line":57,"column":39},"end":{"line":60,"column":5}}],"line":57},"9":{"loc":{"start":{"line":63,"column":4},"end":{"line":95,"column":5}},"type":"if","locations":[{"start":{"line":63,"column":4},"end":{"line":95,"column":5}},{"start":{"line":71,"column":11},"end":{"line":95,"column":5}}],"line":63}},"s":{"0":0,"1":0,"2":0,"3":0,"4":0,"5":0,"6":0,"7":0,"8":0,"9":0,"10":0,"11":0,"12":0,"13":0,"14":0,"15":0,"16":0,"17":0,"18":0,"19":0,"20":0,"21":0,"22":0,"23":0,"24":0,"25":0,"26":0,"27":0,"28":0,"29":0,"30":0,"31":0,"32":0,"33":0,"34":0},"f":{"0":0},"b":{"0":[0,0],"1":[0,0],"2":[0,0],"3":[0,0],"4":[0,0],"5":[0,0],"6":[0,0],"7":[0,0],"8":[0,0],"9":[0,0]}}
,"C:\\Users\\user\\Documents\\BESTIESAPP\\functions\\core\\checkins\\acknowledgeAlert.js": {"path":"C:\\Users\\user\\Documents\\BESTIESAPP\\functions\\core\\checkins\\acknowledgeAlert.js","statementMap":{"0":{"start":{"line":1,"column":18},"end":{"line":1,"column":47}},"1":{"start":{"line":2,"column":14},"end":{"line":2,"column":39}},"2":{"start":{"line":3,"column":36},"end":{"line":3,"column":69}},"3":{"start":{"line":5,"column":11},"end":{"line":5,"column":28}},"4":{"start":{"line":8,"column":0},"end":{"line":48,"column":3}},"5":{"start":{"line":9,"column":17},"end":{"line":9,"column":37}},"6":{"start":{"line":10,"column":24},"end":{"line":10,"column":28}},"7":{"start":{"line":13,"column":2},"end":{"line":13,"column":39}},"8":{"start":{"line":15,"column":21},"end":{"line":15,"column":61}},"9":{"start":{"line":16,"column":18},"end":{"line":16,"column":40}},"10":{"start":{"line":18,"column":2},"end":{"line":20,"column":3}},"11":{"start":{"line":19,"column":4},"end":{"line":19,"column":76}},"12":{"start":{"line":22,"column":22},"end":{"line":22,"column":36}},"13":{"start":{"line":25,"column":2},"end":{"line":27,"column":3}},"14":{"start":{"line":26,"column":4},"end":{"line":26,"column":114}},"15":{"start":{"line":30,"column":25},"end":{"line":30,"column":57}},"16":{"start":{"line":31,"column":2},"end":{"line":45,"column":3}},"17":{"start":{"line":32,"column":4},"end":{"line":34,"column":7}},"18":{"start":{"line":37,"column":25},"end":{"line":37,"column":70}},"19":{"start":{"line":38,"column":4},"end":{"line":44,"column":7}},"20":{"start":{"line":47,"column":2},"end":{"line":47,"column":27}}},"fnMap":{"0":{"name":"(anonymous_0)","decl":{"start":{"line":8,"column":50},"end":{"line":8,"column":51}},"loc":{"start":{"line":8,"column":75},"end":{"line":48,"column":1}},"line":8}},"branchMap":{"0":{"loc":{"start":{"line":18,"column":2},"end":{"line":20,"column":3}},"type":"if","locations":[{"start":{"line":18,"column":2},"end":{"line":20,"column":3}},{"start":{},"end":{}}],"line":18},"1":{"loc":{"start":{"line":25,"column":2},"end":{"line":27,"column":3}},"type":"if","locations":[{"start":{"line":25,"column":2},"end":{"line":27,"column":3}},{"start":{},"end":{}}],"line":25},"2":{"loc":{"start":{"line":25,"column":6},"end":{"line":25,"column":71}},"type":"binary-expr","locations":[{"start":{"line":25,"column":6},"end":{"line":25,"column":28}},{"start":{"line":25,"column":32},"end":{"line":25,"column":71}}],"line":25},"3":{"loc":{"start":{"line":30,"column":25},"end":{"line":30,"column":57}},"type":"binary-expr","locations":[{"start":{"line":30,"column":25},"end":{"line":30,"column":51}},{"start":{"line":30,"column":55},"end":{"line":30,"column":57}}],"line":30},"4":{"loc":{"start":{"line":31,"column":2},"end":{"line":45,"column":3}},"type":"if","locations":[{"start":{"line":31,"column":2},"end":{"line":45,"column":3}},{"start":{},"end":{}}],"line":31}},"s":{"0":1,"1":1,"2":1,"3":1,"4":1,"5":10,"6":9,"7":9,"8":7,"9":7,"10":0,"11":0,"12":0,"13":0,"14":0,"15":0,"16":0,"17":0,"18":0,"19":0,"20":0},"f":{"0":10},"b":{"0":[0,0],"1":[0,0],"2":[0,0],"3":[0,0],"4":[0,0]},"_coverageSchema":"1a1c01bbd47fc00a2c39e90264f33305004495a9","hash":"a60cf2dcb325ca33de4a1690fa7001d8eb80227f"}
,"C:\\Users\\user\\Documents\\BESTIESAPP\\functions\\core\\checkins\\checkCascadingAlertEscalation.js": {"path":"C:\\Users\\user\\Documents\\BESTIESAPP\\functions\\core\\checkins\\checkCascadingAlertEscalation.js","statementMap":{"0":{"start":{"line":1,"column":18},"end":{"line":1,"column":47}},"1":{"start":{"line":2,"column":14},"end":{"line":2,"column":39}},"2":{"start":{"line":3,"column":31},"end":{"line":3,"column":67}},"3":{"start":{"line":5,"column":11},"end":{"line":5,"column":28}},"4":{"start":{"line":8,"column":0},"end":{"line":77,"column":5}},"5":{"start":{"line":11,"column":16},"end":{"line":11,"column":47}},"6":{"start":{"line":12,"column":25},"end":{"line":14,"column":5}},"7":{"start":{"line":17,"column":29},"end":{"line":21,"column":12}},"8":{"start":{"line":23,"column":24},"end":{"line":23,"column":26}},"9":{"start":{"line":25,"column":4},"end":{"line":71,"column":5}},"10":{"start":{"line":26,"column":22},"end":{"line":26,"column":32}},"11":{"start":{"line":27,"column":24},"end":{"line":27,"column":30}},"12":{"start":{"line":30,"column":29},"end":{"line":30,"column":57}},"13":{"start":{"line":31,"column":6},"end":{"line":38,"column":7}},"14":{"start":{"line":33,"column":8},"end":{"line":36,"column":11}},"15":{"start":{"line":37,"column":8},"end":{"line":37,"column":17}},"16":{"start":{"line":41,"column":30},"end":{"line":41,"column":65}},"17":{"start":{"line":42,"column":25},"end":{"line":42,"column":48}},"18":{"start":{"line":43,"column":31},"end":{"line":43,"column":85}},"19":{"start":{"line":43,"column":55},"end":{"line":43,"column":84}},"20":{"start":{"line":45,"column":6},"end":{"line":53,"column":7}},"21":{"start":{"line":47,"column":8},"end":{"line":47,"column":100}},"22":{"start":{"line":48,"column":8},"end":{"line":51,"column":11}},"23":{"start":{"line":52,"column":8},"end":{"line":52,"column":17}},"24":{"start":{"line":56,"column":27},"end":{"line":56,"column":46}},"25":{"start":{"line":58,"column":6},"end":{"line":62,"column":9}},"26":{"start":{"line":65,"column":22},"end":{"line":65,"column":76}},"27":{"start":{"line":66,"column":23},"end":{"line":66,"column":37}},"28":{"start":{"line":68,"column":6},"end":{"line":68,"column":87}},"29":{"start":{"line":70,"column":6},"end":{"line":70,"column":142}},"30":{"start":{"line":73,"column":4},"end":{"line":73,"column":35}},"31":{"start":{"line":75,"column":4},"end":{"line":75,"column":122}},"32":{"start":{"line":76,"column":4},"end":{"line":76,"column":16}}},"fnMap":{"0":{"name":"(anonymous_0)","decl":{"start":{"line":10,"column":9},"end":{"line":10,"column":10}},"loc":{"start":{"line":10,"column":28},"end":{"line":77,"column":3}},"line":10},"1":{"name":"(anonymous_1)","decl":{"start":{"line":43,"column":49},"end":{"line":43,"column":50}},"loc":{"start":{"line":43,"column":55},"end":{"line":43,"column":84}},"line":43}},"branchMap":{"0":{"loc":{"start":{"line":30,"column":29},"end":{"line":30,"column":57}},"type":"binary-expr","locations":[{"start":{"line":30,"column":29},"end":{"line":30,"column":51}},{"start":{"line":30,"column":55},"end":{"line":30,"column":57}}],"line":30},"1":{"loc":{"start":{"line":31,"column":6},"end":{"line":38,"column":7}},"type":"if","locations":[{"start":{"line":31,"column":6},"end":{"line":38,"column":7}},{"start":{},"end":{}}],"line":31},"2":{"loc":{"start":{"line":41,"column":30},"end":{"line":41,"column":65}},"type":"binary-expr","locations":[{"start":{"line":41,"column":30},"end":{"line":41,"column":59}},{"start":{"line":41,"column":63},"end":{"line":41,"column":65}}],"line":41},"3":{"loc":{"start":{"line":42,"column":25},"end":{"line":42,"column":48}},"type":"binary-expr","locations":[{"start":{"line":42,"column":25},"end":{"line":42,"column":42}},{"start":{"line":42,"column":46},"end":{"line":42,"column":48}}],"line":42},"4":{"loc":{"start":{"line":45,"column":6},"end":{"line":53,"column":7}},"type":"if","locations":[{"start":{"line":45,"column":6},"end":{"line":53,"column":7}},{"start":{},"end":{}}],"line":45}},"s":{"0":0,"1":0,"2":0,"3":0,"4":0,"5":0,"6":0,"7":0,"8":0,"9":0,"10":0,"11":0,"12":0,"13":0,"14":0,"15":0,"16":0,"17":0,"18":0,"19":0,"20":0,"21":0,"22":0,"23":0,"24":0,"25":0,"26":0,"27":0,"28":0,"29":0,"30":0,"31":0,"32":0},"f":{"0":0,"1":0},"b":{"0":[0,0],"1":[0,0],"2":[0,0],"3":[0,0],"4":[0,0]}}
[...]
lumn":2},"end":{"line":112,"column":3}},"type":"if","locations":[{"start":{"line":109,"column":2},"end":{"line":112,"column":3}},{"start":{},"end":{}}],"line":109},"18":{"loc":{"start":{"line":109,"column":6},"end":{"line":110,"column":64}},"type":"binary-expr","locations":[{"start":{"line":109,"column":6},"end":{"line":109,"column":44}},{"start":{"line":110,"column":6},"end":{"line":110,"column":37}},{"start":{"line":110,"column":41},"end":{"line":110,"column":64}}],"line":109},"19":{"loc":{"start":{"line":115,"column":2},"end":{"line":119,"column":3}},"type":"if","locations":[{"start":{"line":115,"column":2},"end":{"line":119,"column":3}},{"start":{},"end":{}}],"line":115},"20":{"loc":{"start":{"line":115,"column":6},"end":{"line":117,"column":39}},"type":"binary-expr","locations":[{"start":{"line":115,"column":6},"end":{"line":115,"column":32}},{"start":{"line":116,"column":6},"end":{"line":116,"column":33}},{"start":{"line":117,"column":6},"end":{"line":117,"column":39}}],"line":115},"21":{"loc":{"start":{"line":122,"column":2},"end":{"line":126,"column":3}},"type":"if","locations":[{"start":{"line":122,"column":2},"end":{"line":126,"column":3}},{"start":{},"end":{}}],"line":122},"22":{"loc":{"start":{"line":122,"column":6},"end":{"line":124,"column":41}},"type":"binary-expr","locations":[{"start":{"line":122,"column":6},"end":{"line":122,"column":40}},{"start":{"line":123,"column":6},"end":{"line":123,"column":34}},{"start":{"line":124,"column":6},"end":{"line":124,"column":41}}],"line":122},"23":{"loc":{"start":{"line":137,"column":32},"end":{"line":137,"column":44}},"type":"default-arg","locations":[{"start":{"line":137,"column":42},"end":{"line":137,"column":44}}],"line":137},"24":{"loc":{"start":{"line":153,"column":43},"end":{"line":153,"column":55}},"type":"default-arg","locations":[{"start":{"line":153,"column":53},"end":{"line":153,"column":55}}],"line":153},"25":{"loc":{"start":{"line":160,"column":13},"end":{"line":163,"column":37}},"type":"binary-expr","locations":[{"start":{"line":160,"column":13},"end":{"line":160,"column":47}},{"start":{"line":161,"column":13},"end":{"line":161,"column":41}},{"start":{"line":162,"column":13},"end":{"line":162,"column":48}},{"start":{"line":163,"column":13},"end":{"line":163,"column":37}}],"line":160}},"s":{"0":7,"1":3,"2":0,"3":3,"4":3,"5":3,"6":3,"7":3,"8":3,"9":0,"10":3,"11":0,"12":0,"13":0,"14":0,"15":0,"16":0,"17":0,"18":0,"19":0,"20":0,"21":0,"22":0,"23":0,"24":0,"25":0,"26":0,"27":0,"28":0,"29":0,"30":0,"31":0,"32":0,"33":0,"34":0,"35":0,"36":0,"37":3,"38":0,"39":0,"40":7},"f":{"0":3,"1":0,"2":0,"3":0,"4":3,"5":0,"6":0},"b":{"0":[0],"1":[0],"2":[0],"3":[0],"4":[3],"5":[0],"6":[0],"7":[0,3],"8":[0,0],"9":[0,0],"10":[0,0],"11":[0,0,0,0],"12":[0,0],"13":[0,0],"14":[0,0,0,0],"15":[0,0],"16":[0,0,0],"17":[0,0],"18":[0,0,0],"19":[0,0],"20":[0,0,0],"21":[0,0],"22":[0,0,0],"23":[0],"24":[0],"25":[0,0,0,0]},"_coverageSchema":"1a1c01bbd47fc00a2c39e90264f33305004495a9","hash":"daa90210253f76ab8e09552cd3180d97850cba32"}
,"C:\\Users\\user\\Documents\\BESTIESAPP\\functions\\utils\\validation.js": {"path":"C:\\Users\\user\\Documents\\BESTIESAPP\\functions\\utils\\validation.js","statementMap":{"0":{"start":{"line":6,"column":18},"end":{"line":6,"column":47}},"1":{"start":{"line":12,"column":2},"end":{"line":14,"column":3}},"2":{"start":{"line":13,"column":4},"end":{"line":13,"column":81}},"3":{"start":{"line":15,"column":2},"end":{"line":15,"column":26}},"4":{"start":{"line":22,"column":2},"end":{"line":24,"column":3}},"5":{"start":{"line":23,"column":4},"end":{"line":23,"column":103}},"6":{"start":{"line":25,"column":2},"end":{"line":27,"column":3}},"7":{"start":{"line":26,"column":4},"end":{"line":26,"column":128}},"8":{"start":{"line":29,"column":2},"end":{"line":31,"column":3}},"9":{"start":{"line":30,"column":4},"end":{"line":30,"column":114}},"10":{"start":{"line":32,"column":2},"end":{"line":32,"column":12}},"11":{"start":{"line":39,"column":2},"end":{"line":41,"column":3}},"12":{"start":{"line":40,"column":4},"end":{"line":40,"column":110}},"13":{"start":{"line":43,"column":2},"end":{"line":45,"column":3}},"14":{"start":{"line":44,"column":4},"end":{"line":44,"column":92}},"15":{"start":{"line":46,"column":2},"end":{"line":46,"column":15}},"16":{"start":{"line":53,"column":2},"end":{"line":55,"column":3}},"17":{"start":{"line":54,"column":4},"end":{"line":54,"column":103}},"18":{"start":{"line":56,"column":21},"end":{"line":56,"column":49}},"19":{"start":{"line":57,"column":2},"end":{"line":59,"column":3}},"20":{"start":{"line":58,"column":4},"end":{"line":58,"column":85}},"21":{"start":{"line":60,"column":2},"end":{"line":62,"column":3}},"22":{"start":{"line":61,"column":4},"end":{"line":61,"column":82}},"23":{"start":{"line":63,"column":2},"end":{"line":63,"column":15}},"24":{"start":{"line":70,"column":2},"end":{"line":72,"column":3}},"25":{"start":{"line":71,"column":4},"end":{"line":71,"column":106}},"26":{"start":{"line":73,"column":2},"end":{"line":75,"column":3}},"27":{"start":{"line":74,"column":4},"end":{"line":74,"column":119}},"28":{"start":{"line":76,"column":2},"end":{"line":76,"column":18}},"29":{"start":{"line":83,"column":2},"end":{"line":85,"column":3}},"30":{"start":{"line":84,"column":4},"end":{"line":84,"column":92}},"31":{"start":{"line":86,"column":2},"end":{"line":91,"column":3}},"32":{"start":{"line":87,"column":4},"end":{"line":90,"column":6}},"33":{"start":{"line":92,"column":2},"end":{"line":92,"column":18}},"34":{"start":{"line":99,"column":2},"end":{"line":101,"column":3}},"35":{"start":{"line":100,"column":4},"end":{"line":100,"column":92}},"36":{"start":{"line":102,"column":2},"end":{"line":107,"column":3}},"37":{"start":{"line":103,"column":4},"end":{"line":106,"column":6}},"38":{"start":{"line":109,"column":2},"end":{"line":115,"column":5}},"39":{"start":{"line":110,"column":4},"end":{"line":114,"column":5}},"40":{"start":{"line":111,"column":6},"end":{"line":111,"column":52}},"41":{"start":{"line":113,"column":6},"end":{"line":113,"column":102}},"42":{"start":{"line":117,"column":2},"end":{"line":119,"column":3}},"43":{"start":{"line":118,"column":4},"end":{"line":118,"column":101}},"44":{"start":{"line":120,"column":2},"end":{"line":120,"column":19}},"45":{"start":{"line":127,"column":2},"end":{"line":129,"column":3}},"46":{"start":{"line":128,"column":4},"end":{"line":128,"column":95}},"47":{"start":{"line":130,"column":2},"end":{"line":130,"column":15}},"48":{"start":{"line":137,"column":2},"end":{"line":139,"column":3}},"49":{"start":{"line":138,"column":4},"end":{"line":138,"column":94}},"50":{"start":{"line":140,"column":2},"end":{"line":142,"column":3}},"51":{"start":{"line":141,"column":4},"end":{"line":141,"column":101}},"52":{"start":{"line":143,"column":2},"end":{"line":145,"column":3}},"53":{"start":{"line":144,"column":4},"end":{"line":144,"column":100}},"54":{"start":{"line":146,"column":2},"end":{"line":146,"column":15}},"55":{"start":{"line":153,"column":2},"end":{"line":158,"column":3}},"56":{"start":{"line":154,"column":4},"end":{"line":157,"column":6}},"57":{"start":{"line":159,"column":2},"end":{"line":159,"column":15}},"58":{"start":{"line":162,"column":0},"end":{"line":173,"column":2}}},"fnMap":{"0":{"name":"requireAuth","decl":{"start":{"line":11,"column":9},"end":{"line":11,"column":20}},"loc":{"start":{"line":11,"column":30},"end":{"line":16,"column":1}},"line":11},"1":{"name":"validateId","decl":{"start":{"line":21,"column":9},"end":{"line":21,"column":19}},"loc":{"start":{"line":21,"column":59},"end":{"line":33,"column":1}},"line":21},"2":{"name":"validatePhoneNumber","decl":{"start":{"line":38,"column":9},"end":{"line":38,"column":28}},"loc":{"start":{"line":38,"column":36},"end":{"line":47,"column":1}},"line":38},"3":{"name":"validateEmail","decl":{"start":{"line":52,"column":9},"end":{"line":52,"column":22}},"loc":{"start":{"line":52,"column":30},"end":{"line":64,"column":1}},"line":52},"4":{"name":"validateLocation","decl":{"start":{"line":69,"column":9},"end":{"line":69,"column":25}},"loc":{"start":{"line":69,"column":53},"end":{"line":77,"column":1}},"line":69},"5":{"name":"validateDuration","decl":{"start":{"line":82,"column":9},"end":{"line":82,"column":25}},"loc":{"start":{"line":82,"column":71},"end":{"line":93,"column":1}},"line":82},"6":{"name":"validateBestieIds","decl":{"start":{"line":98,"column":9},"end":{"line":98,"column":26}},"loc":{"start":{"line":98,"column":66},"end":{"line":121,"column":1}},"line":98},"7":{"name":"(anonymous_7)","decl":{"start":{"line":109,"column":20},"end":{"line":109,"column":21}},"loc":{"start":{"line":109,"column":35},"end":{"line":115,"column":3}},"line":109},"8":{"name":"validateBoolean","decl":{"start":{"line":126,"column":9},"end":{"line":126,"column":24}},"loc":{"start":{"line":126,"column":53},"end":{"line":131,"column":1}},"line":126},"9":{"name":"validateNumber","decl":{"start":{"line":136,"column":9},"end":{"line":136,"column":23}},"loc":{"start":{"line":136,"column":76},"end":{"line":147,"column":1}},"line":136},"10":{"name":"validateEnum","decl":{"start":{"line":152,"column":9},"end":{"line":152,"column":21}},"loc":{"start":{"line":152,"column":65},"end":{"line":160,"column":1}},"line":152}},"branchMap":{"0":{"loc":{"start":{"line":12,"column":2},"end":{"line":14,"column":3}},"type":"if","locations":[{"start":{"line":12,"column":2},"end":{"line":14,"column":3}},{"start":{},"end":{}}],"line":12},"1":{"loc":{"start":{"line":12,"column":6},"end":{"line":12,"column":31}},"type":"binary-expr","locations":[{"start":{"line":12,"column":6},"end":{"line":12,"column":14}},{"start":{"line":12,"column":18},"end":{"line":12,"column":31}}],"line":12},"2":{"loc":{"start":{"line":21,"column":24},"end":{"line":21,"column":40}},"type":"default-arg","locations":[{"start":{"line":21,"column":36},"end":{"line":21,"column":40}}],"line":21},"3":{"loc":{"start":{"line":21,"column":42},"end":{"line":21,"column":57}},"type":"default-arg","locations":[{"start":{"line":21,"column":54},"end":{"line":21,"column":57}}],"line":21},"4":{"loc":{"start":{"line":22,"column":2},"end":{"line":24,"column":3}},"type":"if","locations":[{"start":{"line":22,"column":2},"end":{"line":24,"column":3}},{"start":{},"end":{}}],"line":22},"5":{"loc":{"start":{"line":22,"column":6},"end":{"line":22,"column":35}},"type":"binary-expr","locations":[{"start":{"line":22,"column":6},"end":{"line":22,"column":9}},{"start":{"line":22,"column":13},"end":{"line":22,"column":35}}],"line":22},"6":{"loc":{"start":{"line":25,"column":2},"end":{"line":27,"column":3}},"type":"if","locations":[{"start":{"line":25,"column":2},"end":{"line":27,"column":3}},{"start":{},"end":{}}],"line":25},"7":{"loc":{"start":{"line":25,"column":6},"end":{"line":25,"column":46}},"type":"binary-expr","locations":[{"start":{"line":25,"column":6},"end":{"line":25,"column":21}},{"start":{"line":25,"column":25},"end":{"line":25,"column":46}}],"line":25},"8":{"loc":{"start":{"line":29,"column":2},"end":{"line":31,"column":3}},"type":"if","locations":[{"start":{"line":29,"column":2},"end":{"line":31,"column":3}},{"start":{},"end":{}}],"line":29},"9":{"loc":{"start":{"line":39,"column":2},"end":{"line":41,"column":3}},"type":"if","locations":[{"start":{"line":39,"column":2},"end":{"line":41,"column":3}},{"start":{},"end":{}}],"line":39},"10":{"loc":{"start":{"line":39,"column":6},"end":{"line":39,"column":41}},"type":"binary-expr","locations":[{"start":{"line":39,"column":6},"end":{"line":39,"column":12}},{"start":{"line":39,"column":16},"end":{"line":39,"column":41}}],"line":39},"11":{"loc":{"start":{"line":43,"column":2},"end":{"line":45,"column":3}},"type":"if","locations":[{"start":{"line":43,"column":2},"end":{"line":45,"column":3}},{"start":{},"end":{}}],"line":43},"12":{"loc":{"start":{"line":53,"column":2},"end":{"line":55,"column":3}},"type":"if","locations":[{"start":{"line":53,"column":2},"end":{"line":55,"column":3}},{"start":{},"end":{}}],"line":53},"13":{"loc":{"start":{"line":53,"column":6},"end":{"line":53,"column":41}},"type":"binary-expr","locations":[{"start":{"line":53,"column":6},"end":{"line":53,"column":12}},{"start":{"line":53,"column":16},"end":{"line":53,"column":41}}],"line":53},"14":{"loc":{"start":{"line":57,"column":2},"end":{"line":59,"column":3}},"type":"if","locations":[{"start":{"line":57,"column":2},"end":{"line":59,"column":3}},{"start":{},"end":{}}],"line":57},"15":{"loc":{"start":{"line":60,"column":2},"end":{"line":62,"column":3}},"type":"if","locations":[{"start":{"line":60,"column":2},"end":{"line":62,"column":3}},{"start":{},"end":{}}],"line":60},"16":{"loc":{"start":{"line":69,"column":36},"end":{"line":69,"column":51}},"type":"default-arg","locations":[{"start":{"line":69,"column":48},"end":{"line":69,"column":51}}],"line":69},"17":{"loc":{"start":{"line":70,"column":2},"end":{"line":72,"column":3}},"type":"if","locations":[{"start":{"line":70,"column":2},"end":{"line":72,"column":3}},{"start":{},"end":{}}],"line":70},"18":{"loc":{"start":{"line":70,"column":6},"end":{"line":70,"column":47}},"type":"binary-expr","locations":[{"start":{"line":70,"column":6},"end":{"line":70,"column":15}},{"start":{"line":70,"column":19},"end":{"line":70,"column":47}}],"line":70},"19":{"loc":{"start":{"line":73,"column":2},"end":{"line":75,"column":3}},"type":"if","locations":[{"start":{"line":73,"column":2},"end":{"line":75,"column":3}},{"start":{},"end":{}}],"line":73},"20":{"loc":{"start":{"line":73,"column":6},"end":{"line":73,"column":58}},"type":"binary-expr","locations":[{"start":{"line":73,"column":6},"end":{"line":73,"column":27}},{"start":{"line":73,"column":31},"end":{"line":73,"column":58}}],"line":73},"21":{"loc":{"start":{"line":82,"column":36},"end":{"line":82,"column":51}},"type":"default-arg","locations":[{"start":{"line":82,"column":49},"end":{"line":82,"column":51}}],"line":82},"22":{"loc":{"start":{"line":82,"column":53},"end":{"line":82,"column":69}},"type":"default-arg","locations":[{"start":{"line":82,"column":66},"end":{"line":82,"column":69}}],"line":82},"23":{"loc":{"start":{"line":83,"column":2},"end":{"line":85,"column":3}},"type":"if","locations":[{"start":{"line":83,"column":2},"end":{"line":85,"column":3}},{"start":{},"end":{}}],"line":83},"24":{"loc":{"start":{"line":83,"column":6},"end":{"line":83,"column":65}},"type":"binary-expr","locations":[{"start":{"line":83,"column":6},"end":{"line":83,"column":34}},{"start":{"line":83,"column":38},"end":{"line":83,"column":65}}],"line":83},"25":{"loc":{"start":{"line":86,"column":2},"end":{"line":91,"column":3}},"type":"if","locations":[{"start":{"line":86,"column":2},"end":{"line":91,"column":3}},{"start":{},"end":{}}],"line":86},"26":{"loc":{"start":{"line":86,"column":6},"end":{"line":86,"column":52}},"type":"binary-expr","locations":[{"start":{"line":86,"column":6},"end":{"line":86,"column":27}},{"start":{"line":86,"column":31},"end":{"line":86,"column":52}}],"line":86},"27":{"loc":{"start":{"line":98,"column":38},"end":{"line":98,"column":50}},"type":"default-arg","locations":[{"start":{"line":98,"column":49},"end":{"line":98,"column":50}}],"line":98},"28":{"loc":{"start":{"line":98,"column":52},"end":{"line":98,"column":64}},"type":"default-arg","locations":[{"start":{"line":98,"column":63},"end":{"line":98,"column":64}}],"line":98},"29":{"loc":{"start":{"line":99,"column":2},"end":{"line":101,"column":3}},"type":"if","locations":[{"start":{"line":99,"column":2},"end":{"line":101,"column":3}},{"start":{},"end":{}}],"line":99},"30":{"loc":{"start":{"line":102,"column":2},"end":{"line":107,"column":3}},"type":"if","locations":[{"start":{"line":102,"column":2},"end":{"line":107,"column":3}},{"start":{},"end":{}}],"line":102},"31":{"loc":{"start":{"line":102,"column":6},"end":{"line":102,"column":64}},"type":"binary-expr","locations":[{"start":{"line":102,"column":6},"end":{"line":102,"column":33}},{"start":{"line":102,"column":37},"end":{"line":102,"column":64}}],"line":102},"32":{"loc":{"start":{"line":117,"column":2},"end":{"line":119,"column":3}},"type":"if","locations":[{"start":{"line":117,"column":2},"end":{"line":119,"column":3}},{"start":{},"end":{}}],"line":117},"33":{"loc":{"start":{"line":126,"column":32},"end":{"line":126,"column":51}},"type":"default-arg","locations":[{"start":{"line":126,"column":44},"end":{"line":126,"column":51}}],"line":126},"34":{"loc":{"start":{"line":127,"column":2},"end":{"line":129,"column":3}},"type":"if","locations":[{"start":{"line":127,"column":2},"end":{"line":129,"column":3}},{"start":{},"end":{}}],"line":127},"35":{"loc":{"start":{"line":136,"column":31},"end":{"line":136,"column":50}},"type":"default-arg","locations":[{"start":{"line":136,"column":43},"end":{"line":136,"column":50}}],"line":136},"36":{"loc":{"start":{"line":136,"column":52},"end":{"line":136,"column":62}},"type":"default-arg","locations":[{"start":{"line":136,"column":58},"end":{"line":136,"column":62}}],"line":136},"37":{"loc":{"start":{"line":136,"column":64},"end":{"line":136,"column":74}},"type":"default-arg","locations":[{"start":{"line":136,"column":70},"end":{"line":136,"column":74}}],"line":136},"38":{"loc":{"start":{"line":137,"column":2},"end":{"line":139,"column":3}},"type":"if","locations":[{"start":{"line":137,"column":2},"end":{"line":139,"column":3}},{"start":{},"end":{}}],"line":137},"39":{"loc":{"start":{"line":137,"column":6},"end":{"line":137,"column":58}},"type":"binary-expr","locations":[{"start":{"line":137,"column":6},"end":{"line":137,"column":31}},{"start":{"line":137,"column":35},"end":{"line":137,"column":58}}],"line":137},"40":{"loc":{"start":{"line":140,"column":2},"end":{"line":142,"column":3}},"type":"if","locations":[{"start":{"line":140,"column":2},"end":{"line":142,"column":3}},{"start":{},"end":{}}],"line":140},"41":{"loc":{"start":{"line":140,"column":6},"end":{"line":140,"column":33}},"type":"binary-expr","locations":[{"start":{"line":140,"column":6},"end":{"line":140,"column":18}},{"start":{"line":140,"column":22},"end":{"line":140,"column":33}}],"line":140},"42":{"loc":{"start":{"line":143,"column":2},"end":{"line":145,"column":3}},"type":"if","locations":[{"start":{"line":143,"column":2},"end":{"line":145,"column":3}},{"start":{},"end":{}}],"line":143},"43":{"loc":{"start":{"line":143,"column":6},"end":{"line":143,"column":33}},"type":"binary-expr","locations":[{"start":{"line":143,"column":6},"end":{"line":143,"column":18}},{"start":{"line":143,"column":22},"end":{"line":143,"column":33}}],"line":143},"44":{"loc":{"start":{"line":152,"column":44},"end":{"line":152,"column":63}},"type":"default-arg","locations":[{"start":{"line":152,"column":56},"end":{"line":152,"column":63}}],"line":152},"45":{"loc":{"start":{"line":153,"column":2},"end":{"line":158,"column":3}},"type":"if","locations":[{"start":{"line":153,"column":2},"end":{"line":158,"column":3}},{"start":{},"end":{}}],"line":153}},"s":{"0":7,"1":79,"2":8,"3":71,"4":55,"5":10,"6":45,"7":1,"8":44,"9":1,"10":43,"11":17,"12":3,"13":14,"14":1,"15":13,"16":5,"17":1,"18":4,"19":4,"20":3,"21":1,"22":0,"23":1,"24":15,"25":2,"26":13,"27":2,"28":11,"29":6,"30":1,"31":5,"32":2,"33":3,"34":5,"35":1,"36":4,"37":2,"38":2,"39":4,"40":4,"41":0,"42":2,"43":1,"44":1,"45":14,"46":3,"47":11,"48":4,"49":1,"50":3,"51":1,"52":2,"53":1,"54":1,"55":13,"56":2,"57":11,"58":7},"f":{"0":79,"1":55,"2":17,"3":5,"4":15,"5":6,"6":5,"7":4,"8":14,"9":4,"10":13},"b":{"0":[8,71],"1":[79,78],"2":[6],"3":[55],"4":[10,45],"5":[55,46],"6":[1,44],"7":[45,45],"8":[1,43],"9":[3,14],"10":[17,15],"11":[1,13],"12":[1,4],"13":[5,4],"14":[3,1],"15":[0,1],"16":[3],"17":[2,13],"18":[15,13],"19":[2,11],"20":[13,13],"21":[6],"22":[6],"23":[1,5],"24":[6,5],"25":[2,3],"26":[5,4],"27":[5],"28":[5],"29":[1,4],"30":[2,2],"31":[4,3],"32":[1,1],"33":[4],"34":[3,11],"35":[1],"36":[1],"37":[2],"38":[1,3],"39":[4,3],"40":[1,2],"41":[3,2],"42":[1,1],"43":[2,2],"44":[2],"45":[2,11]},"_coverageSchema":"1a1c01bbd47fc00a2c39e90264f33305004495a9","hash":"6f291ba488c868a6346c5bb673d376a03b677b91"}
}
