TN:
SF:core\analytics\dailyAnalyticsAggregation.js
FN:8,(anonymous_0)
FN:29,(anonymous_1)
FNF:2
FNH:1
FNDA:3,(anonymous_0)
FNDA:0,(anonymous_1)
DA:1,1
DA:2,1
DA:4,1
DA:6,1
DA:9,3
DA:10,3
DA:11,3
DA:13,3
DA:14,3
DA:16,3
DA:22,0
DA:29,0
DA:30,0
DA:31,0
DA:32,0
DA:35,0
DA:37,0
LF:17
LH:10
BRDA:31,0,0,0
BRDA:31,0,1,0
BRDA:32,1,0,0
BRDA:32,1,1,0
BRF:4
BRH:0
end_of_record
TN:
SF:core\analytics\generateMilestones.js
FN:10,(anonymous_0)
FNF:1
FNH:0
FNDA:0,(anonymous_0)
DA:1,1
DA:2,1
DA:4,1
DA:7,1
DA:11,0
DA:13,0
DA:15,0
DA:17,0
DA:21,0
DA:23,0
DA:24,0
DA:25,0
DA:26,0
DA:29,0
DA:30,0
DA:34,0
DA:35,0
DA:37,0
DA:38,0
DA:40,0
DA:41,0
DA:51,0
DA:61,0
DA:62,0
DA:68,0
DA:75,0
DA:82,0
DA:83,0
DA:85,0
DA:87,0
DA:94,0
DA:95,0
DA:96,0
DA:98,0
DA:99,0
DA:109,0
DA:119,0
DA:120,0
DA:128,0
DA:129,0
DA:131,0
DA:132,0
DA:133,0
DA:134,0
DA:137,0
DA:139,0
DA:140,0
DA:143,0
DA:144,0
DA:146,0
DA:151,0
DA:152,0
DA:154,0
DA:156,0
DA:162,0
DA:163,0
DA:171,0
DA:172,0
DA:177,0
DA:180,0
DA:181,0
DA:185,0
DA:187,0
DA:192,0
DA:193,0
LF:65
LH:4
BRDA:29,0,0,0
BRDA:29,0,1,0
BRDA:35,1,0,0
BRDA:35,1,1,0
BRDA:40,2,0,0
BRDA:40,2,1,0
BRDA:40,3,0,0
BRDA:40,3,1,0
BRDA:82,4,0,0
BRDA:82,4,1,0
BRDA:82,5,0,0
BRDA:82,5,1,0
BRDA:85,6,0,0
BRDA:85,6,1,0
BRDA:94,7,0,0
BRDA:94,7,1,0
BRDA:98,8,0,0
BRDA:98,8,1,0
BRDA:98,9,0,0
BRDA:98,9,1,0
BRDA:133,10,0,0
BRDA:133,10,1,0
BRDA:139,11,0,0
BRDA:139,11,1,0
BRDA:151,12,0,0
BRDA:151,12,1,0
BRDA:154,13,0,0
BRDA:154,13,1,0
BRDA:162,14,0,0
BRDA:162,14,1,0
BRDA:180,15,0,0
BRDA:180,15,1,0
BRF:32
BRH:0
end_of_record
TN:
SF:core\analytics\rebuildAnalyticsCache.js
FN:11,(anonymous_0)
FN:65,(anonymous_1)
FNF:2
FNH:1
FNDA:2,(anonymous_0)
FNDA:0,(anonymous_1)
DA:1,1
DA:2,1
DA:4,1
DA:11,1
DA:13,2
DA:14,0
DA:18,2
DA:19,0
DA:20,0
DA:23,0
DA:25,0
DA:27,0
DA:28,0
DA:31,0
DA:39,0
DA:47,0
DA:48,0
DA:49,0
DA:50,0
DA:51,0
DA:53,0
DA:54,0
DA:55,0
DA:56,0
DA:59,0
DA:61,0
DA:62,0
DA:65,0
DA:66,0
DA:67,0
DA:68,0
DA:69,0
DA:72,0
DA:75,0
DA:76,0
DA:81,0
DA:87,0
DA:118,0
DA:120,0
DA:122,0
DA:128,0
DA:129,0
LF:42
LH:6
BRDA:13,0,0,0
BRDA:13,0,1,2
BRDA:19,1,0,0
BRDA:19,1,1,0
BRDA:19,2,0,0
BRDA:19,2,1,0
BRDA:28,3,0,0
BRDA:28,3,1,0
BRDA:55,4,0,0
BRDA:55,4,1,0
BRDA:61,5,0,0
BRDA:61,5,1,0
BRDA:67,6,0,0
BRDA:67,6,1,0
BRDA:68,7,0,0
BRDA:68,7,1,0
BRDA:69,8,0,0
BRDA:69,8,1,0
BRDA:75,9,0,0
BRDA:75,9,1,0
BRDA:92,10,0,0
BRDA:92,10,1,0
BRDA:93,11,0,0
BRDA:93,11,1,0
BRDA:94,12,0,0
BRDA:94,12,1,0
BRDA:95,13,0,0
BRDA:95,13,1,0
BRDA:98,14,0,0
BRDA:98,14,1,0
BRDA:99,15,0,0
BRDA:99,15,1,0
BRDA:100,16,0,0
BRDA:100,16,1,0
BRDA:108,17,0,0
BRDA:108,17,1,0
BRDA:109,18,0,0
BRDA:109,18,1,0
BRF:38
BRH:1
end_of_record
TN:
SF:core\analytics\updateDailyStreaks.js
FN:10,(anonymous_0)
FNF:1
FNH:0
FNDA:0,(anonymous_0)
DA:1,1
DA:2,1
DA:4,1
DA:7,1
DA:11,0
DA:13,0
DA:14,0
DA:15,0
DA:16,0
DA:18,0
DA:19,0
DA:22,0
DA:23,0
DA:24,0
DA:26,0
DA:27,0
DA:28,0
DA:29,0
DA:32,0
DA:34,0
DA:35,0
DA:38,0
DA:40,0
DA:41,0
DA:42,0
DA:43,0
DA:45,0
DA:47,0
DA:50,0
DA:51,0
DA:52,0
DA:55,0
DA:57,0
DA:58,0
DA:59,0
DA:61,0
DA:63,0
DA:64,0
DA:67,0
DA:68,0
DA:72,0
DA:74,0
DA:76,0
DA:82,0
DA:87,0
DA:98,0
DA:100,0
DA:103,0
DA:104,0
DA:108,0
DA:110,0
DA:111,0
LF:52
LH:4
BRDA:28,0,0,0
BRDA:28,0,1,0
BRDA:34,1,0,0
BRDA:34,1,1,0
BRDA:45,2,0,0
BRDA:45,2,1,0
BRDA:50,3,0,0
BRDA:50,3,1,0
BRDA:51,4,0,0
BRDA:51,4,1,0
BRDA:52,5,0,0
BRDA:52,5,1,0
BRDA:55,6,0,0
BRDA:55,6,1,0
BRDA:61,7,0,0
BRDA:61,7,1,0
BRDA:67,8,0,0
BRDA:67,8,1,0
BRDA:74,9,0,0
BRDA:74,9,1,0
BRDA:82,10,0,0
BRDA:82,10,1,0
BRDA:83,11,0,0
BRDA:83,11,1,0
BRDA:83,11,2,0
BRDA:103,12,0,0
BRDA:103,12,1,0
BRF:27
BRH:0
end_of_record
TN:
SF:core\badges\onBadgeEarned.js
FN:9,(anonymous_0)
FN:19,(anonymous_1)
FN:20,(anonymous_2)
FN:23,(anonymous_3)
FN:44,(anonymous_4)
FNF:5
FNH:1
FNDA:8,(anonymous_0)
FNDA:0,(anonymous_1)
FNDA:0,(anonymous_2)
FNDA:0,(anonymous_3)
FNDA:0,(anonymous_4)
DA:1,1
DA:2,1
DA:4,1
DA:7,1
DA:10,8
DA:11,0
DA:12,0
DA:15,0
DA:16,0
DA:19,0
DA:20,0
DA:23,0
DA:26,0
DA:27,0
DA:30,0
DA:32,0
DA:34,0
DA:35,0
DA:36,0
DA:39,0
DA:42,0
DA:44,0
DA:45,0
DA:46,0
DA:49,0
DA:53,0
DA:57,0
DA:72,0
DA:73,0
DA:74,0
DA:87,0
DA:93,0
DA:94,0
DA:97,0
DA:99,0
LF:35
LH:5
BRDA:15,0,0,0
BRDA:15,0,1,0
BRDA:16,1,0,0
BRDA:16,1,1,0
BRDA:19,2,0,0
BRDA:19,2,1,0
BRDA:19,3,0,0
BRDA:19,3,1,0
BRDA:20,4,0,0
BRDA:20,4,1,0
BRDA:20,5,0,0
BRDA:20,5,1,0
BRDA:26,6,0,0
BRDA:26,6,1,0
BRDA:34,7,0,0
BRDA:34,7,1,0
BRDA:45,8,0,0
BRDA:45,8,1,0
BRDA:45,9,0,0
BRDA:45,9,1,0
BRDA:49,10,0,0
BRDA:49,10,1,0
BRDA:51,11,0,0
BRDA:51,11,1,0
BRDA:51,11,2,0
BRDA:53,12,0,0
BRDA:53,12,1,0
BRDA:53,13,0,0
BRDA:53,13,1,0
BRDA:72,14,0,0
BRDA:72,14,1,0
BRDA:72,15,0,0
BRDA:72,15,1,0
BRF:33
BRH:0
end_of_record
TN:
SF:core\besties\acceptBestieRequest.js
FN:9,(anonymous_0)
FN:31,(anonymous_1)
FNF:2
FNH:1
FNDA:14,(anonymous_0)
FNDA:0,(anonymous_1)
DA:1,1
DA:2,1
DA:3,1
DA:4,1
DA:5,1
DA:7,1
DA:9,1
DA:10,14
DA:11,13
DA:14,13
DA:16,11
DA:17,11
DA:19,0
DA:20,0
DA:23,0
DA:26,0
DA:27,0
DA:31,0
DA:33,0
DA:34,0
DA:37,0
DA:38,0
DA:42,0
DA:52,0
DA:53,0
DA:54,0
DA:56,0
DA:57,0
DA:58,0
DA:61,0
DA:71,0
DA:72,0
DA:84,0
DA:87,0
LF:34
LH:12
BRDA:19,0,0,0
BRDA:19,0,1,0
BRDA:19,1,0,0
BRDA:19,1,1,0
BRDA:26,2,0,0
BRDA:26,2,1,0
BRDA:37,3,0,0
BRDA:37,3,1,0
BRDA:56,4,0,0
BRDA:56,4,1,0
BRDA:58,5,0,0
BRDA:58,5,1,0
BRDA:58,6,0,0
BRDA:58,6,1,0
BRDA:71,7,0,0
BRDA:71,7,1,0
BRDA:71,8,0,0
BRDA:71,8,1,0
BRF:18
BRH:0
end_of_record
TN:
SF:core\besties\declineBestieRequest.js
FN:6,(anonymous_0)
FNF:1
FNH:1
FNDA:8,(anonymous_0)
DA:1,1
DA:2,1
DA:4,1
DA:6,1
DA:7,8
DA:8,1
DA:11,7
DA:14,7
DA:15,2
DA:18,5
DA:19,5
DA:21,0
DA:22,0
DA:25,0
DA:28,0
DA:29,0
DA:32,0
DA:37,0
LF:18
LH:11
BRDA:7,0,0,1
BRDA:7,0,1,7
BRDA:14,1,0,2
BRDA:14,1,1,5
BRDA:14,2,0,7
BRDA:14,2,1,6
BRDA:14,2,2,6
BRDA:21,3,0,0
BRDA:21,3,1,0
BRDA:21,4,0,0
BRDA:21,4,1,0
BRDA:28,5,0,0
BRDA:28,5,1,0
BRF:13
BRH:7
end_of_record
TN:
SF:core\besties\onBestieCountUpdate.js
FN:7,awardBestieBadge
FN:38,(anonymous_1)
FNF:2
FNH:1
FNDA:0,awardBestieBadge
FNDA:4,(anonymous_1)
DA:1,1
DA:2,1
DA:4,1
DA:8,0
DA:14,0
DA:20,0
DA:21,0
DA:22,0
DA:23,0
DA:25,0
DA:26,0
DA:27,0
DA:29,0
DA:30,0
DA:32,0
DA:36,1
DA:39,4
DA:40,0
DA:41,0
DA:43,0
DA:45,0
DA:48,0
DA:53,0
DA:57,0
DA:63,0
DA:69,0
DA:70,0
DA:74,0
DA:76,0
LF:29
LH:5
BRDA:20,0,0,0
BRDA:20,0,1,0
BRDA:20,1,0,0
BRDA:20,1,1,0
BRDA:23,2,0,0
BRDA:23,2,1,0
BRDA:23,3,0,0
BRDA:23,3,1,0
BRDA:25,4,0,0
BRDA:25,4,1,0
BRDA:25,5,0,0
BRDA:25,5,1,0
BRDA:26,6,0,0
BRDA:26,6,1,0
BRDA:26,7,0,0
BRDA:26,7,1,0
BRDA:27,8,0,0
BRDA:27,8,1,0
BRDA:27,9,0,0
BRDA:27,9,1,0
BRDA:29,10,0,0
BRDA:29,10,1,0
BRDA:43,11,0,0
BRDA:43,11,1,0
BRDA:43,12,0,0
BRDA:43,12,1,0
BRDA:74,13,0,0
BRDA:74,13,1,0
BRDA:74,14,0,0
BRDA:74,14,1,0
BRDA:74,14,2,0
BRF:31
BRH:0
end_of_record
TN:
SF:core\besties\onBestieCreated.js
FN:8,awardBestieBadge
FN:40,(anonymous_1)
FNF:2
FNH:1
FNDA:0,awardBestieBadge
FNDA:5,(anonymous_1)
DA:1,1
DA:2,1
DA:3,1
DA:5,1
DA:9,0
DA:15,0
DA:21,0
DA:22,0
DA:23,0
DA:24,0
DA:26,0
DA:27,0
DA:28,0
DA:30,0
DA:31,0
DA:33,0
DA:38,1
DA:41,5
DA:42,5
DA:45,5
DA:53,0
DA:55,0
DA:58,0
DA:64,0
DA:68,0
DA:74,0
DA:81,0
DA:82,0
DA:83,0
DA:85,0
DA:92,0
DA:93,0
DA:94,0
DA:95,0
DA:96,0
DA:99,0
DA:109,0
DA:110,0
DA:128,0
LF:39
LH:8
BRDA:21,0,0,0
BRDA:21,0,1,0
BRDA:21,1,0,0
BRDA:21,1,1,0
BRDA:24,2,0,0
BRDA:24,2,1,0
BRDA:24,3,0,0
BRDA:24,3,1,0
BRDA:26,4,0,0
BRDA:26,4,1,0
BRDA:26,5,0,0
BRDA:26,5,1,0
BRDA:27,6,0,0
BRDA:27,6,1,0
BRDA:27,7,0,0
BRDA:27,7,1,0
BRDA:28,8,0,0
BRDA:28,8,1,0
BRDA:28,9,0,0
BRDA:28,9,1,0
BRDA:30,10,0,0
BRDA:30,10,1,0
BRDA:47,11,0,0
BRDA:47,11,1,0
BRDA:48,12,0,0
BRDA:48,12,1,0
BRDA:53,13,0,0
BRDA:53,13,1,0
BRDA:53,14,0,0
BRDA:53,14,1,0
BRDA:53,14,2,0
BRDA:83,15,0,0
BRDA:83,15,1,0
BRDA:94,16,0,0
BRDA:94,16,1,0
BRDA:96,17,0,0
BRDA:96,17,1,0
BRDA:109,18,0,0
BRDA:109,18,1,0
BRDA:109,19,0,0
BRDA:109,19,1,0
BRF:41
BRH:0
end_of_record
TN:
SF:core\besties\onBestieDeleted.js
FN:9,(anonymous_0)
FNF:1
FNH:1
FNDA:4,(anonymous_0)
DA:1,1
DA:2,1
DA:4,1
DA:7,1
DA:10,4
DA:13,4
DA:16,4
DA:21,0
DA:28,0
DA:29,0
LF:10
LH:7
BRDA:13,0,0,4
BRDA:13,0,1,0
BRDA:13,1,0,4
BRDA:13,1,1,4
BRDA:13,1,2,4
BRF:5
BRH:4
end_of_record
TN:
SF:core\besties\sendBestieInvite.js
FN:10,(anonymous_0)
FNF:1
FNH:1
FNDA:14,(anonymous_0)
DA:1,1
DA:2,1
DA:3,1
DA:4,1
DA:5,1
DA:7,1
DA:8,1
DA:10,1
DA:11,14
DA:12,13
DA:15,13
DA:18,11
DA:19,8
DA:20,1
DA:25,10
DA:26,10
DA:28,10
DA:37,10
DA:38,1
DA:49,9
DA:50,0
DA:52,0
DA:55,0
DA:56,0
LF:24
LH:20
BRDA:8,0,0,1
BRDA:8,0,1,1
BRDA:18,1,0,8
BRDA:18,1,1,3
BRDA:19,2,0,1
BRDA:19,2,1,7
BRDA:19,3,0,8
BRDA:19,3,1,8
BRDA:37,4,0,1
BRDA:37,4,1,9
BRDA:52,5,0,0
BRDA:52,5,1,0
BRF:12
BRH:10
end_of_record
TN:
SF:core\besties\sendBestieRequest.js
FN:7,sendBestieRequest
FNF:1
FNH:0
FNDA:0,sendBestieRequest
DA:1,0
DA:2,0
DA:8,0
DA:10,0
DA:11,0
DA:14,0
DA:15,0
DA:16,0
DA:18,0
DA:20,0
DA:21,0
DA:24,0
DA:27,0
DA:28,0
DA:31,0
DA:32,0
DA:37,0
DA:38,0
DA:42,0
DA:57,0
DA:63,0
DA:65,0
DA:73,0
DA:78,0
DA:80,0
DA:82,0
DA:89,0
DA:98,0
DA:105,0
DA:106,0
DA:108,0
DA:115,0
DA:116,0
DA:117,0
DA:121,0
LF:35
LH:0
BRDA:10,0,0,0
BRDA:10,0,1,0
BRDA:20,1,0,0
BRDA:20,1,1,0
BRDA:20,2,0,0
BRDA:20,2,1,0
BRDA:37,3,0,0
BRDA:37,3,1,0
BRDA:46,4,0,0
BRDA:46,4,1,0
BRDA:47,5,0,0
BRDA:47,5,1,0
BRDA:50,6,0,0
BRDA:50,6,1,0
BRDA:51,7,0,0
BRDA:51,7,1,0
BRDA:57,8,0,0
BRDA:57,8,1,0
BRDA:63,9,0,0
BRDA:63,9,1,0
BRF:20
BRH:0
end_of_record
TN:
SF:core\checkins\acknowledgeAlert.js
FN:8,(anonymous_0)
FNF:1
FNH:1
FNDA:10,(anonymous_0)
DA:1,1
DA:2,1
DA:3,1
DA:5,1
DA:8,1
DA:9,10
DA:10,9
DA:13,9
DA:15,7
DA:16,7
DA:18,0
DA:19,0
DA:22,0
DA:25,0
DA:26,0
DA:30,0
DA:31,0
DA:32,0
DA:37,0
DA:38,0
DA:47,0
LF:21
LH:10
BRDA:18,0,0,0
BRDA:18,0,1,0
BRDA:25,1,0,0
BRDA:25,1,1,0
BRDA:25,2,0,0
BRDA:25,2,1,0
BRDA:30,3,0,0
BRDA:30,3,1,0
BRDA:31,4,0,0
BRDA:31,4,1,0
BRF:10
BRH:0
end_of_record
TN:
SF:core\checkins\checkCascadingAlertEscalation.js
FN:10,(anonymous_0)
FN:43,(anonymous_1)
FNF:2
FNH:0
FNDA:0,(anonymous_0)
FNDA:0,(anonymous_1)
DA:1,0
DA:2,0
DA:3,0
DA:5,0
DA:8,0
DA:11,0
DA:12,0
DA:17,0
DA:23,0
DA:25,0
DA:26,0
DA:27,0
DA:30,0
DA:31,0
DA:33,0
DA:37,0
DA:41,0
DA:42,0
DA:43,0
DA:45,0
DA:47,0
DA:48,0
DA:52,0
DA:56,0
DA:58,0
DA:65,0
DA:66,0
DA:68,0
DA:70,0
DA:73,0
DA:75,0
DA:76,0
LF:32
LH:0
BRDA:30,0,0,0
BRDA:30,0,1,0
BRDA:31,1,0,0
BRDA:31,1,1,0
BRDA:41,2,0,0
BRDA:41,2,1,0
BRDA:42,3,0,0
BRDA:42,3,1,0
BRDA:45,4,0,0
BRDA:45,4,1,0
BRF:10
BRH:0
end_of_record
TN:
SF:core\checkins\checkExpiredCheckIns.js
FN:8,checkExpiredCheckIns
FN:39,(anonymous_1)
FNF:2
FNH:1
FNDA:7,checkExpiredCheckIns
FNDA:0,(anonymous_1)
DA:1,1
DA:2,1
DA:9,7
DA:10,7
DA:11,0
DA:13,0
DA:14,0
DA:15,0
DA:18,0
DA:19,0
DA:25,0
DA:26,0
DA:29,0
DA:31,0
DA:32,0
DA:35,0
DA:36,0
DA:39,0
DA:40,0
DA:41,0
DA:42,0
DA:44,0
DA:45,0
DA:46,0
DA:49,0
DA:51,0
DA:52,0
DA:54,0
DA:55,0
DA:56,0
DA:60,0
DA:68,0
DA:69,0
DA:70,0
DA:74,0
DA:75,0
DA:76,0
DA:77,0
DA:79,0
DA:81,0
DA:82,0
DA:87,0
DA:89,0
DA:93,0
DA:101,0
DA:102,0
DA:103,0
DA:104,0
DA:106,0
DA:107,0
DA:108,0
DA:113,0
DA:114,0
DA:118,0
DA:119,0
DA:125,0
DA:142,0
DA:149,0
DA:157,0
DA:158,0
DA:160,0
DA:161,0
DA:166,0
DA:167,0
DA:170,0
DA:171,0
DA:175,0
DA:178,0
DA:179,0
DA:180,0
DA:182,0
DA:185,0
DA:191,7
DA:192,7
DA:193,7
DA:197,1
LF:76
LH:8
BRDA:25,0,0,0
BRDA:25,0,1,0
BRDA:31,1,0,0
BRDA:31,1,1,0
BRDA:44,2,0,0
BRDA:44,2,1,0
BRDA:44,3,0,0
BRDA:44,3,1,0
BRDA:54,4,0,0
BRDA:54,4,1,0
BRDA:68,5,0,0
BRDA:68,5,1,0
BRDA:68,6,0,0
BRDA:68,6,1,0
BRDA:79,7,0,0
BRDA:79,7,1,0
BRDA:84,8,0,0
BRDA:84,8,1,0
BRDA:84,8,2,0
BRDA:106,9,0,0
BRDA:106,9,1,0
BRDA:106,10,0,0
BRDA:106,10,1,0
BRDA:106,10,2,0
BRDA:110,11,0,0
BRDA:110,11,1,0
BRDA:110,11,2,0
BRDA:170,12,0,0
BRDA:170,12,1,0
BRDA:179,13,0,0
BRDA:179,13,1,0
BRF:31
BRH:0
end_of_record
TN:
SF:core\checkins\completeCheckIn.js
FN:9,(anonymous_0)
FNF:1
FNH:1
FNDA:12,(anonymous_0)
DA:1,1
DA:2,1
DA:3,1
DA:4,1
DA:6,1
DA:9,1
DA:10,12
DA:11,11
DA:14,11
DA:16,9
DA:17,9
DA:19,0
DA:20,0
DA:23,0
DA:26,0
DA:27,0
DA:30,0
DA:39,0
DA:40,0
DA:41,0
DA:52,0
DA:57,0
LF:22
LH:11
BRDA:19,0,0,0
BRDA:19,0,1,0
BRDA:19,1,0,0
BRDA:19,1,1,0
BRDA:26,2,0,0
BRDA:26,2,1,0
BRDA:39,3,0,0
BRDA:39,3,1,0
BRDA:39,4,0,0
BRDA:39,4,1,0
BRF:10
BRH:0
end_of_record
TN:
SF:core\checkins\extendCheckIn.js
FN:10,(anonymous_0)
FNF:1
FNH:1
FNDA:13,(anonymous_0)
DA:1,1
DA:2,1
DA:3,1
DA:4,1
DA:5,1
DA:7,1
DA:10,1
DA:11,13
DA:12,12
DA:15,12
DA:18,11
DA:19,11
DA:22,10
DA:31,10
DA:32,1
DA:43,9
DA:44,9
DA:46,0
DA:47,0
DA:50,0
DA:51,0
DA:52,0
DA:54,0
DA:61,0
DA:62,0
DA:63,0
DA:74,0
DA:79,0
LF:28
LH:17
BRDA:31,0,0,1
BRDA:31,0,1,9
BRDA:46,1,0,0
BRDA:46,1,1,0
BRDA:46,2,0,0
BRDA:46,2,1,0
BRDA:61,3,0,0
BRDA:61,3,1,0
BRDA:61,4,0,0
BRDA:61,4,1,0
BRF:10
BRH:2
end_of_record
TN:
SF:core\checkins\onCheckInCountUpdate.js
FN:9,(anonymous_0)
FNF:1
FNH:1
FNDA:4,(anonymous_0)
DA:1,1
DA:2,1
DA:4,1
DA:7,1
DA:10,4
DA:11,0
DA:12,0
DA:13,0
DA:16,0
DA:18,0
DA:23,0
DA:29,0
DA:35,0
DA:36,0
DA:37,0
DA:38,0
DA:40,0
DA:41,0
DA:42,0
DA:44,0
DA:45,0
DA:47,0
DA:51,0
DA:52,0
DA:53,0
DA:54,0
DA:57,0
DA:64,0
DA:66,0
DA:67,0
DA:68,0
DA:69,0
DA:72,0
DA:79,0
DA:80,0
DA:82,0
DA:86,0
DA:87,0
DA:89,0
DA:95,0
DA:96,0
DA:97,0
DA:98,0
DA:100,0
DA:107,0
DA:108,0
DA:113,0
LF:47
LH:5
BRDA:16,0,0,0
BRDA:16,0,1,0
BRDA:16,1,0,0
BRDA:16,1,1,0
BRDA:35,2,0,0
BRDA:35,2,1,0
BRDA:38,3,0,0
BRDA:38,3,1,0
BRDA:38,4,0,0
BRDA:38,4,1,0
BRDA:40,5,0,0
BRDA:40,5,1,0
BRDA:40,6,0,0
BRDA:40,6,1,0
BRDA:41,7,0,0
BRDA:41,7,1,0
BRDA:41,8,0,0
BRDA:41,8,1,0
BRDA:42,9,0,0
BRDA:42,9,1,0
BRDA:42,10,0,0
BRDA:42,10,1,0
BRDA:44,11,0,0
BRDA:44,11,1,0
BRDA:64,12,0,0
BRDA:64,12,1,0
BRDA:80,13,0,0
BRDA:80,13,1,0
BRDA:82,14,0,0
BRDA:82,14,1,0
BRDA:86,15,0,0
BRDA:86,15,1,0
BRDA:95,16,0,0
BRDA:95,16,1,0
BRDA:95,17,0,0
BRDA:95,17,1,0
BRDA:97,18,0,0
BRDA:97,18,1,0
BRDA:107,19,0,0
BRDA:107,19,1,0
BRDA:107,20,0,0
BRDA:107,20,1,0
BRF:42
BRH:0
end_of_record
TN:
SF:core\checkins\onCheckInCreated.js
FN:10,(anonymous_0)
FNF:1
FNH:1
FNDA:9,(anonymous_0)
DA:1,1
DA:2,1
DA:3,1
DA:5,1
DA:8,1
DA:11,9
DA:12,9
DA:14,9
DA:17,9
DA:18,9
DA:20,7
DA:21,0
DA:22,0
DA:23,0
DA:29,2
DA:30,0
DA:36,2
DA:41,0
DA:42,0
DA:49,0
DA:50,0
DA:51,0
DA:58,0
DA:63,9
LF:24
LH:14
BRDA:18,0,0,7
BRDA:18,0,1,2
BRDA:18,1,0,9
BRDA:18,1,1,9
BRDA:21,2,0,0
BRDA:21,2,1,0
BRDA:23,3,0,0
BRDA:23,3,1,0
BRDA:29,4,0,0
BRDA:29,4,1,2
BRDA:49,5,0,0
BRDA:49,5,1,0
BRDA:49,6,0,0
BRDA:49,6,1,0
BRF:14
BRH:5
end_of_record
TN:
SF:core\checkins\sendCheckInReminders.js
FN:11,(anonymous_0)
FN:86,(anonymous_1)
FN:91,(anonymous_2)
FNF:3
FNH:0
FNDA:0,(anonymous_0)
FNDA:0,(anonymous_1)
FNDA:0,(anonymous_2)
DA:1,0
DA:2,0
DA:4,0
DA:5,0
DA:9,0
DA:12,0
DA:13,0
DA:16,0
DA:20,0
DA:22,0
DA:28,0
DA:30,0
DA:32,0
DA:33,0
DA:36,0
DA:37,0
DA:41,0
DA:43,0
DA:44,0
DA:47,0
DA:50,0
DA:51,0
DA:84,0
DA:87,0
DA:89,0
DA:92,0
DA:94,0
DA:96,0
DA:106,0
DA:108,0
DA:109,0
DA:111,0
DA:112,0
LF:33
LH:0
BRDA:5,0,0,0
BRDA:5,0,1,0
BRDA:36,1,0,0
BRDA:36,1,1,0
BRDA:43,2,0,0
BRDA:43,2,1,0
BRDA:50,3,0,0
BRDA:50,3,1,0
BRDA:50,4,0,0
BRDA:50,4,1,0
BRDA:94,5,0,0
BRDA:94,5,1,0
BRDA:94,6,0,0
BRDA:94,6,1,0
BRF:14
BRH:0
end_of_record
TN:
SF:core\checkins\trackCheckInComment.js
FN:9,(anonymous_0)
FNF:1
FNH:1
FNDA:5,(anonymous_0)
DA:1,1
DA:2,1
DA:4,1
DA:7,1
DA:10,5
DA:11,5
DA:14,5
DA:15,0
DA:17,0
DA:18,0
DA:19,0
DA:22,0
DA:25,0
DA:33,0
DA:34,0
LF:15
LH:7
BRDA:15,0,0,0
BRDA:15,0,1,0
BRDA:22,1,0,0
BRDA:22,1,1,0
BRF:4
BRH:0
end_of_record
TN:
SF:core\checkins\trackCheckInReaction.js
FN:9,(anonymous_0)
FNF:1
FNH:1
FNDA:7,(anonymous_0)
DA:1,1
DA:2,1
DA:4,1
DA:7,1
DA:10,7
DA:11,7
DA:14,7
DA:15,0
DA:17,0
DA:18,0
DA:19,0
DA:22,0
DA:25,0
DA:33,0
DA:34,0
LF:15
LH:7
BRDA:15,0,0,0
BRDA:15,0,1,0
BRDA:22,1,0,0
BRDA:22,1,1,0
BRF:4
BRH:0
end_of_record
TN:
SF:core\emergency\onDuressCodeUsed.js
FN:10,(anonymous_0)
FN:47,(anonymous_1)
FNF:2
FNH:1
FNDA:2,(anonymous_0)
FNDA:0,(anonymous_1)
DA:1,1
DA:2,1
DA:3,1
DA:5,1
DA:8,1
DA:11,2
DA:14,2
DA:15,2
DA:18,0
DA:21,0
DA:22,0
DA:23,0
DA:24,0
DA:27,0
DA:30,0
DA:31,0
DA:36,0
DA:37,0
DA:38,0
DA:42,0
DA:44,0
DA:47,0
DA:48,0
DA:49,0
DA:51,0
DA:53,0
DA:55,0
DA:57,0
DA:58,0
DA:60,0
DA:64,0
DA:65,0
DA:67,0
DA:72,0
DA:73,0
DA:80,0
DA:81,0
DA:96,0
DA:107,0
DA:111,0
DA:113,0
DA:114,0
LF:42
LH:8
BRDA:14,0,0,2
BRDA:14,0,1,0
BRDA:22,1,0,0
BRDA:22,1,1,0
BRDA:36,2,0,0
BRDA:36,2,1,0
BRDA:49,3,0,0
BRDA:49,3,1,0
BRDA:55,4,0,0
BRDA:55,4,1,0
BRDA:72,5,0,0
BRDA:72,5,1,0
BRDA:80,6,0,0
BRDA:80,6,1,0
BRDA:80,7,0,0
BRDA:80,7,1,0
BRF:16
BRH:1
end_of_record
TN:
SF:core\emergency\triggerEmergencySOS.js
FN:9,(anonymous_0)
FN:65,(anonymous_1)
FN:100,(anonymous_2)
FN:243,(anonymous_3)
FNF:4
FNH:1
FNDA:13,(anonymous_0)
FNDA:0,(anonymous_1)
FNDA:0,(anonymous_2)
FNDA:0,(anonymous_3)
DA:1,1
DA:2,1
DA:3,1
DA:4,1
DA:5,1
DA:7,1
DA:9,1
DA:10,13
DA:11,12
DA:14,12
DA:17,10
DA:18,10
DA:22,9
DA:31,9
DA:32,1
DA:44,8
DA:45,0
DA:48,8
DA:49,0
DA:52,0
DA:53,0
DA:59,0
DA:60,0
DA:64,0
DA:65,0
DA:66,0
DA:67,0
DA:68,0
DA:69,0
DA:73,0
DA:83,0
DA:90,0
DA:95,0
DA:100,0
DA:101,0
DA:102,0
DA:104,0
DA:105,0
DA:108,0
DA:109,0
DA:110,0
DA:113,0
DA:117,0
DA:118,0
DA:119,0
DA:120,0
DA:124,0
DA:135,0
DA:137,0
DA:142,0
DA:143,0
DA:144,0
DA:145,0
DA:146,0
DA:153,0
DA:154,0
DA:156,0
DA:161,0
DA:162,0
DA:167,0
DA:168,0
DA:169,0
DA:170,0
DA:171,0
DA:172,0
DA:173,0
DA:179,0
DA:180,0
DA:182,0
DA:188,0
DA:189,0
DA:190,0
DA:191,0
DA:193,0
DA:198,0
DA:199,0
DA:200,0
DA:204,0
DA:206,0
DA:211,0
DA:212,0
DA:213,0
DA:214,0
DA:216,0
DA:221,0
DA:230,0
DA:232,0
DA:234,0
DA:238,0
DA:241,0
DA:242,0
DA:243,0
DA:244,0
DA:245,0
DA:251,0
DA:253,0
DA:256,0
DA:259,0
LF:98
LH:17
BRDA:17,0,0,10
BRDA:17,0,1,0
BRDA:31,1,0,1
BRDA:31,1,1,8
BRDA:44,2,0,0
BRDA:44,2,1,8
BRDA:68,3,0,0
BRDA:68,3,1,0
BRDA:68,4,0,0
BRDA:68,4,1,0
BRDA:75,5,0,0
BRDA:75,5,1,0
BRDA:76,6,0,0
BRDA:76,6,1,0
BRDA:83,7,0,0
BRDA:83,7,1,0
BRDA:83,7,2,0
BRDA:90,8,0,0
BRDA:90,8,1,0
BRDA:91,9,0,0
BRDA:91,9,1,0
BRDA:92,10,0,0
BRDA:92,10,1,0
BRDA:95,11,0,0
BRDA:95,11,1,0
BRDA:97,12,0,0
BRDA:97,12,1,0
BRDA:102,13,0,0
BRDA:102,13,1,0
BRDA:108,14,0,0
BRDA:108,14,1,0
BRDA:117,15,0,0
BRDA:117,15,1,0
BRDA:117,16,0,0
BRDA:117,16,1,0
BRDA:119,17,0,0
BRDA:119,17,1,0
BRDA:120,18,0,0
BRDA:120,18,1,0
BRDA:122,19,0,0
BRDA:122,19,1,0
BRDA:132,20,0,0
BRDA:132,20,1,0
BRDA:143,21,0,0
BRDA:143,21,1,0
BRDA:143,22,0,0
BRDA:143,22,1,0
BRDA:148,23,0,0
BRDA:148,23,1,0
BRDA:164,24,0,0
BRDA:164,24,1,0
BRDA:167,25,0,0
BRDA:167,25,1,0
BRDA:170,26,0,0
BRDA:170,26,1,0
BRDA:170,27,0,0
BRDA:170,27,1,0
BRDA:175,28,0,0
BRDA:175,28,1,0
BRDA:188,29,0,0
BRDA:188,29,1,0
BRDA:188,30,0,0
BRDA:188,30,1,0
BRDA:188,30,2,0
BRDA:198,31,0,0
BRDA:198,31,1,0
BRDA:198,32,0,0
BRDA:198,32,1,0
BRDA:201,33,0,0
BRDA:201,33,1,0
BRDA:211,34,0,0
BRDA:211,34,1,0
BRDA:211,35,0,0
BRDA:211,35,1,0
BRDA:211,35,2,0
BRDA:211,35,3,0
BRDA:224,36,0,0
BRDA:224,36,1,0
BRDA:241,37,0,0
BRDA:241,37,1,0
BRDA:247,38,0,0
BRDA:247,38,1,0
BRF:82
BRH:4
end_of_record
TN:
SF:core\maintenance\backfillBestieUserIds.js
FN:15,backfillBestieUserIds
FN:95,(anonymous_1)
FN:116,(anonymous_2)
FNF:3
FNH:0
FNDA:0,backfillBestieUserIds
FNDA:0,(anonymous_1)
FNDA:0,(anonymous_2)
DA:1,0
DA:2,0
DA:4,0
DA:16,0
DA:18,0
DA:20,0
DA:24,0
DA:26,0
DA:27,0
DA:28,0
DA:31,0
DA:32,0
DA:33,0
DA:34,0
DA:37,0
DA:38,0
DA:39,0
DA:42,0
DA:43,0
DA:44,0
DA:45,0
DA:48,0
DA:49,0
DA:50,0
DA:51,0
DA:55,0
DA:57,0
DA:58,0
DA:60,0
DA:64,0
DA:68,0
DA:70,0
DA:71,0
DA:74,0
DA:75,0
DA:85,0
DA:86,0
DA:87,0
DA:88,0
DA:89,0
DA:90,0
DA:91,0
DA:93,0
DA:94,0
DA:95,0
DA:96,0
DA:100,0
DA:102,0
DA:111,0
DA:112,0
DA:116,0
DA:118,0
DA:119,0
DA:123,0
DA:124,0
DA:125,0
DA:128,0
DA:130,0
DA:131,0
DA:132,0
DA:138,0
DA:139,0
LF:62
LH:0
BRDA:26,0,0,0
BRDA:26,0,1,0
BRDA:42,1,0,0
BRDA:42,1,1,0
BRDA:42,2,0,0
BRDA:42,2,1,0
BRDA:93,3,0,0
BRDA:93,3,1,0
BRDA:118,4,0,0
BRDA:118,4,1,0
BRDA:124,5,0,0
BRDA:124,5,1,0
BRDA:124,6,0,0
BRDA:124,6,1,0
BRF:14
BRH:0
end_of_record
TN:
SF:core\maintenance\cleanupOldData.js
FN:10,(anonymous_0)
FN:28,(anonymous_1)
FN:35,(anonymous_2)
FNF:3
FNH:0
FNDA:0,(anonymous_0)
FNDA:0,(anonymous_1)
FNDA:0,(anonymous_2)
DA:1,0
DA:2,0
DA:4,0
DA:7,0
DA:11,0
DA:13,0
DA:14,0
DA:18,0
DA:19,0
DA:20,0
DA:22,0
DA:24,0
DA:28,0
DA:31,0
DA:35,0
DA:37,0
DA:40,0
DA:41,0
DA:46,0
DA:47,0
DA:50,0
DA:51,0
DA:53,0
DA:54,0
DA:55,0
DA:56,0
DA:57,0
DA:60,0
DA:64,0
DA:65,0
DA:69,0
DA:74,0
DA:75,0
DA:76,0
DA:80,0
DA:82,0
DA:89,0
DA:90,0
LF:38
LH:0
BRDA:50,0,0,0
BRDA:50,0,1,0
BRDA:54,1,0,0
BRDA:54,1,1,0
BRF:4
BRH:0
end_of_record
TN:
SF:core\maintenance\fixDoubleCountedStats.js
FN:11,(anonymous_0)
FNF:1
FNH:0
FNDA:0,(anonymous_0)
DA:1,0
DA:2,0
DA:4,0
DA:11,0
DA:13,0
DA:14,0
DA:18,0
DA:19,0
DA:20,0
DA:23,0
DA:25,0
DA:26,0
DA:27,0
DA:29,0
DA:35,0
DA:36,0
LF:16
LH:0
BRDA:13,0,0,0
BRDA:13,0,1,0
BRDA:19,1,0,0
BRDA:19,1,1,0
BRDA:19,2,0,0
BRDA:19,2,1,0
BRF:6
BRH:0
end_of_record
TN:
SF:core\maintenance\migratePhoneNumbers.js
FN:10,(anonymous_0)
FNF:1
FNH:0
FNDA:0,(anonymous_0)
DA:1,0
DA:2,0
DA:4,0
DA:10,0
DA:12,0
DA:13,0
DA:17,0
DA:18,0
DA:19,0
DA:22,0
DA:23,0
DA:24,0
DA:25,0
DA:26,0
DA:28,0
DA:29,0
DA:30,0
DA:32,0
DA:33,0
DA:34,0
DA:38,0
DA:39,0
DA:40,0
DA:43,0
DA:44,0
DA:47,0
DA:50,0
DA:52,0
DA:53,0
DA:54,0
DA:56,0
DA:57,0
DA:59,0
DA:60,0
DA:62,0
DA:65,0
DA:69,0
DA:70,0
DA:71,0
DA:75,0
DA:81,0
DA:83,0
DA:84,0
DA:88,0
DA:96,0
DA:97,0
LF:46
LH:0
BRDA:12,0,0,0
BRDA:12,0,1,0
BRDA:18,1,0,0
BRDA:18,1,1,0
BRDA:18,2,0,0
BRDA:18,2,1,0
BRDA:32,3,0,0
BRDA:32,3,1,0
BRDA:38,4,0,0
BRDA:38,4,1,0
BRDA:38,5,0,0
BRDA:38,5,1,0
BRDA:50,6,0,0
BRDA:50,6,1,0
BRDA:50,7,0,0
BRDA:50,7,1,0
BRDA:52,8,0,0
BRDA:52,8,1,0
BRDA:54,9,0,0
BRDA:54,9,1,0
BRDA:57,10,0,0
BRDA:57,10,1,0
BRDA:57,11,0,0
BRDA:57,11,1,0
BRDA:60,12,0,0
BRDA:60,12,1,0
BRDA:69,13,0,0
BRDA:69,13,1,0
BRDA:93,14,0,0
BRDA:93,14,1,0
BRF:30
BRH:0
end_of_record
TN:
SF:core\maintenance\sendTestAlert.js
FN:9,initializeSendGrid
FN:25,(anonymous_1)
FN:184,(anonymous_2)
FN:192,(anonymous_3)
FNF:4
FNH:0
FNDA:0,initializeSendGrid
FNDA:0,(anonymous_1)
FNDA:0,(anonymous_2)
FNDA:0,(anonymous_3)
DA:1,0
DA:2,0
DA:3,0
DA:4,0
DA:7,0
DA:10,0
DA:11,0
DA:12,0
DA:13,0
DA:15,0
DA:16,0
DA:20,0
DA:21,0
DA:25,0
DA:27,0
DA:28,0
DA:31,0
DA:32,0
DA:34,0
DA:36,0
DA:37,0
DA:38,0
DA:41,0
DA:42,0
DA:51,0
DA:52,0
DA:53,0
DA:78,0
DA:79,0
DA:80,0
DA:82,0
DA:87,0
DA:88,0
DA:89,0
DA:90,0
DA:109,0
DA:110,0
DA:111,0
DA:113,0
DA:118,0
DA:119,0
DA:120,0
DA:121,0
DA:126,0
DA:132,0
DA:133,0
DA:135,0
DA:140,0
DA:141,0
DA:142,0
DA:143,0
DA:148,0
DA:154,0
DA:155,0
DA:157,0
DA:162,0
DA:163,0
DA:164,0
DA:165,0
DA:167,0
DA:176,0
DA:177,0
DA:179,0
DA:184,0
DA:185,0
DA:186,0
DA:192,0
DA:194,0
DA:202,0
DA:203,0
DA:204,0
DA:206,0
LF:72
LH:0
BRDA:10,0,0,0
BRDA:10,0,1,0
BRDA:12,1,0,0
BRDA:12,1,1,0
BRDA:21,2,0,0
BRDA:21,2,1,0
BRDA:27,3,0,0
BRDA:27,3,1,0
BRDA:32,4,0,0
BRDA:32,4,1,0
BRDA:37,5,0,0
BRDA:37,5,1,0
BRDA:51,6,0,0
BRDA:51,6,1,0
BRDA:51,7,0,0
BRDA:51,7,1,0
BRDA:51,7,2,0
BRDA:87,8,0,0
BRDA:87,8,1,0
BRDA:87,9,0,0
BRDA:87,9,1,0
BRDA:87,9,2,0
BRDA:118,10,0,0
BRDA:118,10,1,0
BRDA:118,11,0,0
BRDA:118,11,1,0
BRDA:118,11,2,0
BRDA:140,12,0,0
BRDA:140,12,1,0
BRDA:140,13,0,0
BRDA:140,13,1,0
BRDA:140,13,2,0
BRDA:162,14,0,0
BRDA:162,14,1,0
BRDA:162,15,0,0
BRDA:162,15,1,0
BRDA:162,15,2,0
BRDA:185,16,0,0
BRDA:185,16,1,0
BRDA:199,17,0,0
BRDA:199,17,1,0
BRDA:203,18,0,0
BRDA:203,18,1,0
BRF:43
BRH:0
end_of_record
TN:
SF:core\monitoring\monitorCriticalErrors.js
FN:9,initializeSendGrid
FN:28,(anonymous_1)
FN:56,(anonymous_2)
FNF:3
FNH:1
FNDA:0,initializeSendGrid
FNDA:7,(anonymous_1)
FNDA:0,(anonymous_2)
DA:1,1
DA:2,1
DA:3,1
DA:4,1
DA:7,1
DA:10,0
DA:11,0
DA:12,0
DA:13,0
DA:15,0
DA:16,0
DA:20,1
DA:21,1
DA:26,1
DA:29,7
DA:33,7
DA:43,7
DA:44,2
DA:49,5
DA:50,5
DA:55,5
DA:56,5
DA:57,0
DA:58,0
DA:59,0
DA:65,0
DA:70,0
DA:72,0
DA:73,0
DA:74,0
DA:77,0
DA:80,0
DA:82,0
DA:84,0
DA:142,0
DA:143,0
DA:144,0
DA:146,0
DA:149,0
LF:39
LH:16
BRDA:10,0,0,0
BRDA:10,0,1,0
BRDA:12,1,0,0
BRDA:12,1,1,0
BRDA:21,2,0,1
BRDA:21,2,1,1
BRDA:33,3,0,7
BRDA:33,3,1,2
BRDA:33,3,2,2
BRDA:33,3,3,2
BRDA:33,3,4,2
BRDA:33,3,5,2
BRDA:33,3,6,2
BRDA:33,3,7,2
BRDA:33,3,8,2
BRDA:43,4,0,2
BRDA:43,4,1,5
BRDA:58,5,0,0
BRDA:58,5,1,0
BRDA:65,6,0,0
BRDA:65,6,1,0
BRDA:65,6,2,0
BRDA:65,6,3,0
BRDA:72,7,0,0
BRDA:72,7,1,0
BRDA:72,8,0,0
BRDA:72,8,1,0
BRDA:82,9,0,0
BRDA:82,9,1,0
BRDA:96,10,0,0
BRDA:96,10,1,0
BRDA:105,11,0,0
BRDA:105,11,1,0
BRDA:106,12,0,0
BRDA:106,12,1,0
BRDA:110,13,0,0
BRDA:110,13,1,0
BRDA:113,14,0,0
BRDA:113,14,1,0
BRDA:120,15,0,0
BRDA:120,15,1,0
BRF:41
BRH:13
end_of_record
TN:
SF:core\notifications\checkBirthdays.js
FN:9,initializeSendGrid
FN:27,(anonymous_1)
FN:88,(anonymous_2)
FN:92,(anonymous_3)
FNF:4
FNH:1
FNDA:0,initializeSendGrid
FNDA:6,(anonymous_1)
FNDA:0,(anonymous_2)
FNDA:0,(anonymous_3)
DA:1,1
DA:2,1
DA:3,1
DA:4,1
DA:7,1
DA:10,0
DA:11,0
DA:12,0
DA:13,0
DA:15,0
DA:16,0
DA:20,1
DA:21,1
DA:24,1
DA:28,6
DA:30,6
DA:31,6
DA:32,6
DA:34,6
DA:36,6
DA:37,6
DA:38,6
DA:40,6
DA:41,6
DA:44,6
DA:45,6
DA:46,0
DA:47,0
DA:50,0
DA:52,0
DA:53,0
DA:56,0
DA:57,0
DA:58,0
DA:61,0
DA:62,0
DA:66,0
DA:67,0
DA:68,0
DA:71,0
DA:72,0
DA:73,0
DA:76,0
DA:81,0
DA:86,0
DA:88,0
DA:89,0
DA:92,0
DA:93,0
DA:96,0
DA:99,0
DA:100,0
DA:101,0
DA:103,0
DA:104,0
DA:107,0
DA:108,0
DA:111,0
DA:112,0
DA:125,0
DA:126,0
DA:130,0
DA:131,0
DA:132,0
DA:133,0
DA:155,0
DA:157,0
DA:162,0
DA:168,0
DA:169,0
DA:172,0
DA:173,0
DA:177,0
DA:179,0
DA:185,6
DA:186,6
LF:76
LH:22
BRDA:10,0,0,0
BRDA:10,0,1,0
BRDA:12,1,0,0
BRDA:12,1,1,0
BRDA:21,2,0,1
BRDA:21,2,1,1
BRDA:46,3,0,0
BRDA:46,3,1,0
BRDA:52,4,0,0
BRDA:52,4,1,0
BRDA:61,5,0,0
BRDA:61,5,1,0
BRDA:71,6,0,0
BRDA:71,6,1,0
BRDA:71,7,0,0
BRDA:71,7,1,0
BRDA:103,8,0,0
BRDA:103,8,1,0
BRDA:108,9,0,0
BRDA:108,9,1,0
BRDA:111,10,0,0
BRDA:111,10,1,0
BRDA:111,11,0,0
BRDA:111,11,1,0
BRDA:120,12,0,0
BRDA:120,12,1,0
BRDA:130,13,0,0
BRDA:130,13,1,0
BRDA:172,14,0,0
BRDA:172,14,1,0
BRF:30
BRH:2
end_of_record
TN:
SF:core\payments\createCheckoutSession.js
FN:11,(anonymous_0)
FN:65,(anonymous_1)
FN:84,(anonymous_2)
FNF:3
FNH:1
FNDA:17,(anonymous_0)
FNDA:0,(anonymous_1)
FNDA:0,(anonymous_2)
DA:1,1
DA:2,1
DA:3,1
DA:4,1
DA:5,1
DA:7,1
DA:8,1
DA:11,1
DA:12,17
DA:13,1
DA:16,16
DA:19,16
DA:26,0
DA:27,0
DA:28,0
DA:39,0
DA:41,0
DA:42,0
DA:46,0
DA:47,0
DA:48,0
DA:56,0
DA:57,0
DA:59,0
DA:61,0
DA:63,0
DA:64,0
DA:66,0
DA:75,0
DA:77,0
DA:83,0
DA:85,0
DA:119,0
DA:127,0
DA:129,0
DA:130,0
LF:36
LH:12
BRDA:8,0,0,1
BRDA:8,0,1,1
BRDA:12,1,0,1
BRDA:12,1,1,16
BRDA:26,2,0,0
BRDA:26,2,1,0
BRDA:41,3,0,0
BRDA:41,3,1,0
BRDA:41,4,0,0
BRDA:41,4,1,0
BRDA:46,5,0,0
BRDA:46,5,1,0
BRDA:47,6,0,0
BRDA:47,6,1,0
BRDA:50,7,0,0
BRDA:50,7,1,0
BRDA:63,8,0,0
BRDA:63,8,1,0
BRDA:88,9,0,0
BRDA:88,9,1,0
BRDA:94,10,0,0
BRDA:94,10,1,0
BRDA:95,11,0,0
BRDA:95,11,1,0
BRF:24
BRH:4
end_of_record
TN:
SF:core\payments\createPortalSession.js
FN:11,(anonymous_0)
FN:49,(anonymous_1)
FNF:2
FNH:1
FNDA:6,(anonymous_0)
FNDA:0,(anonymous_1)
DA:1,1
DA:2,1
DA:3,1
DA:4,1
DA:5,1
DA:7,1
DA:8,1
DA:11,1
DA:12,6
DA:13,1
DA:16,5
DA:19,5
DA:26,0
DA:27,0
DA:28,0
DA:39,0
DA:40,0
DA:41,0
DA:43,0
DA:44,0
DA:47,0
DA:48,0
DA:50,0
DA:59,0
DA:65,0
DA:67,0
DA:68,0
LF:27
LH:12
BRDA:8,0,0,1
BRDA:8,0,1,1
BRDA:12,1,0,1
BRDA:12,1,1,5
BRDA:26,2,0,0
BRDA:26,2,1,0
BRDA:43,3,0,0
BRDA:43,3,1,0
BRF:8
BRH:4
end_of_record
TN:
SF:core\payments\stripeWebhook.js
FN:9,(anonymous_0)
FNF:1
FNH:0
FNDA:0,(anonymous_0)
DA:1,1
DA:2,1
DA:3,1
DA:4,1
DA:6,1
DA:9,1
DA:10,0
DA:11,0
DA:15,0
DA:16,0
DA:18,0
DA:19,0
DA:23,0
DA:24,0
DA:26,0
DA:27,0
DA:28,0
DA:32,0
DA:39,0
DA:40,0
DA:42,0
DA:43,0
DA:44,0
DA:46,0
DA:48,0
DA:55,0
DA:56,0
DA:58,0
DA:59,0
DA:60,0
DA:61,0
DA:63,0
DA:72,0
DA:74,0
DA:77,0
DA:78,0
DA:81,0
DA:85,0
DA:86,0
DA:87,0
DA:90,0
DA:91,0
DA:97,0
DA:98,0
DA:99,0
DA:105,0
DA:108,0
DA:111,0
DA:115,0
DA:116,0
DA:120,0
DA:125,0
DA:128,0
LF:53
LH:6
BRDA:26,0,0,0
BRDA:26,0,1,0
BRDA:40,1,0,0
BRDA:40,1,1,0
BRDA:40,1,2,0
BRDA:46,2,0,0
BRDA:46,2,1,0
BRDA:56,3,0,0
BRDA:56,3,1,0
BRDA:61,4,0,0
BRDA:61,4,1,0
BRDA:85,5,0,0
BRDA:85,5,1,0
BRDA:90,6,0,0
BRDA:90,6,1,0
BRDA:98,7,0,0
BRDA:98,7,1,0
BRF:17
BRH:0
end_of_record
TN:
SF:core\social\generateShareCard.js
FN:6,(anonymous_0)
FN:92,getDefaultHTML
FNF:2
FNH:2
FNDA:7,(anonymous_0)
FNDA:6,getDefaultHTML
DA:1,1
DA:2,1
DA:3,1
DA:6,1
DA:7,7
DA:9,7
DA:10,7
DA:16,7
DA:17,1
DA:24,6
DA:27,6
DA:28,3
DA:30,1
DA:34,3
DA:38,2
DA:40,2
DA:42,0
DA:45,0
DA:46,0
DA:47,0
DA:48,0
DA:49,0
DA:52,0
DA:85,0
DA:87,2
DA:88,2
DA:93,6
DA:94,6
LF:28
LH:20
BRDA:16,0,0,1
BRDA:16,0,1,6
BRDA:27,1,0,3
BRDA:27,1,1,3
BRDA:28,2,0,1
BRDA:28,2,1,2
BRDA:28,3,0,3
BRDA:28,3,1,3
BRDA:28,3,2,3
BRDA:40,4,0,0
BRDA:40,4,1,0
BRDA:46,5,0,0
BRDA:46,5,1,0
BRDA:47,6,0,0
BRDA:47,6,1,0
BRDA:48,7,0,0
BRDA:48,7,1,0
BRDA:93,8,0,6
BRDA:93,8,1,6
BRF:19
BRH:11
end_of_record
TN:
SF:core\social\onPostCreated.js
FN:12,(anonymous_0)
FNF:1
FNH:0
FNDA:0,(anonymous_0)
DA:1,0
DA:2,0
DA:4,0
DA:10,0
DA:13,0
DA:14,0
DA:16,0
DA:18,0
DA:19,0
DA:23,0
DA:24,0
DA:25,0
DA:26,0
DA:29,0
DA:30,0
DA:34,0
DA:38,0
DA:40,0
DA:44,0
LF:19
LH:0
BRDA:18,0,0,0
BRDA:18,0,1,0
BRDA:24,1,0,0
BRDA:24,1,1,0
BRDA:30,2,0,0
BRDA:30,2,1,0
BRF:6
BRH:0
end_of_record
TN:
SF:core\social\trackPostComment.js
FN:9,(anonymous_0)
FNF:1
FNH:1
FNDA:3,(anonymous_0)
DA:1,1
DA:2,1
DA:4,1
DA:7,1
DA:10,3
DA:11,3
DA:14,3
DA:15,0
DA:17,0
DA:18,0
DA:19,0
DA:22,0
DA:25,0
DA:33,0
DA:34,0
LF:15
LH:7
BRDA:15,0,0,0
BRDA:15,0,1,0
BRDA:22,1,0,0
BRDA:22,1,1,0
BRF:4
BRH:0
end_of_record
TN:
SF:core\social\trackReaction.js
FN:10,(anonymous_0)
FNF:1
FNH:1
FNDA:3,(anonymous_0)
DA:1,1
DA:2,1
DA:4,1
DA:8,1
DA:11,3
DA:12,3
DA:15,3
DA:16,0
DA:18,0
DA:19,0
DA:20,0
DA:23,0
DA:26,0
DA:34,0
DA:35,0
LF:15
LH:7
BRDA:16,0,0,0
BRDA:16,0,1,0
BRDA:23,1,0,0
BRDA:23,1,1,0
BRF:4
BRH:0
end_of_record
TN:
SF:core\users\onUserCreated.js
FN:7,(anonymous_0)
FNF:1
FNH:1
FNDA:3,(anonymous_0)
DA:1,1
DA:2,1
DA:4,1
DA:7,1
DA:9,3
DA:10,3
DA:16,0
DA:69,0
DA:81,0
LF:9
LH:6
BRDA:19,0,0,0
BRDA:19,0,1,0
BRDA:19,0,2,0
BRDA:20,1,0,0
BRDA:20,1,1,0
BRDA:21,2,0,0
BRDA:21,2,1,0
BRF:7
BRH:0
end_of_record
TN:
SF:utils\appConfig.js
FN:28,(anonymous_0)
FNF:1
FNH:0
FNDA:0,(anonymous_0)
DA:6,2
DA:11,2
DA:29,0
DA:30,0
DA:31,0
DA:41,2
LF:6
LH:3
BRDA:13,0,0,2
BRDA:13,0,1,2
BRDA:28,1,0,0
BRDA:30,2,0,0
BRDA:30,2,1,0
BRF:5
BRH:2
end_of_record
TN:
SF:utils\badges.js
FN:36,updateUserBadges
FN:122,countGuardianBesties
FN:134,countTotalBesties
FN:154,countCompletedCheckIns
FN:166,checkForNewBadge
FNF:5
FNH:0
FNDA:0,updateUserBadges
FNDA:0,countGuardianBesties
FNDA:0,countTotalBesties
FNDA:0,countCompletedCheckIns
FNDA:0,checkForNewBadge
DA:1,2
DA:4,2
DA:37,0
DA:38,0
DA:41,0
DA:42,0
DA:44,0
DA:45,0
DA:46,0
DA:50,0
DA:64,0
DA:67,0
DA:68,0
DA:69,0
DA:74,0
DA:75,0
DA:76,0
DA:81,0
DA:82,0
DA:83,0
DA:88,0
DA:89,0
DA:90,0
DA:95,0
DA:96,0
DA:97,0
DA:102,0
DA:109,0
DA:111,0
DA:114,0
DA:115,0
DA:123,0
DA:128,0
DA:135,0
DA:148,0
DA:155,0
DA:160,0
DA:167,0
DA:168,0
DA:170,0
DA:171,0
DA:172,0
DA:175,0
DA:178,2
LF:44
LH:3
BRDA:44,0,0,0
BRDA:44,0,1,0
BRDA:56,1,0,0
BRDA:56,1,1,0
BRDA:58,2,0,0
BRDA:58,2,1,0
BRDA:68,3,0,0
BRDA:68,3,1,0
BRDA:75,4,0,0
BRDA:75,4,1,0
BRDA:81,5,0,0
BRDA:81,5,1,0
BRDA:89,6,0,0
BRDA:89,6,1,0
BRDA:96,7,0,0
BRDA:96,7,1,0
BRDA:168,8,0,0
BRDA:168,8,1,0
BRDA:171,9,0,0
BRDA:171,9,1,0
BRDA:171,10,0,0
BRDA:171,10,1,0
BRF:22
BRH:0
end_of_record
TN:
SF:utils\besties.js
FN:17,getUserBestieIds
FN:35,(anonymous_1)
FN:52,(anonymous_2)
FN:65,getUserBesties
FN:78,(anonymous_4)
FN:83,(anonymous_5)
FN:102,isBestie
FNF:7
FNH:0
FNDA:0,getUserBestieIds
FNDA:0,(anonymous_1)
FNDA:0,(anonymous_2)
FNDA:0,getUserBesties
FNDA:0,(anonymous_4)
FNDA:0,(anonymous_5)
FNDA:0,isBestie
DA:6,0
DA:7,0
DA:18,0
DA:20,0
DA:23,0
DA:26,0
DA:27,0
DA:30,0
DA:31,0
DA:34,0
DA:35,0
DA:36,0
DA:40,0
DA:43,0
DA:44,0
DA:47,0
DA:48,0
DA:51,0
DA:52,0
DA:53,0
DA:56,0
DA:66,0
DA:68,0
DA:69,0
DA:73,0
DA:74,0
DA:76,0
DA:77,0
DA:78,0
DA:79,0
DA:81,0
DA:83,0
DA:84,0
DA:85,0
DA:93,0
DA:104,0
DA:119,0
DA:122,0
LF:38
LH:0
BRDA:17,0,0,0
BRDA:18,1,0,0
BRDA:18,2,0,0
BRDA:26,3,0,0
BRDA:26,3,1,0
BRDA:30,4,0,0
BRDA:30,4,1,0
BRDA:43,5,0,0
BRDA:43,5,1,0
BRDA:47,6,0,0
BRDA:47,6,1,0
BRDA:65,7,0,0
BRDA:68,8,0,0
BRDA:68,8,1,0
BRDA:84,9,0,0
BRDA:84,9,1,0
BRDA:119,10,0,0
BRDA:119,10,1,0
BRF:18
BRH:0
end_of_record
TN:
SF:utils\checkInNotifications.js
FN:29,notifyBestiesAboutCheckIn
FN:53,(anonymous_1)
FN:117,formatCheckInNotification
FN:146,sendTelegramNotification
FN:165,sendEmailNotification
FN:203,sendMessengerContactNotifications
FN:220,(anonymous_6)
FN:224,(anonymous_7)
FN:243,sendMessengerMessage
FNF:9
FNH:0
FNDA:0,notifyBestiesAboutCheckIn
FNDA:0,(anonymous_1)
FNDA:0,formatCheckInNotification
FNDA:0,sendTelegramNotification
FNDA:0,sendEmailNotification
FNDA:0,sendMessengerContactNotifications
FNDA:0,(anonymous_6)
FNDA:0,(anonymous_7)
FNDA:0,sendMessengerMessage
DA:1,3
DA:2,3
DA:3,3
DA:4,3
DA:6,3
DA:12,3
DA:31,0
DA:32,0
DA:33,0
DA:36,0
DA:37,0
DA:40,0
DA:41,0
DA:42,0
DA:43,0
DA:46,0
DA:47,0
DA:50,0
DA:53,0
DA:54,0
DA:55,0
DA:56,0
DA:57,0
DA:58,0
DA:61,0
DA:62,0
DA:65,0
DA:66,0
DA:67,0
DA:68,0
DA:69,0
DA:71,0
DA:72,0
DA:77,0
DA:78,0
DA:79,0
DA:80,0
DA:81,0
DA:83,0
DA:84,0
DA:91,0
DA:94,0
DA:97,0
DA:99,0
DA:100,0
DA:104,0
DA:105,0
DA:107,0
DA:109,0
DA:110,0
DA:118,0
DA:119,0
DA:121,0
DA:123,0
DA:126,0
DA:127,0
DA:130,0
DA:133,0
DA:136,0
DA:139,0
DA:147,0
DA:148,0
DA:149,0
DA:152,0
DA:166,0
DA:168,0
DA:175,0
DA:177,0
DA:197,0
DA:204,0
DA:205,0
DA:206,0
DA:209,0
DA:213,0
DA:214,0
DA:215,0
DA:219,0
DA:221,0
DA:222,0
DA:225,0
DA:226,0
DA:227,0
DA:228,0
DA:230,0
DA:234,0
DA:236,0
DA:244,0
DA:245,0
DA:246,0
DA:249,0
DA:258,3
LF:91
LH:7
BRDA:31,0,0,0
BRDA:31,0,1,0
BRDA:41,1,0,0
BRDA:41,1,1,0
BRDA:47,2,0,0
BRDA:47,2,1,0
BRDA:56,3,0,0
BRDA:56,3,1,0
BRDA:65,4,0,0
BRDA:65,4,1,0
BRDA:65,5,0,0
BRDA:65,5,1,0
BRDA:77,6,0,0
BRDA:77,6,1,0
BRDA:77,7,0,0
BRDA:77,7,1,0
BRDA:91,8,0,0
BRDA:91,8,1,0
BRDA:91,9,0,0
BRDA:91,9,1,0
BRDA:118,10,0,0
BRDA:118,10,1,0
BRDA:118,10,2,0
BRDA:119,11,0,0
BRDA:119,11,1,0
BRDA:121,12,0,0
BRDA:121,12,1,0
BRDA:121,12,2,0
BRDA:121,12,3,0
BRDA:121,12,4,0
BRDA:126,13,0,0
BRDA:126,13,1,0
BRDA:127,14,0,0
BRDA:127,14,1,0
BRDA:148,15,0,0
BRDA:148,15,1,0
BRDA:166,16,0,0
BRDA:166,16,1,0
BRDA:166,16,2,0
BRDA:180,17,0,0
BRDA:180,17,1,0
BRDA:188,18,0,0
BRDA:188,18,1,0
BRDA:213,19,0,0
BRDA:213,19,1,0
BRDA:222,20,0,0
BRDA:222,20,1,0
BRDA:245,21,0,0
BRDA:245,21,1,0
BRF:49
BRH:0
end_of_record
TN:
SF:utils\emailConfig.js
FNF:0
FNH:0
DA:6,7
DA:11,7
DA:22,7
LF:3
LH:3
BRDA:13,0,0,7
BRDA:13,0,1,7
BRDA:14,1,0,7
BRDA:14,1,1,7
BRDA:15,2,0,7
BRDA:15,2,1,7
BRDA:18,3,0,7
BRDA:18,3,1,7
BRDA:19,4,0,7
BRDA:19,4,1,7
BRF:10
BRH:10
end_of_record
TN:
SF:utils\messaging.js
FN:7,getTwilioClient
FN:21,sendNotification
FN:108,(anonymous_2)
FN:122,sendBulkNotifications
FN:123,(anonymous_4)
FN:132,formatCheckInAlert
FN:145,formatFalseAlarm
FN:152,formatEmergencyAlert
FN:159,formatBestieRequest
FN:166,formatCheckInSafe
FNF:10
FNH:0
FNDA:0,getTwilioClient
FNDA:0,sendNotification
FNDA:0,(anonymous_2)
FNDA:0,sendBulkNotifications
FNDA:0,(anonymous_4)
FNDA:0,formatCheckInAlert
FNDA:0,formatFalseAlarm
FNDA:0,formatEmergencyAlert
FNDA:0,formatBestieRequest
FNDA:0,formatCheckInSafe
DA:1,1
DA:2,1
DA:5,1
DA:8,0
DA:9,0
DA:14,0
DA:22,0
DA:23,0
DA:24,0
DA:26,0
DA:27,0
DA:28,0
DA:29,0
DA:32,0
DA:33,0
DA:36,0
DA:37,0
DA:38,0
DA:43,0
DA:44,0
DA:45,0
DA:47,0
DA:48,0
DA:49,0
DA:54,0
DA:55,0
DA:56,0
DA:61,0
DA:62,0
DA:63,0
DA:65,0
DA:66,0
DA:67,0
DA:73,0
DA:75,0
DA:76,0
DA:80,0
DA:81,0
DA:82,0
DA:83,0
DA:88,0
DA:89,0
DA:90,0
DA:92,0
DA:93,0
DA:94,0
DA:99,0
DA:107,0
DA:108,0
DA:113,0
DA:114,0
DA:115,0
DA:123,0
DA:124,0
DA:126,0
DA:133,0
DA:134,0
DA:135,0
DA:136,0
DA:138,0
DA:139,0
DA:146,0
DA:153,0
DA:160,0
DA:167,0
DA:170,1
LF:66
LH:4
BRDA:8,0,0,0
BRDA:8,0,1,0
BRDA:21,1,0,0
BRDA:26,2,0,0
BRDA:26,2,1,0
BRDA:36,3,0,0
BRDA:36,3,1,0
BRDA:36,4,0,0
BRDA:36,4,1,0
BRDA:54,5,0,0
BRDA:54,5,1,0
BRDA:54,6,0,0
BRDA:54,6,1,0
BRDA:73,7,0,0
BRDA:73,7,1,0
BRDA:73,8,0,0
BRDA:73,8,1,0
BRDA:80,9,0,0
BRDA:80,9,1,0
BRDA:80,10,0,0
BRDA:80,10,1,0
BRDA:84,11,0,0
BRDA:84,11,1,0
BRDA:85,12,0,0
BRDA:85,12,1,0
BRDA:86,13,0,0
BRDA:86,13,1,0
BRDA:122,14,0,0
BRDA:135,15,0,0
BRDA:135,15,1,0
BRF:30
BRH:0
end_of_record
TN:
SF:utils\notifications.js
FN:12,getTwilioClient
FN:34,initializeSendGrid
FN:54,sendSMSAlert
FN:57,(anonymous_3)
FN:71,sendWhatsAppAlert
FN:74,(anonymous_5)
FN:88,sendEmailAlert
FN:109,(anonymous_7)
FN:119,sendPushNotification
FN:148,(anonymous_9)
FN:164,sendAlertToBesties
FN:193,sendCascadingAlert
FN:267,(anonymous_12)
FN:333,logAlertEvent
FNF:14
FNH:7
FNDA:3,getTwilioClient
FNDA:2,initializeSendGrid
FNDA:2,sendSMSAlert
FNDA:2,(anonymous_3)
FNDA:1,sendWhatsAppAlert
FNDA:1,(anonymous_5)
FNDA:2,sendEmailAlert
FNDA:0,(anonymous_7)
FNDA:0,sendPushNotification
FNDA:0,(anonymous_9)
FNDA:0,sendAlertToBesties
FNDA:0,sendCascadingAlert
FNDA:0,(anonymous_12)
FNDA:0,logAlertEvent
DA:1,5
DA:2,5
DA:3,5
DA:4,5
DA:5,5
DA:6,5
DA:9,5
DA:10,5
DA:13,3
DA:14,1
DA:15,1
DA:17,1
DA:18,0
DA:21,1
DA:22,1
DA:24,1
DA:25,0
DA:28,3
DA:32,5
DA:35,2
DA:36,1
DA:37,1
DA:38,0
DA:40,1
DA:41,1
DA:46,5
DA:49,5
DA:55,2
DA:56,2
DA:58,2
DA:72,1
DA:73,1
DA:75,1
DA:89,2
DA:91,2
DA:108,0
DA:110,0
DA:121,0
DA:146,0
DA:147,0
DA:149,0
DA:153,0
DA:156,0
DA:157,0
DA:165,0
DA:166,0
DA:169,0
DA:170,0
DA:171,0
DA:174,0
DA:177,0
DA:185,0
DA:187,0
DA:194,0
DA:196,0
DA:197,0
DA:198,0
DA:201,0
DA:204,0
DA:211,0
DA:215,0
DA:217,0
DA:219,0
DA:221,0
DA:222,0
DA:223,0
DA:233,0
DA:235,0
DA:243,0
DA:244,0
DA:245,0
DA:246,0
DA:247,0
DA:254,0
DA:255,0
DA:257,0
DA:262,0
DA:263,0
DA:267,0
DA:268,0
DA:269,0
DA:270,0
DA:271,0
DA:272,0
DA:273,0
DA:279,0
DA:280,0
DA:282,0
DA:288,0
DA:289,0
DA:290,0
DA:291,0
DA:293,0
DA:295,0
DA:296,0
DA:297,0
DA:300,0
DA:302,0
DA:303,0
DA:307,0
DA:308,0
DA:309,0
DA:313,0
DA:322,0
DA:324,0
DA:326,0
DA:334,0
DA:344,5
LF:108
LH:33
BRDA:13,0,0,1
BRDA:13,0,1,2
BRDA:17,1,0,0
BRDA:17,1,1,1
BRDA:17,2,0,1
BRDA:17,2,1,1
BRDA:24,3,0,0
BRDA:24,3,1,1
BRDA:35,4,0,1
BRDA:35,4,1,1
BRDA:37,5,0,0
BRDA:37,5,1,1
BRDA:46,6,0,5
BRDA:46,6,1,5
BRDA:119,7,0,0
BRDA:169,8,0,0
BRDA:169,8,1,0
BRDA:196,9,0,0
BRDA:196,9,1,0
BRDA:204,10,0,0
BRDA:204,10,1,0
BRDA:204,10,2,0
BRDA:221,11,0,0
BRDA:221,11,1,0
BRDA:221,12,0,0
BRDA:221,12,1,0
BRDA:230,13,0,0
BRDA:230,13,1,0
BRDA:244,14,0,0
BRDA:244,14,1,0
BRDA:244,15,0,0
BRDA:244,15,1,0
BRDA:249,16,0,0
BRDA:249,16,1,0
BRDA:250,17,0,0
BRDA:250,17,1,0
BRDA:270,18,0,0
BRDA:270,18,1,0
BRDA:270,19,0,0
BRDA:270,19,1,0
BRDA:270,19,2,0
BRDA:275,20,0,0
BRDA:275,20,1,0
BRDA:276,21,0,0
BRDA:276,21,1,0
BRDA:288,22,0,0
BRDA:288,22,1,0
BRDA:288,23,0,0
BRDA:288,23,1,0
BRDA:288,23,2,0
BRDA:288,23,3,0
BRDA:295,24,0,0
BRDA:295,24,1,0
BRDA:295,25,0,0
BRDA:295,25,1,0
BRDA:295,25,2,0
BRDA:300,26,0,0
BRDA:300,26,1,0
BRDA:300,27,0,0
BRDA:300,27,1,0
BRDA:300,27,2,0
BRDA:300,27,3,0
BRDA:300,27,4,0
BRDA:307,28,0,0
BRDA:307,28,1,0
BRDA:307,29,0,0
BRDA:307,29,1,0
BRF:67
BRH:11
end_of_record
TN:
SF:utils\rateLimiting.js
FN:41,checkUserRateLimit
FN:77,checkRateLimit
FN:152,rateLimitMiddleware
FN:160,(anonymous_3)
FN:211,getClientIP
FNF:5
FNH:1
FNDA:21,checkUserRateLimit
FNDA:0,checkRateLimit
FNDA:0,rateLimitMiddleware
FNDA:0,(anonymous_3)
FNDA:0,getClientIP
DA:6,6
DA:7,6
DA:9,6
DA:14,6
DA:49,21
DA:50,21
DA:53,21
DA:58,0
DA:59,0
DA:61,0
DA:78,0
DA:79,0
DA:81,0
DA:82,0
DA:84,0
DA:86,0
DA:88,0
DA:94,0
DA:103,0
DA:104,0
DA:107,0
DA:109,0
DA:115,0
DA:125,0
DA:126,0
DA:131,0
DA:133,0
DA:160,0
DA:163,0
DA:164,0
DA:165,0
DA:166,0
DA:169,0
DA:176,0
DA:178,0
DA:188,0
DA:191,0
DA:192,0
DA:193,0
DA:204,0
DA:212,0
DA:218,6
LF:42
LH:8
BRDA:45,0,0,0
BRDA:46,1,0,21
BRDA:47,2,0,21
BRDA:49,3,0,21
BRDA:49,3,1,0
BRDA:86,4,0,0
BRDA:86,4,1,0
BRDA:107,5,0,0
BRDA:107,5,1,0
BRDA:155,6,0,0
BRDA:156,7,0,0
BRDA:157,8,0,0
BRDA:158,9,0,0
BRDA:163,10,0,0
BRDA:163,10,1,0
BRDA:165,11,0,0
BRDA:165,11,1,0
BRDA:165,12,0,0
BRDA:165,12,1,0
BRDA:169,13,0,0
BRDA:169,13,1,0
BRDA:169,13,2,0
BRDA:176,14,0,0
BRDA:176,14,1,0
BRDA:191,15,0,0
BRDA:191,15,1,0
BRDA:212,16,0,0
BRDA:212,16,1,0
BRDA:212,16,2,0
BRDA:212,16,3,0
BRF:30
BRH:3
end_of_record
TN:
SF:utils\retry.js
FN:20,retryOperation
FN:26,(anonymous_1)
FN:64,(anonymous_2)
FN:80,isRetryableError
FN:137,retryApiCall
FN:153,retryFirestoreOperation
FN:158,(anonymous_6)
FNF:7
FNH:2
FNDA:3,retryOperation
FNDA:0,(anonymous_1)
FNDA:0,(anonymous_2)
FNDA:0,isRetryableError
FNDA:3,retryApiCall
FNDA:0,retryFirestoreOperation
FNDA:0,(anonymous_6)
DA:6,7
DA:26,0
DA:28,3
DA:31,3
DA:33,3
DA:34,3
DA:35,3
DA:37,3
DA:38,0
DA:41,3
DA:43,0
DA:46,0
DA:47,0
DA:48,0
DA:52,0
DA:53,0
DA:54,0
DA:58,0
DA:64,0
DA:67,0
DA:72,0
DA:82,0
DA:86,0
DA:90,0
DA:94,0
DA:97,0
DA:102,0
DA:105,0
DA:109,0
DA:111,0
DA:115,0
DA:118,0
DA:122,0
DA:125,0
DA:128,0
DA:138,3
DA:154,0
DA:160,0
DA:169,7
LF:39
LH:10
BRDA:20,0,0,0
BRDA:22,1,0,0
BRDA:23,2,0,0
BRDA:24,3,0,0
BRDA:25,4,0,3
BRDA:26,5,0,0
BRDA:27,6,0,0
BRDA:37,7,0,0
BRDA:37,7,1,3
BRDA:46,8,0,0
BRDA:46,8,1,0
BRDA:52,9,0,0
BRDA:52,9,1,0
BRDA:82,10,0,0
BRDA:82,10,1,0
BRDA:82,11,0,0
BRDA:82,11,1,0
BRDA:82,11,2,0
BRDA:82,11,3,0
BRDA:90,12,0,0
BRDA:90,12,1,0
BRDA:94,13,0,0
BRDA:94,13,1,0
BRDA:94,14,0,0
BRDA:94,14,1,0
BRDA:94,14,2,0
BRDA:94,14,3,0
BRDA:102,15,0,0
BRDA:102,15,1,0
BRDA:102,16,0,0
BRDA:102,16,1,0
BRDA:102,16,2,0
BRDA:109,17,0,0
BRDA:109,17,1,0
BRDA:109,18,0,0
BRDA:109,18,1,0
BRDA:109,18,2,0
BRDA:115,19,0,0
BRDA:115,19,1,0
BRDA:115,20,0,0
BRDA:115,20,1,0
BRDA:115,20,2,0
BRDA:122,21,0,0
BRDA:122,21,1,0
BRDA:122,22,0,0
BRDA:122,22,1,0
BRDA:122,22,2,0
BRDA:137,23,0,0
BRDA:153,24,0,0
BRDA:160,25,0,0
BRDA:160,25,1,0
BRDA:160,25,2,0
BRDA:160,25,3,0
BRF:53
BRH:2
end_of_record
TN:
SF:utils\validation.js
FN:11,requireAuth
FN:21,validateId
FN:38,validatePhoneNumber
FN:52,validateEmail
FN:69,validateLocation
FN:82,validateDuration
FN:98,validateBestieIds
FN:109,(anonymous_7)
FN:126,validateBoolean
FN:136,validateNumber
FN:152,validateEnum
FNF:11
FNH:11
FNDA:79,requireAuth
FNDA:55,validateId
FNDA:17,validatePhoneNumber
FNDA:5,validateEmail
FNDA:15,validateLocation
FNDA:6,validateDuration
FNDA:5,validateBestieIds
FNDA:4,(anonymous_7)
FNDA:14,validateBoolean
FNDA:4,validateNumber
FNDA:13,validateEnum
DA:6,7
DA:12,79
DA:13,8
DA:15,71
DA:22,55
DA:23,10
DA:25,45
DA:26,1
DA:29,44
DA:30,1
DA:32,43
DA:39,17
DA:40,3
DA:43,14
DA:44,1
DA:46,13
DA:53,5
DA:54,1
DA:56,4
DA:57,4
DA:58,3
DA:60,1
DA:61,0
DA:63,1
DA:70,15
DA:71,2
DA:73,13
DA:74,2
DA:76,11
DA:83,6
DA:84,1
DA:86,5
DA:87,2
DA:92,3
DA:99,5
DA:100,1
DA:102,4
DA:103,2
DA:109,2
DA:110,4
DA:111,4
DA:113,0
DA:117,2
DA:118,1
DA:120,1
DA:127,14
DA:128,3
DA:130,11
DA:137,4
DA:138,1
DA:140,3
DA:141,1
DA:143,2
DA:144,1
DA:146,1
DA:153,13
DA:154,2
DA:159,11
DA:162,7
LF:59
LH:57
BRDA:12,0,0,8
BRDA:12,0,1,71
BRDA:12,1,0,79
BRDA:12,1,1,78
BRDA:21,2,0,6
BRDA:21,3,0,55
BRDA:22,4,0,10
BRDA:22,4,1,45
BRDA:22,5,0,55
BRDA:22,5,1,46
BRDA:25,6,0,1
BRDA:25,6,1,44
BRDA:25,7,0,45
BRDA:25,7,1,45
BRDA:29,8,0,1
BRDA:29,8,1,43
BRDA:39,9,0,3
BRDA:39,9,1,14
BRDA:39,10,0,17
BRDA:39,10,1,15
BRDA:43,11,0,1
BRDA:43,11,1,13
BRDA:53,12,0,1
BRDA:53,12,1,4
BRDA:53,13,0,5
BRDA:53,13,1,4
BRDA:57,14,0,3
BRDA:57,14,1,1
BRDA:60,15,0,0
BRDA:60,15,1,1
BRDA:69,16,0,3
BRDA:70,17,0,2
BRDA:70,17,1,13
BRDA:70,18,0,15
BRDA:70,18,1,13
BRDA:73,19,0,2
BRDA:73,19,1,11
BRDA:73,20,0,13
BRDA:73,20,1,13
BRDA:82,21,0,6
BRDA:82,22,0,6
BRDA:83,23,0,1
BRDA:83,23,1,5
BRDA:83,24,0,6
BRDA:83,24,1,5
BRDA:86,25,0,2
BRDA:86,25,1,3
BRDA:86,26,0,5
BRDA:86,26,1,4
BRDA:98,27,0,5
BRDA:98,28,0,5
BRDA:99,29,0,1
BRDA:99,29,1,4
BRDA:102,30,0,2
BRDA:102,30,1,2
BRDA:102,31,0,4
BRDA:102,31,1,3
BRDA:117,32,0,1
BRDA:117,32,1,1
BRDA:126,33,0,4
BRDA:127,34,0,3
BRDA:127,34,1,11
BRDA:136,35,0,1
BRDA:136,36,0,1
BRDA:136,37,0,2
BRDA:137,38,0,1
BRDA:137,38,1,3
BRDA:137,39,0,4
BRDA:137,39,1,3
BRDA:140,40,0,1
BRDA:140,40,1,2
BRDA:140,41,0,3
BRDA:140,41,1,2
BRDA:143,42,0,1
BRDA:143,42,1,1
BRDA:143,43,0,2
BRDA:143,43,1,2
BRDA:152,44,0,2
BRDA:153,45,0,2
BRDA:153,45,1,11
BRF:80
BRH:79
end_of_record
